[Licensing::Module] Trying to connect to existing licensing client channel...
[Licensing::IpcConnector] Successfully connected to the License Client on channel: "LicenseClient-Ella" at "2026-06-19T14:08:27.2414174Z"
[Licensing::Client] Error: Code 10 while verifying Licensing Client signature (process Id: 34584, path: "F:/Unity/UnityLicensingClient_V1/Unity.Licensing.Client.exe")
[Licensing::Module] Error: LicensingClient has failed validation; ignoring
[Licensing::Client] Handshaking with LicensingClient:
  Version:                 1.16.1+e780b2e
  Session Id:              cdff10c758c84c2d8c095d0465666f65
  Correlation Id:          40230870b30851cbd9edd537a3e389a4
  External correlation Id: 4026847853055253630
  Machine Id:              QMrWtx9hVXosAzhclIHeHFJpmiY=
[Licensing::Module] Successfully connected to LicensingClient on channel: "LicenseClient-Ella" (connect: 0.00s, validation: 0.02s, handshake: 0.04s)
[Licensing::IpcConnector] Successfully connected to the License Notification on channel: "LicenseClient-Ella-notifications" at "2026-06-19T14:08:27.3026144Z"
[Licensing::Module] Error: Access token is unavailable; failed to update
[Licensing::Client] Successfully updated license
Built from '2022.3/china_unity/release' branch; Version is '2022.3.50f1c1 (11690e56caf9) revision 1141006'; Using compiler version '192829333'; Build Type 'Release'
OS: 'Windows 11  (10.0.26200) 64bit CoreCountrySpecific' Language: 'zh' Physical Memory: 16108 MB
[Licensing::Client] Successfully resolved entitlement details
[Licensing::Module] Serial number assigned to: "F4-5GR3-KX6Y-SQ3Y-UUUD-XXXX"
BatchMode: 1, IsHumanControllingUs: 0, StartBugReporterOnCrash: 0, Is64bit: 1, IsPro: 0
[Licensing::Client] Successfully resolved entitlement details

COMMAND LINE ARGUMENTS:
F:\2022.3.50f1c1\Editor\Unity.exe
-batchmode
-quit
-projectPath
F:\Porject\TalismanBagBrawl
-executeMethod
TalismanBag.V02.Config.EditorTools.StageConfigPanel01Migration.VerifyBatch
-logFile
F:\Porject\TalismanBagBrawl\stageconfigpanel01_task9_10_regression_task0_5.log
Successfully changed project path to: F:\Porject\TalismanBagBrawl
F:/Porject/TalismanBagBrawl
[UnityMemory] Configuration Parameters - Can be set up in boot.config
    "memorysetup-bucket-allocator-granularity=16"
    "memorysetup-bucket-allocator-bucket-count=8"
    "memorysetup-bucket-allocator-block-size=33554432"
    "memorysetup-bucket-allocator-block-count=8"
    "memorysetup-main-allocator-block-size=16777216"
    "memorysetup-thread-allocator-block-size=16777216"
    "memorysetup-gfx-main-allocator-block-size=16777216"
    "memorysetup-gfx-thread-allocator-block-size=16777216"
    "memorysetup-cache-allocator-block-size=4194304"
    "memorysetup-typetree-allocator-block-size=2097152"
    "memorysetup-profiler-bucket-allocator-granularity=16"
    "memorysetup-profiler-bucket-allocator-bucket-count=8"
    "memorysetup-profiler-bucket-allocator-block-size=33554432"
    "memorysetup-profiler-bucket-allocator-block-count=8"
    "memorysetup-profiler-allocator-block-size=16777216"
    "memorysetup-profiler-editor-allocator-block-size=1048576"
    "memorysetup-temp-allocator-size-main=16777216"
    "memorysetup-job-temp-allocator-block-size=2097152"
    "memorysetup-job-temp-allocator-block-size-background=1048576"
    "memorysetup-job-temp-allocator-reduction-small-platforms=262144"
    "memorysetup-allocator-temp-initial-block-size-main=262144"
    "memorysetup-allocator-temp-initial-block-size-worker=262144"
    "memorysetup-temp-allocator-size-background-worker=32768"
    "memorysetup-temp-allocator-size-job-worker=262144"
    "memorysetup-temp-allocator-size-preload-manager=33554432"
    "memorysetup-temp-allocator-size-nav-mesh-worker=65536"
    "memorysetup-temp-allocator-size-audio-worker=65536"
    "memorysetup-temp-allocator-size-cloud-worker=32768"
    "memorysetup-temp-allocator-size-gi-baking-worker=262144"
    "memorysetup-temp-allocator-size-gfx=262144"
Player connection [12320]  Target information:

Player connection [12320]  * "[IP] 172.21.224.1 [Port] 55504 [Flags] 2 [Guid] 344950629 [EditorId] 344950629 [Version] 1048832 [Id] WindowsEditor(7,AZHONG) [Debug] 1 [PackageName] WindowsEditor [ProjectName] Editor" 

Player connection [12320]  * "[IP] 100.96.94.82 [Port] 55504 [Flags] 2 [Guid] 344950629 [EditorId] 344950629 [Version] 1048832 [Id] WindowsEditor(7,AZHONG) [Debug] 1 [PackageName] WindowsEditor [ProjectName] Editor" 

Player connection [12320]  * "[IP] 172.26.198.132 [Port] 55504 [Flags] 2 [Guid] 344950629 [EditorId] 344950629 [Version] 1048832 [Id] WindowsEditor(7,AZHONG) [Debug] 1 [PackageName] WindowsEditor [ProjectName] Editor" 

Unable to join player connection multicast group (err: 10013).
Player connection [12320] Host joined alternative multi-casting on [225.0.0.222:34997]...
[PhysX] Initialized MultithreadedTaskDispatcher with 20 workers.
[Package Manager] UpmClient::Connect -- Connected to IPC stream "Upm-32944" after 0.3 seconds.
[Package Manager] Restoring resolved packages state from cache
[Licensing::Client] Successfully resolved entitlement details
[Package Manager] Registered 33 packages:
  Built-in packages:
    com.unity.ugui@1.0.0 (location: F:\Porject\TalismanBagBrawl\Library\PackageCache\com.unity.ugui@1.0.0)
    com.unity.modules.ai@1.0.0 (location: F:\Porject\TalismanBagBrawl\Library\PackageCache\com.unity.modules.ai@1.0.0)
    com.unity.modules.androidjni@1.0.0 (location: F:\Porject\TalismanBagBrawl\Library\PackageCache\com.unity.modules.androidjni@1.0.0)
    com.unity.modules.animation@1.0.0 (location: F:\Porject\TalismanBagBrawl\Library\PackageCache\com.unity.modules.animation@1.0.0)
    com.unity.modules.assetbundle@1.0.0 (location: F:\Porject\TalismanBagBrawl\Library\PackageCache\com.unity.modules.assetbundle@1.0.0)
    com.unity.modules.audio@1.0.0 (location: F:\Porject\TalismanBagBrawl\Library\PackageCache\com.unity.modules.audio@1.0.0)
    com.unity.modules.cloth@1.0.0 (location: F:\Porject\TalismanBagBrawl\Library\PackageCache\com.unity.modules.cloth@1.0.0)
    com.unity.modules.director@1.0.0 (location: F:\Porject\TalismanBagBrawl\Library\PackageCache\com.unity.modules.director@1.0.0)
    com.unity.modules.imageconversion@1.0.0 (location: F:\Porject\TalismanBagBrawl\Library\PackageCache\com.unity.modules.imageconversion@1.0.0)
    com.unity.modules.imgui@1.0.0 (location: F:\Porject\TalismanBagBrawl\Library\PackageCache\com.unity.modules.imgui@1.0.0)
    com.unity.modules.jsonserialize@1.0.0 (location: F:\Porject\TalismanBagBrawl\Library\PackageCache\com.unity.modules.jsonserialize@1.0.0)
    com.unity.modules.particlesystem@1.0.0 (location: F:\Porject\TalismanBagBrawl\Library\PackageCache\com.unity.modules.particlesystem@1.0.0)
    com.unity.modules.physics@1.0.0 (location: F:\Porject\TalismanBagBrawl\Library\PackageCache\com.unity.modules.physics@1.0.0)
    com.unity.modules.physics2d@1.0.0 (location: F:\Porject\TalismanBagBrawl\Library\PackageCache\com.unity.modules.physics2d@1.0.0)
    com.unity.modules.screencapture@1.0.0 (location: F:\Porject\TalismanBagBrawl\Library\PackageCache\com.unity.modules.screencapture@1.0.0)
    com.unity.modules.terrain@1.0.0 (location: F:\Porject\TalismanBagBrawl\Library\PackageCache\com.unity.modules.terrain@1.0.0)
    com.unity.modules.terrainphysics@1.0.0 (location: F:\Porject\TalismanBagBrawl\Library\PackageCache\com.unity.modules.terrainphysics@1.0.0)
    com.unity.modules.tilemap@1.0.0 (location: F:\Porject\TalismanBagBrawl\Library\PackageCache\com.unity.modules.tilemap@1.0.0)
    com.unity.modules.ui@1.0.0 (location: F:\Porject\TalismanBagBrawl\Library\PackageCache\com.unity.modules.ui@1.0.0)
    com.unity.modules.uielements@1.0.0 (location: F:\Porject\TalismanBagBrawl\Library\PackageCache\com.unity.modules.uielements@1.0.0)
    com.unity.modules.umbra@1.0.0 (location: F:\Porject\TalismanBagBrawl\Library\PackageCache\com.unity.modules.umbra@1.0.0)
    com.unity.modules.unityanalytics@1.0.0 (location: F:\Porject\TalismanBagBrawl\Library\PackageCache\com.unity.modules.unityanalytics@1.0.0)
    com.unity.modules.unitywebrequest@1.0.0 (location: F:\Porject\TalismanBagBrawl\Library\PackageCache\com.unity.modules.unitywebrequest@1.0.0)
    com.unity.modules.unitywebrequestassetbundle@1.0.0 (location: F:\Porject\TalismanBagBrawl\Library\PackageCache\com.unity.modules.unitywebrequestassetbundle@1.0.0)
    com.unity.modules.unitywebrequestaudio@1.0.0 (location: F:\Porject\TalismanBagBrawl\Library\PackageCache\com.unity.modules.unitywebrequestaudio@1.0.0)
    com.unity.modules.unitywebrequesttexture@1.0.0 (location: F:\Porject\TalismanBagBrawl\Library\PackageCache\com.unity.modules.unitywebrequesttexture@1.0.0)
    com.unity.modules.unitywebrequestwww@1.0.0 (location: F:\Porject\TalismanBagBrawl\Library\PackageCache\com.unity.modules.unitywebrequestwww@1.0.0)
    com.unity.modules.vehicles@1.0.0 (location: F:\Porject\TalismanBagBrawl\Library\PackageCache\com.unity.modules.vehicles@1.0.0)
    com.unity.modules.video@1.0.0 (location: F:\Porject\TalismanBagBrawl\Library\PackageCache\com.unity.modules.video@1.0.0)
    com.unity.modules.vr@1.0.0 (location: F:\Porject\TalismanBagBrawl\Library\PackageCache\com.unity.modules.vr@1.0.0)
    com.unity.modules.wind@1.0.0 (location: F:\Porject\TalismanBagBrawl\Library\PackageCache\com.unity.modules.wind@1.0.0)
    com.unity.modules.xr@1.0.0 (location: F:\Porject\TalismanBagBrawl\Library\PackageCache\com.unity.modules.xr@1.0.0)
    com.unity.modules.subsystems@1.0.0 (location: F:\Porject\TalismanBagBrawl\Library\PackageCache\com.unity.modules.subsystems@1.0.0)
[Subsystems] No new subsystems found in resolved package list.
Package Manager log level set to [2]
[Package Manager] Done registering packages in 0.11 seconds
Refreshing native plugins compatible for Editor in 0.00 ms, found 0 plugins.
Preloading 0 native plugins for Editor in 0.00 ms.
Initialize engine version: 2022.3.50f1c1 (11690e56caf9)
[Subsystems] Discovering subsystems at path F:/2022.3.50f1c1/Editor/Data/Resources/UnitySubsystems
[Subsystems] Discovering subsystems at path F:/Porject/TalismanBagBrawl/Assets
GfxDevice: creating device client; threaded=0; jobified=0
Direct3D:
    Version:  Direct3D 11.0 [level 11.1]
    Renderer: NVIDIA GeForce RTX 3060 Laptop GPU (ID=0x2560)
    Vendor:   NVIDIA
    VRAM:     5994 MB
    Driver:   32.0.15.9174
[Licensing::Client] Successfully resolved entitlement details
Initialize mono
Mono path[0] = 'F:/2022.3.50f1c1/Editor/Data/Managed'
Mono path[1] = 'F:/2022.3.50f1c1/Editor/Data/MonoBleedingEdge/lib/mono/unityjit-win32'
Mono config path = 'F:/2022.3.50f1c1/Editor/Data/MonoBleedingEdge/etc'
Using monoOptions --debugger-agent=transport=dt_socket,embedding=1,server=y,suspend=n,address=127.0.0.1:56944
Using cacheserver namespaces - metadata:defaultmetadata, artifacts:defaultartifacts
Using cacheserver namespaces - metadata:defaultmetadata, artifacts:defaultartifacts
ImportWorker Server TCP listen port: 0
Begin MonoManager ReloadAssembly
Registering precompiled unity dll's ...
Register platform support module: F:/2022.3.50f1c1/Editor/Data/PlaybackEngines/WebGLSupport/UnityEditor.WebGL.Extensions.dll
[Licensing::Client] Successfully resolved entitlement details
Register platform support module: F:/2022.3.50f1c1/Editor/Data/PlaybackEngines/AndroidPlayer/UnityEditor.Android.Extensions.dll
[Licensing::Client] Successfully resolved entitlement details
Register platform support module: F:/2022.3.50f1c1/Editor/Data/PlaybackEngines/iOSSupport/UnityEditor.iOS.Extensions.dll
Register platform support module: F:/2022.3.50f1c1/Editor/Data/PlaybackEngines/WindowsStandaloneSupport/UnityEditor.WindowsStandalone.Extensions.dll
Registered in 0.039530 seconds.
- Loaded All Assemblies, in  0.327 seconds
Native extension for WindowsStandalone target not found
Native extension for iOS target not found
Native extension for Android target not found
Android Extension - Scanning For ADB Devices 2303 ms
Native extension for WebGL target not found
Mono: successfully reloaded assembly
- Finished resetting the current domain, in  2.535 seconds
Domain Reload Profiling: 2857ms
	BeginReloadAssembly (88ms)
		ExecutionOrderSort (0ms)
		DisableScriptedObjects (0ms)
		BackupInstance (0ms)
		ReleaseScriptingObjects (0ms)
		CreateAndSetChildDomain (1ms)
	RebuildCommonClasses (24ms)
	RebuildNativeTypeToScriptingClass (8ms)
	initialDomainReloadingComplete (86ms)
	LoadAllAssembliesAndSetupDomain (116ms)
		LoadAssemblies (85ms)
		RebuildTransferFunctionScriptingTraits (0ms)
		AnalyzeDomain (114ms)
			TypeCache.Refresh (112ms)
				TypeCache.ScanAssembly (101ms)
			ScanForSourceGeneratedMonoScriptInfo (0ms)
			ResolveRequiredComponents (0ms)
	FinalizeReload (2535ms)
		ReleaseScriptCaches (0ms)
		RebuildScriptCaches (0ms)
		SetupLoadedEditorAssemblies (2501ms)
			LogAssemblyErrors (0ms)
			InitializePlatformSupportModulesInManaged (2379ms)
			SetLoadedEditorAssemblies (3ms)
			RefreshPlugins (0ms)
			BeforeProcessingInitializeOnLoad (1ms)
			ProcessInitializeOnLoadAttributes (83ms)
			ProcessInitializeOnLoadMethodAttributes (34ms)
			AfterProcessingInitializeOnLoad (0ms)
			EditorAssembliesLoaded (0ms)
		ExecutionOrderSort2 (0ms)
		AwakeInstancesAfterBackupRestoration (0ms)
[Licensing::Client] Successfully resolved entitlement details
Application.AssetDatabase Initial Refresh Start
Starting: F:\2022.3.50f1c1\Editor\Data\bee_backend.exe --dont-print-to-structured-log --ipc --defer-dag-verification --dagfile="Library/Bee/1900b0aE.dag" --continue-on-failure --profile="Library/Bee/backend1.traceevents" ScriptAssemblies
WorkingDir: F:/Porject/TalismanBagBrawl
DisplayProgressbar: Compiling Scripts
ExitCode: 0 Duration: 0s67ms
*** Tundra build success (0.03 seconds), 0 items updated, 129 evaluated
AssetDatabase: script compilation time: 0.463795s
Begin MonoManager ReloadAssembly
- Loaded All Assemblies, in  0.201 seconds
Refreshing native plugins compatible for Editor in 0.00 ms, found 0 plugins.
Preloading 0 native plugins for Editor in 0.00 ms.
Refreshing native plugins compatible for Editor in 0.00 ms, found 0 plugins.
Native extension for WindowsStandalone target not found
Native extension for iOS target not found
Native extension for Android target not found
Native extension for WebGL target not found
Mono: successfully reloaded assembly
- Finished resetting the current domain, in  0.266 seconds
Domain Reload Profiling: 463ms
	BeginReloadAssembly (116ms)
		ExecutionOrderSort (0ms)
		DisableScriptedObjects (3ms)
		BackupInstance (0ms)
		ReleaseScriptingObjects (0ms)
		CreateAndSetChildDomain (18ms)
	RebuildCommonClasses (23ms)
	RebuildNativeTypeToScriptingClass (7ms)
	initialDomainReloadingComplete (22ms)
	LoadAllAssembliesAndSetupDomain (28ms)
		LoadAssemblies (76ms)
		RebuildTransferFunctionScriptingTraits (0ms)
		AnalyzeDomain (22ms)
			TypeCache.Refresh (18ms)
				TypeCache.ScanAssembly (10ms)
			ScanForSourceGeneratedMonoScriptInfo (1ms)
			ResolveRequiredComponents (2ms)
	FinalizeReload (266ms)
		ReleaseScriptCaches (0ms)
		RebuildScriptCaches (0ms)
		SetupLoadedEditorAssemblies (182ms)
			LogAssemblyErrors (0ms)
			InitializePlatformSupportModulesInManaged (27ms)
			SetLoadedEditorAssemblies (3ms)
			RefreshPlugins (0ms)
			BeforeProcessingInitializeOnLoad (31ms)
			ProcessInitializeOnLoadAttributes (98ms)
			ProcessInitializeOnLoadMethodAttributes (14ms)
			AfterProcessingInitializeOnLoad (9ms)
			EditorAssembliesLoaded (0ms)
		ExecutionOrderSort2 (0ms)
		AwakeInstancesAfterBackupRestoration (6ms)
Asset Pipeline Refresh (id=5ac4648d2d5ec7445b54a103397907ab): Total: 1.175 seconds - Initiated by InitialRefreshV2(ForceSynchronousImport)
	Summary:
		Imports: total=0 (actual=0, local cache=0, cache server=0)
		Asset DB Process Time: managed=0 ms, native=201 ms
		Asset DB Callback time: managed=10 ms, native=1 ms
		Scripting: domain reloads=1, domain reload time=488 ms, compile time=464 ms, other=10 ms
		Project Asset Count: scripts=597, non-scripts=171
		Asset File Changes: new=0, changed=0, moved=0, deleted=0
		Scan Filter Count: 0
	InvokeBeforeRefreshCallbacks: 1.199ms
	ApplyChangesToAssetFolders: 0.030ms
	Scan: 23.956ms
	OnSourceAssetsModified: 0.001ms
	GetAllGuidsForCategorization: 0.073ms
	CategorizeAssets: 6.226ms
	ImportOutOfDateAssets: 269.795ms (-196.655ms without children)
		CompileScripts: 463.897ms
		ReloadNativeAssets: 0.000ms
		UnloadImportedAssets: 2.199ms
		EnsureUptoDateAssetsAreRegisteredWithGuidPM: 0.128ms
		InitializingProgressBar: 0.000ms
		PostProcessAllAssetNotificationsAddChangedAssets: 0.000ms
		OnDemandSchedulerStart: 0.225ms
	PostProcessAllAssets: 10.205ms
	GatherAllCurrentPrimaryArtifactRevisions: 0.000ms
	UnloadStreamsBegin: 0.245ms
	PersistCurrentRevisions: 0.026ms
	UnloadStreamsEnd: 0.003ms
	GenerateScriptTypeHashes: 0.433ms
	Untracked: 863.107ms
Application.AssetDatabase Initial Refresh End
Launched and connected shader compiler UnityShaderCompiler.exe after 0.04 seconds
Scanning for USB devices : 0.644ms
Initializing Unity extensions:
[Licensing::Client] Successfully resolved entitlement details
[MODES] ModeService[none].Initialize
[MODES] ModeService[none].LoadModes
[MODES] Loading mode Default (0) for mode-current-id-TalismanBagPrototype
[PhysX] Initialized MultithreadedTaskDispatcher with 20 workers.
ProgressiveSceneManager::Cancel()
Unloading 3 Unused Serialized files (Serialized files now loaded: 0)
Unloading 14 unused Assets / (469.8 KB). Loaded Objects now: 904.
Memory consumption went from 84.7 MB to 84.3 MB.
Total: 2.290800 ms (FindLiveObjects: 0.049200 ms CreateObjectMapping: 0.012900 ms MarkObjects: 2.071300 ms  DeleteObjects: 0.156900 ms)

[StageConfigPanel01] SMOKE_SUCCESS stages=20, validation=15
UnityEngine.StackTraceUtility:ExtractStackTrace ()
UnityEngine.DebugLogHandler:LogFormat (UnityEngine.LogType,UnityEngine.Object,string,object[])
UnityEngine.Logger:Log (UnityEngine.LogType,object)
UnityEngine.Debug:Log (object)
TalismanBag.V02.Config.EditorTools.StageConfigPanel01Migration:VerifyBatch () (at Assets/_Game/Scripts/TalismanBag/V02/Config/Editor/StageConfigPanel01Migration.cs:73)

(Filename: Assets/_Game/Scripts/TalismanBag/V02/Config/Editor/StageConfigPanel01Migration.cs Line: 73)

Batchmode quit successfully invoked - shutting down!
Curl error 42: Callback aborted
Killing ADB server in 0.0539887 seconds.
[PhysX] Initialized MultithreadedTaskDispatcher with 20 workers.
[Licensing::IpcConnector] License Notification channel disconnected successfully.
[Licensing::IpcConnector] License Client channel disconnected successfully.
Cleanup mono
[Performance] WinEditorMain                                                                                                  :        1 samples, Peak.  1.89 s (1.0x), Avg.  1.89 s, Total. 1.891 s (20.5%)
[Performance] WinEditorMain.ConfigureCrashHandler                                                                            :        1 samples, Peak.  23.9 us (1.0x), Avg.  23.9 us, Total. 23.90 us (0.0%)
[Performance] WinEditorMain.CurlRequestInitialize                                                                            :        1 samples, Peak.   720 us (1.0x), Avg.   720 us, Total. 719.6 us (0.0%)
[Performance] WinEditorMain.SetupLogFile                                                                                     :        1 samples, Peak.   403 us (1.0x), Avg.   403 us, Total. 403.3 us (0.0%)
[Performance] WinEditorMain.RunNativeTestsIfRequiredAndExit                                                                  :        1 samples, Peak.   100 ns (1.0x), Avg.   100 ns, Total. 100.0 ns (0.0%)
[Performance] WinEditorMain.Licensing                                                                                        :        1 samples, Peak.  1.87 s (1.0x), Avg.  1.87 s, Total. 1.872 s (20.3%)
[Performance] WinEditorMain.InitializeCrashHandler                                                                           :        1 samples, Peak.  13.8 ms (1.0x), Avg.  13.8 ms, Total. 13.79 ms (0.1%)
[Performance] WinEditorMain.CreateApplication                                                                                :        1 samples, Peak.   422 us (1.0x), Avg.   422 us, Total. 422.5 us (0.0%)
[Performance] Application.InitializeProject                                                                                  :        1 samples, Peak.  6.74 s (1.0x), Avg.  6.74 s, Total. 6.744 s (73.0%)
[Performance] Application.PackageManager.StartServer                                                                         :        1 samples, Peak.  5.08 ms (1.0x), Avg.  5.08 ms, Total. 5.077 ms (0.1%)
[Performance] Application.AcquireProjectLock                                                                                 :        1 samples, Peak.  8.60 ms (1.0x), Avg.  8.60 ms, Total. 8.604 ms (0.1%)
[Performance] Application.InitializeEngineNoGraphics                                                                         :        1 samples, Peak.  61.7 ms (1.0x), Avg.  61.7 ms, Total. 61.72 ms (0.7%)
[Performance] Application.PackageManager.Initialize                                                                          :        1 samples, Peak.   310 ms (1.0x), Avg.   310 ms, Total. 310.2 ms (3.4%)
[Performance] Connecting to Package Manager                                                                                  :       32 samples, Peak.  91.4 us (20.7x), Avg.  4.41 us, Total. 141.2 us (0.0%)
[Performance] Application.EngineGraphics.Initialize                                                                          :        1 samples, Peak.  1.43 s (1.0x), Avg.  1.43 s, Total. 1.426 s (15.4%)
[Performance] Application.GI.Initialize                                                                                      :        1 samples, Peak.  4.13 ms (1.0x), Avg.  4.13 ms, Total. 4.130 ms (0.0%)
[Performance] Application.LoadAllDefaultResourcesFromEditor                                                                  :        1 samples, Peak.  1.62 ms (1.0x), Avg.  1.62 ms, Total. 1.622 ms (0.0%)
[Performance] Application.LoadMonoAssemblies                                                                                 :        1 samples, Peak.  2.88 s (1.0x), Avg.  2.88 s, Total. 2.877 s (31.1%)
[Performance] RestoreManagedReferences                                                                                       :        2 samples, Peak.  35.3 ms (2.0x), Avg.  17.6 ms, Total. 35.27 ms (0.4%)
[Performance] InitializeOnLoad PlayModeDownload                                                                              :        2 samples, Peak.  3.10 ms (1.6x), Avg.  1.97 ms, Total. 3.937 ms (0.0%)
[Performance] InitializeOnLoad DrivenRectTransformUndo                                                                       :        2 samples, Peak.   183 us (1.1x), Avg.   174 us, Total. 347.1 us (0.0%)
[Performance] InitializeOnLoad NativeFormatImporterUtility                                                                   :        2 samples, Peak.  1.78 ms (1.1x), Avg.  1.59 ms, Total. 3.176 ms (0.0%)
[Performance] InitializeOnLoad ProjectSearch                                                                                 :        2 samples, Peak.   105 us (1.1x), Avg.  94.1 us, Total. 188.2 us (0.0%)
[Performance] InitializeOnLoad UnityConnect                                                                                  :        2 samples, Peak.  35.1 us (1.0x), Avg.  35.0 us, Total. 70.00 us (0.0%)
[Performance] InitializeOnLoad PrefabInstanceChangedListener                                                                 :        2 samples, Peak.  97.9 us (1.0x), Avg.  94.8 us, Total. 189.5 us (0.0%)
[Performance] InitializeOnLoad MenuItems                                                                                     :        2 samples, Peak.   206 us (1.0x), Avg.   198 us, Total. 396.1 us (0.0%)
[Performance] InitializeOnLoad SettingsService                                                                               :        2 samples, Peak.  8.20 us (1.3x), Avg.  6.55 us, Total. 13.10 us (0.0%)
[Performance] InitializeOnLoad CloudBuild                                                                                    :        2 samples, Peak.  2.50 us (1.2x), Avg.  2.10 us, Total. 4.200 us (0.0%)
[Performance] InitializeOnLoad WindowLayout                                                                                  :        2 samples, Peak.  26.6 us (1.0x), Avg.  25.3 us, Total. 50.70 us (0.0%)
[Performance] InitializeOnLoad AssetStoreContext                                                                             :        2 samples, Peak.  18.6 ms (1.7x), Avg.  10.8 ms, Total. 21.54 ms (0.2%)
[Performance] InitializeOnLoad MixerEffectDefinitionReloader                                                                 :        2 samples, Peak.  2.70 ms (1.4x), Avg.  1.99 ms, Total. 3.979 ms (0.0%)
[Performance] InitializeOnLoad ObjectSelectorSearch                                                                          :        2 samples, Peak.  49.2 us (1.0x), Avg.  48.5 us, Total. 96.90 us (0.0%)
[Performance] InitializeOnLoad ManagedDebugger                                                                               :        2 samples, Peak.   478 us (1.1x), Avg.   455 us, Total. 910.9 us (0.0%)
[Performance] InitializeOnLoad EditMode                                                                                      :        2 samples, Peak.   324 us (1.1x), Avg.   291 us, Total. 582.7 us (0.0%)
[Performance] InitializeOnLoad ShortcutIntegration                                                                           :        2 samples, Peak.  46.7 us (1.1x), Avg.  43.0 us, Total. 86.00 us (0.0%)
[Performance] InitializeOnLoad SceneSearch                                                                                   :        2 samples, Peak.  36.3 us (1.1x), Avg.  32.2 us, Total. 64.50 us (0.0%)
[Performance] InitializeOnLoad ManagedDebuggerWindow                                                                         :        2 samples, Peak.  93.5 us (1.1x), Avg.  86.9 us, Total. 173.7 us (0.0%)
[Performance] InitializeOnLoad CacheServerWindow                                                                             :        2 samples, Peak.  7.40 us (1.2x), Avg.  6.35 us, Total. 12.70 us (0.0%)
[Performance] InitializeOnLoad SearchService                                                                                 :        2 samples, Peak.  92.2 us (1.1x), Avg.  82.8 us, Total. 165.7 us (0.0%)
[Performance] InitializeOnLoad AddComponentWindow                                                                            :        2 samples, Peak.  71.2 us (1.0x), Avg.  70.7 us, Total. 141.3 us (0.0%)
[Performance] InitializeOnLoad UISystemProfilerRenderService                                                                 :        2 samples, Peak.  6.00 us (1.1x), Avg.  5.55 us, Total. 11.10 us (0.0%)
[Performance] InitializeOnLoad EditorMonitor                                                                                 :        2 samples, Peak.   625 us (1.3x), Avg.   475 us, Total. 949.9 us (0.0%)
[Performance] InitializeOnLoad RetainedMode                                                                                  :        2 samples, Peak.  2.30 ms (1.2x), Avg.  1.98 ms, Total. 3.963 ms (0.0%)
[Performance] InitializeOnLoad EditorShaderLoader                                                                            :        2 samples, Peak.   479 us (1.0x), Avg.   476 us, Total. 951.6 us (0.0%)
[Performance] InitializeOnLoad EditorDelegateRegistration                                                                    :        2 samples, Peak.   369 us (1.1x), Avg.   335 us, Total. 669.3 us (0.0%)
[Performance] InitializeOnLoad UIDocumentHierarchyWatcher                                                                    :        2 samples, Peak.  55.0 us (1.0x), Avg.  53.7 us, Total. 107.4 us (0.0%)
[Performance] InitializeOnLoad LiveReloadTrackerCreator                                                                      :        2 samples, Peak.   178 us (1.3x), Avg.   134 us, Total. 268.9 us (0.0%)
[Performance] InitializeOnLoad UxmlObjectEditorFactories                                                                     :        2 samples, Peak.   425 us (1.1x), Avg.   380 us, Total. 760.4 us (0.0%)
[Performance] InitializeOnLoad UXMLEditorFactories                                                                           :        2 samples, Peak.  43.1 ms (1.0x), Avg.  42.7 ms, Total. 85.32 ms (0.9%)
[Performance] InitializeOnLoad PurchasingService                                                                             :        2 samples, Peak.  7.53 ms (1.2x), Avg.  6.37 ms, Total. 12.74 ms (0.1%)
[Performance] InitializeOnLoad CloudBuildPoller                                                                              :        2 samples, Peak.  90.6 us (1.1x), Avg.  82.8 us, Total. 165.6 us (0.0%)
[Performance] InitializeOnLoad EditorGameServicesAnalytics                                                                   :        2 samples, Peak.  1.18 ms (1.2x), Avg.   974 us, Total. 1.948 ms (0.0%)
[Performance] InitializeOnLoad AnalyticsService                                                                              :        2 samples, Peak.   146 us (1.0x), Avg.   140 us, Total. 280.6 us (0.0%)
[Performance] InitializeOnLoad BuildService                                                                                  :        2 samples, Peak.   118 us (1.1x), Avg.   112 us, Total. 224.6 us (0.0%)
[Performance] InitializeOnLoad AdsService                                                                                    :        2 samples, Peak.   279 us (1.0x), Avg.   269 us, Total. 538.9 us (0.0%)
[Performance] InitializeOnLoad UDPService                                                                                    :        2 samples, Peak.   106 us (1.0x), Avg.   103 us, Total. 205.5 us (0.0%)
[Performance] InitializeOnLoad CrashService                                                                                  :        2 samples, Peak.  95.8 us (1.1x), Avg.  90.7 us, Total. 181.4 us (0.0%)
[Performance] InitializeOnLoad ServicesRepository                                                                            :        2 samples, Peak.   400 ns (1.1x), Avg.   350 ns, Total. 700.0 ns (0.0%)
[Performance] InitializeOnLoad SearchWindow                                                                                  :        2 samples, Peak.  89.3 us (1.1x), Avg.  83.7 us, Total. 167.5 us (0.0%)
[Performance] InitializeOnLoad CustomIndexers                                                                                :        2 samples, Peak.  12.8 ms (1.0x), Avg.  12.5 ms, Total. 25.02 ms (0.3%)
[Performance] InitializeOnLoad SearchMonitor                                                                                 :        2 samples, Peak.   775 us (1.0x), Avg.   744 us, Total. 1.488 ms (0.0%)
[Performance] InitializeOnLoad ParameterControllerEditor                                                                     :        2 samples, Peak.  17.3 us (1.2x), Avg.  15.0 us, Total. 29.90 us (0.0%)
[Performance] InitializeOnLoad LayerSettingsWindow                                                                           :        2 samples, Peak.  16.8 us (1.6x), Avg.  10.4 us, Total. 20.80 us (0.0%)
[Performance] InitializeOnLoad PackageManagerHookGUIDConverter.RegisterPackagesEventHandler                                  :        2 samples, Peak.   701 us (1.7x), Avg.   407 us, Total. 814.7 us (0.0%)
[Performance] InitializeOnLoad EditorDragAndDrop.RegisterEditorClient                                                        :        2 samples, Peak.   170 us (1.0x), Avg.   166 us, Total. 332.3 us (0.0%)
[Performance] InitializeOnLoad EditorEventCallbacks.InitializeFontAssetResourceChangeCallBacks                               :        2 samples, Peak.   995 us (1.1x), Avg.   938 us, Total. 1.877 ms (0.0%)
[Performance] InitializeOnLoad SceneTemplateService.Init                                                                     :        2 samples, Peak.  1.48 ms (1.3x), Avg.  1.13 ms, Total. 2.264 ms (0.0%)
[Performance] InitializeOnLoad DiagnosticSwitchesConsoleMessage.Init                                                         :        2 samples, Peak.  5.88 ms (1.8x), Avg.  3.35 ms, Total. 6.709 ms (0.1%)
[Performance] InitializeOnLoad RectSelection.RegisterShortcutContext                                                         :        2 samples, Peak.   164 us (1.0x), Avg.   164 us, Total. 328.6 us (0.0%)
[Performance] InitializeOnLoad SysrootManager.Initialize                                                                     :        2 samples, Peak.  11.3 us (1.1x), Avg.  10.2 us, Total. 20.40 us (0.0%)
[Performance] InitializeOnLoad SceneVisibilityManager.Initialize                                                             :        2 samples, Peak.  2.47 ms (1.6x), Avg.  1.56 ms, Total. 3.117 ms (0.0%)
[Performance] InitializeOnLoad AssetPostprocessingInternal.RefreshCustomDependencies                                         :        2 samples, Peak.  2.29 ms (1.1x), Avg.  2.07 ms, Total. 4.142 ms (0.0%)
[Performance] InitializeOnLoad MemoryProfilerCompilationGuard.InjectCompileGuard                                             :        2 samples, Peak.   113 us (1.0x), Avg.   112 us, Total. 223.5 us (0.0%)
[Performance] InitializeOnLoad SceneViewMotion.RegisterShortcutContexts                                                      :        2 samples, Peak.   104 us (1.1x), Avg.  98.8 us, Total. 197.6 us (0.0%)
[Performance] InitializeOnLoad EditorWindow.Initialize                                                                       :        2 samples, Peak.   145 us (1.0x), Avg.   144 us, Total. 287.1 us (0.0%)
[Performance] InitializeOnLoad ScopedRegistryAddedPopup.SubscribeToRegistriesAdded                                           :        2 samples, Peak.  19.1 ms (1.5x), Avg.  12.5 ms, Total. 24.96 ms (0.3%)
[Performance] InitializeOnLoad ToolShortcutContext.Init                                                                      :        2 samples, Peak.   103 us (1.0x), Avg.   102 us, Total. 203.3 us (0.0%)
[Performance] InitializeOnLoad PackageManagerWindow.EditorInitializedInSafeMode                                              :        2 samples, Peak.   139 us (1.1x), Avg.   130 us, Total. 260.6 us (0.0%)
[Performance] AssemblyReloadEvents.afterAssemblyReload: UnityEditor.SceneTemplate.SceneTemplateService.AfterAssemblyReload   :        2 samples, Peak.  3.20 ms (1.9x), Avg.  1.71 ms, Total. 3.424 ms (0.0%)
[Performance] ProcessService.EditorAfterLoadAllAssemblies                                                                    :        2 samples, Peak.   256 us (1.2x), Avg.   221 us, Total. 441.8 us (0.0%)
[Performance] Application.ReadLicenseInfo                                                                                    :        1 samples, Peak.  14.0 ms (1.0x), Avg.  14.0 ms, Total. 14.04 ms (0.2%)
[Performance] Application.InitialRefresh                                                                                     :        1 samples, Peak.  1.18 s (1.0x), Avg.  1.18 s, Total. 1.176 s (12.7%)
[Performance] Compiling Scripts                                                                                              :        1 samples, Peak.   464 ms (1.0x), Avg.   464 ms, Total. 463.9 ms (5.0%)
[Performance] AssemblyReloadEvents.beforeAssemblyReload: UnityEditor.SceneTemplate.SceneTemplateService.BeforeAssemblyReload :        1 samples, Peak.   490 us (1.0x), Avg.   490 us, Total. 490.4 us (0.0%)
[Performance] InitializeOnLoad PrefabLayoutRebuilder                                                                         :        1 samples, Peak.   200 us (1.0x), Avg.   200 us, Total. 200.1 us (0.0%)
[Performance] InitializeOnLoad MobilePortraitLayoutRuntimeFix.ApplyInEditorAfterScriptsReload                                :        1 samples, Peak.   647 us (1.0x), Avg.   647 us, Total. 646.7 us (0.0%)
[Performance] DidReloadScriptsAdvancedDropdownWindow.OnScriptReload                                                          :        1 samples, Peak.   260 us (1.0x), Avg.   260 us, Total. 260.4 us (0.0%)
[Performance] SyncVS.PostprocessSyncProject                                                                                  :        1 samples, Peak.  1.00 ms (1.0x), Avg.  1.00 ms, Total. 1.004 ms (0.0%)
[Performance] Application.ImportPackagesAndSetTemplateWhenCreatingProject                                                    :        1 samples, Peak.  10.6 ms (1.0x), Avg.  10.6 ms, Total. 10.56 ms (0.1%)
[Performance] Application.SyncCurrentColorSpace                                                                              :        1 samples, Peak.  75.0 ms (1.0x), Avg.  75.0 ms, Total. 75.01 ms (0.8%)
[Performance] Application.OnUsbDevicesChanged                                                                                :        1 samples, Peak.   702 us (1.0x), Avg.   702 us, Total. 701.7 us (0.0%)
[Performance] Application.AssetInstanceCacheUpdate                                                                           :        1 samples, Peak. 100.0 ns (1.0x), Avg. 100.0 ns, Total. 100.00 ns (0.0%)
[Performance] Application.UnityExtensions.Initialize                                                                         :        1 samples, Peak.   599 us (1.0x), Avg.   599 us, Total. 598.7 us (0.0%)
[Performance] CodeEditorProjectSync.SyncEditorProject                                                                        :        1 samples, Peak.  99.5 us (1.0x), Avg.  99.5 us, Total. 99.50 us (0.0%)
[Performance] Application.ExecuteStartups                                                                                    :        1 samples, Peak.  48.1 ms (1.0x), Avg.  48.1 ms, Total. 48.11 ms (0.5%)
[Performance] Menu.RegisterMenuInterface                                                                                     :       26 samples, Peak.   600 ns (4.3x), Avg.   138 ns, Total. 3.600 us (0.0%)
[Performance] Gizmo.RebuildRenderers                                                                                         :        1 samples, Peak.  47.9 ms (1.0x), Avg.  47.9 ms, Total. 47.93 ms (0.5%)
[Performance] Gizmo.AddGizmoRenderers                                                                                        :       30 samples, Peak.  1.47 ms (21.3x), Avg.  68.9 us, Total. 2.066 ms (0.0%)
[Performance] Application.editorInitializingProject                                                                          :        1 samples, Peak.   381 ms (1.0x), Avg.   381 ms, Total. 380.8 ms (4.1%)
[Performance] Application.InitializeMenu                                                                                     :        1 samples, Peak.  35.0 ms (1.0x), Avg.  35.0 ms, Total. 35.02 ms (0.4%)
[Performance] Menu.RebuildAll                                                                                                :        1 samples, Peak.  35.0 ms (1.0x), Avg.  35.0 ms, Total. 35.01 ms (0.4%)
[Performance] Menu.BuildRegisteredMenuInterfaces                                                                             :        1 samples, Peak.  33.3 ms (1.0x), Avg.  33.3 ms, Total. 33.32 ms (0.4%)
[Performance] Menu.FilterMenuItem                                                                                            :      601 samples, Peak.  13.3 ms (593.8x), Avg.  22.4 us, Total. 13.44 ms (0.1%)
[Performance] UpdateAllMenus                                                                                                 :        1 samples, Peak.   451 us (1.0x), Avg.   451 us, Total. 450.6 us (0.0%)
[Performance] Menu.RebuildOSMainMenu                                                                                         :        1 samples, Peak.  1.07 ms (1.0x), Avg.  1.07 ms, Total. 1.069 ms (0.0%)
[Performance] EditorSceneManager.sceneClosing: UnityEditor.SceneVisibilityManager.EditorSceneManagerOnSceneClosing           :        1 samples, Peak.   209 us (1.0x), Avg.   209 us, Total. 208.8 us (0.0%)
[Performance] GUIView.RepaintAll.PlayerLoopController                                                                        :        1 samples, Peak.  1.20 us (1.0x), Avg.  1.20 us, Total. 1.200 us (0.0%)
[Performance] EditorSceneManager.newSceneCreated: UnityEditor.SceneTemplate.SceneTemplateService.OnNewSceneCreated           :        1 samples, Peak.   216 us (1.0x), Avg.   216 us, Total. 215.7 us (0.0%)
[Performance] EditorSceneManager.newSceneCreated: UnityEditor.SceneVisibilityManager.EditorSceneManagerOnNewSceneCreated     :        1 samples, Peak.   132 us (1.0x), Avg.   132 us, Total. 132.1 us (0.0%)
[Performance] EditorSceneManager.newSceneCreated: UnityEditor.SceneManagement.StageNavigationManager.OnNewSceneCreated       :        1 samples, Peak.  41.3 us (1.0x), Avg.  41.3 us, Total. 41.30 us (0.0%)
[Performance] Application.InvokeFinishedLoadingProject                                                                       :        1 samples, Peak.  1.11 ms (1.0x), Avg.  1.11 ms, Total. 1.115 ms (0.0%)
[Performance] ProcessService.OnProjectLoaded                                                                                 :        1 samples, Peak.  30.5 us (1.0x), Avg.  30.5 us, Total. 30.50 us (0.0%)
[Performance] VersionControl.Task.Wait                                                                                       :        1 samples, Peak.  8.40 us (1.0x), Avg.  8.40 us, Total. 8.400 us (0.0%)
[Performance] EditorApplication.quitting: callback in UnityEditor.TextCore.Text.EditorEventCallbacks                         :        1 samples, Peak.  1.33 ms (1.0x), Avg.  1.33 ms, Total. 1.335 ms (0.0%)
[Performance] Killing ADB server                                                                                             :        1 samples, Peak.  55.6 ms (1.0x), Avg.  55.6 ms, Total. 55.62 ms (0.6%)
[Performance] Application.Shutdown.PauseProfilerSession                                                                      :        1 samples, Peak.  26.9 us (1.0x), Avg.  26.9 us, Total. 26.90 us (0.0%)
[Performance] Application.Shutdown.PauseAssetImportWorkers                                                                   :        1 samples, Peak.  89.7 us (1.0x), Avg.  89.7 us, Total. 89.70 us (0.0%)
[Performance] Application.Shutdown.SaveAssets                                                                                :        1 samples, Peak.  7.82 ms (1.0x), Avg.  7.82 ms, Total. 7.817 ms (0.1%)
[Performance] BuilderAssetModificationProcessor.OnWillSaveAssets                                                             :        1 samples, Peak.   606 us (1.0x), Avg.   606 us, Total. 606.1 us (0.0%)
[Performance] TerrainModificationProcessor.OnWillSaveAssets                                                                  :        1 samples, Peak.   613 us (1.0x), Avg.   613 us, Total. 612.6 us (0.0%)
[Performance] AssetDatabase.ImportAssets                                                                                     :        2 samples, Peak.   700 ns (2.0x), Avg.   350 ns, Total. 700.0 ns (0.0%)
[Performance] Application.Shutdown.CleanupRenderPipeline                                                                     :        1 samples, Peak.  8.00 us (1.0x), Avg.  8.00 us, Total. 8.000 us (0.0%)
[Performance] Application.Shutdown.StopPreloadManager                                                                        :        1 samples, Peak.  9.98 ms (1.0x), Avg.  9.98 ms, Total. 9.980 ms (0.1%)
[Performance] Application.Shutdown.DestroyWorld                                                                              :        1 samples, Peak.   334 us (1.0x), Avg.   334 us, Total. 334.1 us (0.0%)
[Performance] Application.Shutdown.CleanupAfterLoad                                                                          :        1 samples, Peak.  1.69 ms (1.0x), Avg.  1.69 ms, Total. 1.691 ms (0.0%)
[Performance] Application.Shutdown.Progress                                                                                  :        1 samples, Peak.  5.80 us (1.0x), Avg.  5.80 us, Total. 5.800 us (0.0%)
[Performance] Application.Shutdown.GICleanupManagers                                                                         :        1 samples, Peak.   690 us (1.0x), Avg.   690 us, Total. 690.4 us (0.0%)
[Performance] Application.Shutdown.MenuCleanupClass                                                                          :        1 samples, Peak.   127 us (1.0x), Avg.   127 us, Total. 127.0 us (0.0%)
[Performance] Application.Shutdown.ADBSaveStateBeforeShutdown                                                                :        1 samples, Peak.  7.50 us (1.0x), Avg.  7.50 us, Total. 7.500 us (0.0%)
[Performance] Application.Shutdown.RemoteShutdown                                                                            :        1 samples, Peak.   800 ns (1.0x), Avg.   800 ns, Total. 800.0 ns (0.0%)
[Performance] Application.Shutdown.CleanupVCProvider                                                                         :        1 samples, Peak.  9.00 us (1.0x), Avg.  9.00 us, Total. 9.000 us (0.0%)
[Performance] Application.Shutdown.InputShutdown                                                                             :        1 samples, Peak.   500 ns (1.0x), Avg.   500 ns, Total. 500.0 ns (0.0%)
[Performance] Application.Shutdown.GizmoManagerDestroy                                                                       :        1 samples, Peak.   829 us (1.0x), Avg.   829 us, Total. 828.7 us (0.0%)
[Performance] Application.Shutdown.ProfilerSession                                                                           :        1 samples, Peak.   169 us (1.0x), Avg.   169 us, Total. 169.3 us (0.0%)
[Performance] Application.Shutdown.ReleaseGfxWindowOnAllGUIViews                                                             :        1 samples, Peak.   300 ns (1.0x), Avg.   300 ns, Total. 300.0 ns (0.0%)
[Performance] Application.Shutdown.CleanupEngine                                                                             :        1 samples, Peak.   252 ms (1.0x), Avg.   252 ms, Total. 251.8 ms (2.7%)
[Performance] Application.Shutdown.CleanupAssetDatabase                                                                      :        1 samples, Peak.  4.57 ms (1.0x), Avg.  4.57 ms, Total. 4.568 ms (0.0%)
[Performance] Application.Shutdown.ScriptCompilationCleanUp                                                                  :        1 samples, Peak.  29.8 ms (1.0x), Avg.  29.8 ms, Total. 29.84 ms (0.3%)
[Performance] Application.Shutdown.DestroyJobSystem                                                                          :        1 samples, Peak.   100 us (1.0x), Avg.   100 us, Total. 100.4 us (0.0%)
[Performance] Application.Shutdown.CleanupPersistentManager                                                                  :        1 samples, Peak.   299 us (1.0x), Avg.   299 us, Total. 298.9 us (0.0%)
[Performance] Application.Shutdown.CleanupAsyncReadManager                                                                   :        1 samples, Peak.   260 us (1.0x), Avg.   260 us, Total. 260.0 us (0.0%)
[Performance] Application.Shutdown.CleanupProgressBar                                                                        :        1 samples, Peak.   300 ns (1.0x), Avg.   300 ns, Total. 300.0 ns (0.0%)
[Performance] Application.Shutdown.CleanupMono                                                                               :        1 samples, Peak.  26.5 ms (1.0x), Avg.  26.5 ms, Total. 26.47 ms (0.3%)
[Performance] Application.Shutdown.CleanupStdConverters                                                                      :        1 samples, Peak.  6.90 us (1.0x), Avg.  6.90 us, Total. 6.900 us (0.0%)
[Performance] Application.Shutdown.UnloadAllPlatformSupportModuleNativeDlls                                                  :        1 samples, Peak.   600 ns (1.0x), Avg.   600 ns, Total. 600.0 ns (0.0%)
[Performance] Application.Shutdown.UnloadAllPlatformSupportNativeLibraries                                                   :        1 samples, Peak.   620 us (1.0x), Avg.   620 us, Total. 620.4 us (0.0%)
[Performance] Application.Shutdown.CleanupAutoDocumentation                                                                  :        1 samples, Peak.   280 us (1.0x), Avg.   280 us, Total. 279.8 us (0.0%)
[Performance] Application.Shutdown.ShaderNameManagerDestroy                                                                  :        1 samples, Peak.  42.6 us (1.0x), Avg.  42.6 us, Total. 42.60 us (0.0%)
[Performance] Application.Shutdown.CleanupCacheServer                                                                        :        1 samples, Peak.   300 ns (1.0x), Avg.   300 ns, Total. 300.0 ns (0.0%)
[Performance] Application.Shutdown.Virtualization_Shutdown                                                                   :        1 samples, Peak.   300 ns (1.0x), Avg.   300 ns, Total. 300.0 ns (0.0%)
[Performance] Application.Shutdown.DevConnections                                                                            :        1 samples, Peak.   145 us (1.0x), Avg.   145 us, Total. 145.3 us (0.0%)
Exiting batchmode successfully now!
Exiting without the bug reporter. Application will terminate with return code 0