[Licensing::Module] Trying to connect to existing licensing client channel...
[Licensing::IpcConnector] Successfully connected to the License Client on channel: "LicenseClient-Ella" at "2026-06-19T14:10:22.4452955Z"
[Licensing::Client] Error: Code 10 while verifying Licensing Client signature (process Id: 34584, path: "F:/Unity/UnityLicensingClient_V1/Unity.Licensing.Client.exe")
[Licensing::Module] Error: LicensingClient has failed validation; ignoring
[Licensing::Client] Handshaking with LicensingClient:
  Version:                 1.16.1+e780b2e
  Session Id:              f174a2ebdcdc404d97366183d3247d0b
  Correlation Id:          40230870b30851cbd9edd537a3e389a4
  External correlation Id: 24859146544991716
  Machine Id:              QMrWtx9hVXosAzhclIHeHFJpmiY=
[Licensing::Module] Successfully connected to LicensingClient on channel: "LicenseClient-Ella" (connect: 0.00s, validation: 0.01s, handshake: 0.03s)
[Licensing::IpcConnector] Successfully connected to the License Notification on channel: "LicenseClient-Ella-notifications" at "2026-06-19T14:10:22.4922525Z"
[Licensing::Module] Error: Access token is unavailable; failed to update
[Licensing::Client] Successfully updated license
Built from '2022.3/china_unity/release' branch; Version is '2022.3.50f1c1 (11690e56caf9) revision 1141006'; Using compiler version '192829333'; Build Type 'Release'
OS: 'Windows 11  (10.0.26200) 64bit CoreCountrySpecific' Language: 'zh' Physical Memory: 16108 MB
[Licensing::Client] Successfully resolved entitlement details
[Licensing::Module] Serial number assigned to: "F4-5GR3-KX6Y-SQ3Y-UUUD-XXXX"
BatchMode: 1, IsHumanControllingUs: 0, StartBugReporterOnCrash: 0, Is64bit: 1, IsPro: 0
[Licensing::Client] Successfully resolved entitlement details

COMMAND LINE ARGUMENTS:
F:\2022.3.50f1c1\Editor\Unity.exe
-batchmode
-quit
-projectPath
F:\Porject\TalismanBagBrawl
-logFile
F:\Porject\TalismanBagBrawl\stageconfigpanel01_task9_10_compile.log
Successfully changed project path to: F:\Porject\TalismanBagBrawl
F:/Porject/TalismanBagBrawl
[UnityMemory] Configuration Parameters - Can be set up in boot.config
    "memorysetup-bucket-allocator-granularity=16"
    "memorysetup-bucket-allocator-bucket-count=8"
    "memorysetup-bucket-allocator-block-size=33554432"
    "memorysetup-bucket-allocator-block-count=8"
    "memorysetup-main-allocator-block-size=16777216"
    "memorysetup-thread-allocator-block-size=16777216"
    "memorysetup-gfx-main-allocator-block-size=16777216"
    "memorysetup-gfx-thread-allocator-block-size=16777216"
    "memorysetup-cache-allocator-block-size=4194304"
    "memorysetup-typetree-allocator-block-size=2097152"
    "memorysetup-profiler-bucket-allocator-granularity=16"
    "memorysetup-profiler-bucket-allocator-bucket-count=8"
    "memorysetup-profiler-bucket-allocator-block-size=33554432"
    "memorysetup-profiler-bucket-allocator-block-count=8"
    "memorysetup-profiler-allocator-block-size=16777216"
    "memorysetup-profiler-editor-allocator-block-size=1048576"
    "memorysetup-temp-allocator-size-main=16777216"
    "memorysetup-job-temp-allocator-block-size=2097152"
    "memorysetup-job-temp-allocator-block-size-background=1048576"
    "memorysetup-job-temp-allocator-reduction-small-platforms=262144"
    "memorysetup-allocator-temp-initial-block-size-main=262144"
    "memorysetup-allocator-temp-initial-block-size-worker=262144"
    "memorysetup-temp-allocator-size-background-worker=32768"
    "memorysetup-temp-allocator-size-job-worker=262144"
    "memorysetup-temp-allocator-size-preload-manager=33554432"
    "memorysetup-temp-allocator-size-nav-mesh-worker=65536"
    "memorysetup-temp-allocator-size-audio-worker=65536"
    "memorysetup-temp-allocator-size-cloud-worker=32768"
    "memorysetup-temp-allocator-size-gi-baking-worker=262144"
    "memorysetup-temp-allocator-size-gfx=262144"
Player connection [72428]  Target information:

Player connection [72428]  * "[IP] 172.21.224.1 [Port] 55504 [Flags] 2 [Guid] 3694893620 [EditorId] 3694893620 [Version] 1048832 [Id] WindowsEditor(7,AZHONG) [Debug] 1 [PackageName] WindowsEditor [ProjectName] Editor" 

Player connection [72428]  * "[IP] 100.96.94.82 [Port] 55504 [Flags] 2 [Guid] 3694893620 [EditorId] 3694893620 [Version] 1048832 [Id] WindowsEditor(7,AZHONG) [Debug] 1 [PackageName] WindowsEditor [ProjectName] Editor" 

Player connection [72428]  * "[IP] 172.26.198.132 [Port] 55504 [Flags] 2 [Guid] 3694893620 [EditorId] 3694893620 [Version] 1048832 [Id] WindowsEditor(7,AZHONG) [Debug] 1 [PackageName] WindowsEditor [ProjectName] Editor" 

Unable to join player connection multicast group (err: 10013).
Player connection [72428] Host joined alternative multi-casting on [225.0.0.222:34997]...
[PhysX] Initialized MultithreadedTaskDispatcher with 20 workers.
[Package Manager] UpmClient::Connect -- Connected to IPC stream "Upm-75656" after 0.3 seconds.
[Package Manager] Restoring resolved packages state from cache
[Licensing::Client] Successfully resolved entitlement details
[Package Manager] Registered 33 packages:
  Built-in packages:
    com.unity.ugui@1.0.0 (location: F:\Porject\TalismanBagBrawl\Library\PackageCache\com.unity.ugui@1.0.0)
    com.unity.modules.ai@1.0.0 (location: F:\Porject\TalismanBagBrawl\Library\PackageCache\com.unity.modules.ai@1.0.0)
    com.unity.modules.androidjni@1.0.0 (location: F:\Porject\TalismanBagBrawl\Library\PackageCache\com.unity.modules.androidjni@1.0.0)
    com.unity.modules.animation@1.0.0 (location: F:\Porject\TalismanBagBrawl\Library\PackageCache\com.unity.modules.animation@1.0.0)
    com.unity.modules.assetbundle@1.0.0 (location: F:\Porject\TalismanBagBrawl\Library\PackageCache\com.unity.modules.assetbundle@1.0.0)
    com.unity.modules.audio@1.0.0 (location: F:\Porject\TalismanBagBrawl\Library\PackageCache\com.unity.modules.audio@1.0.0)
    com.unity.modules.cloth@1.0.0 (location: F:\Porject\TalismanBagBrawl\Library\PackageCache\com.unity.modules.cloth@1.0.0)
    com.unity.modules.director@1.0.0 (location: F:\Porject\TalismanBagBrawl\Library\PackageCache\com.unity.modules.director@1.0.0)
    com.unity.modules.imageconversion@1.0.0 (location: F:\Porject\TalismanBagBrawl\Library\PackageCache\com.unity.modules.imageconversion@1.0.0)
    com.unity.modules.imgui@1.0.0 (location: F:\Porject\TalismanBagBrawl\Library\PackageCache\com.unity.modules.imgui@1.0.0)
    com.unity.modules.jsonserialize@1.0.0 (location: F:\Porject\TalismanBagBrawl\Library\PackageCache\com.unity.modules.jsonserialize@1.0.0)
    com.unity.modules.particlesystem@1.0.0 (location: F:\Porject\TalismanBagBrawl\Library\PackageCache\com.unity.modules.particlesystem@1.0.0)
    com.unity.modules.physics@1.0.0 (location: F:\Porject\TalismanBagBrawl\Library\PackageCache\com.unity.modules.physics@1.0.0)
    com.unity.modules.physics2d@1.0.0 (location: F:\Porject\TalismanBagBrawl\Library\PackageCache\com.unity.modules.physics2d@1.0.0)
    com.unity.modules.screencapture@1.0.0 (location: F:\Porject\TalismanBagBrawl\Library\PackageCache\com.unity.modules.screencapture@1.0.0)
    com.unity.modules.terrain@1.0.0 (location: F:\Porject\TalismanBagBrawl\Library\PackageCache\com.unity.modules.terrain@1.0.0)
    com.unity.modules.terrainphysics@1.0.0 (location: F:\Porject\TalismanBagBrawl\Library\PackageCache\com.unity.modules.terrainphysics@1.0.0)
    com.unity.modules.tilemap@1.0.0 (location: F:\Porject\TalismanBagBrawl\Library\PackageCache\com.unity.modules.tilemap@1.0.0)
    com.unity.modules.ui@1.0.0 (location: F:\Porject\TalismanBagBrawl\Library\PackageCache\com.unity.modules.ui@1.0.0)
    com.unity.modules.uielements@1.0.0 (location: F:\Porject\TalismanBagBrawl\Library\PackageCache\com.unity.modules.uielements@1.0.0)
    com.unity.modules.umbra@1.0.0 (location: F:\Porject\TalismanBagBrawl\Library\PackageCache\com.unity.modules.umbra@1.0.0)
    com.unity.modules.unityanalytics@1.0.0 (location: F:\Porject\TalismanBagBrawl\Library\PackageCache\com.unity.modules.unityanalytics@1.0.0)
    com.unity.modules.unitywebrequest@1.0.0 (location: F:\Porject\TalismanBagBrawl\Library\PackageCache\com.unity.modules.unitywebrequest@1.0.0)
    com.unity.modules.unitywebrequestassetbundle@1.0.0 (location: F:\Porject\TalismanBagBrawl\Library\PackageCache\com.unity.modules.unitywebrequestassetbundle@1.0.0)
    com.unity.modules.unitywebrequestaudio@1.0.0 (location: F:\Porject\TalismanBagBrawl\Library\PackageCache\com.unity.modules.unitywebrequestaudio@1.0.0)
    com.unity.modules.unitywebrequesttexture@1.0.0 (location: F:\Porject\TalismanBagBrawl\Library\PackageCache\com.unity.modules.unitywebrequesttexture@1.0.0)
    com.unity.modules.unitywebrequestwww@1.0.0 (location: F:\Porject\TalismanBagBrawl\Library\PackageCache\com.unity.modules.unitywebrequestwww@1.0.0)
    com.unity.modules.vehicles@1.0.0 (location: F:\Porject\TalismanBagBrawl\Library\PackageCache\com.unity.modules.vehicles@1.0.0)
    com.unity.modules.video@1.0.0 (location: F:\Porject\TalismanBagBrawl\Library\PackageCache\com.unity.modules.video@1.0.0)
    com.unity.modules.vr@1.0.0 (location: F:\Porject\TalismanBagBrawl\Library\PackageCache\com.unity.modules.vr@1.0.0)
    com.unity.modules.wind@1.0.0 (location: F:\Porject\TalismanBagBrawl\Library\PackageCache\com.unity.modules.wind@1.0.0)
    com.unity.modules.xr@1.0.0 (location: F:\Porject\TalismanBagBrawl\Library\PackageCache\com.unity.modules.xr@1.0.0)
    com.unity.modules.subsystems@1.0.0 (location: F:\Porject\TalismanBagBrawl\Library\PackageCache\com.unity.modules.subsystems@1.0.0)
[Subsystems] No new subsystems found in resolved package list.
Package Manager log level set to [2]
[Package Manager] Done registering packages in 0.11 seconds
Refreshing native plugins compatible for Editor in 0.00 ms, found 0 plugins.
Preloading 0 native plugins for Editor in 0.00 ms.
Initialize engine version: 2022.3.50f1c1 (11690e56caf9)
[Subsystems] Discovering subsystems at path F:/2022.3.50f1c1/Editor/Data/Resources/UnitySubsystems
[Subsystems] Discovering subsystems at path F:/Porject/TalismanBagBrawl/Assets
GfxDevice: creating device client; threaded=0; jobified=0
Direct3D:
    Version:  Direct3D 11.0 [level 11.1]
    Renderer: NVIDIA GeForce RTX 3060 Laptop GPU (ID=0x2560)
    Vendor:   NVIDIA
    VRAM:     5994 MB
    Driver:   32.0.15.9174
[Licensing::Client] Successfully resolved entitlement details
Initialize mono
Mono path[0] = 'F:/2022.3.50f1c1/Editor/Data/Managed'
Mono path[1] = 'F:/2022.3.50f1c1/Editor/Data/MonoBleedingEdge/lib/mono/unityjit-win32'
Mono config path = 'F:/2022.3.50f1c1/Editor/Data/MonoBleedingEdge/etc'
Using monoOptions --debugger-agent=transport=dt_socket,embedding=1,server=y,suspend=n,address=127.0.0.1:56656
Using cacheserver namespaces - metadata:defaultmetadata, artifacts:defaultartifacts
Using cacheserver namespaces - metadata:defaultmetadata, artifacts:defaultartifacts
ImportWorker Server TCP listen port: 0
Begin MonoManager ReloadAssembly
Registering precompiled unity dll's ...
Register platform support module: F:/2022.3.50f1c1/Editor/Data/PlaybackEngines/WebGLSupport/UnityEditor.WebGL.Extensions.dll
[Licensing::Client] Successfully resolved entitlement details
Register platform support module: F:/2022.3.50f1c1/Editor/Data/PlaybackEngines/AndroidPlayer/UnityEditor.Android.Extensions.dll
[Licensing::Client] Successfully resolved entitlement details
Register platform support module: F:/2022.3.50f1c1/Editor/Data/PlaybackEngines/iOSSupport/UnityEditor.iOS.Extensions.dll
Register platform support module: F:/2022.3.50f1c1/Editor/Data/PlaybackEngines/WindowsStandaloneSupport/UnityEditor.WindowsStandalone.Extensions.dll
Registered in 0.036734 seconds.
- Loaded All Assemblies, in  0.323 seconds
Native extension for WindowsStandalone target not found
Native extension for iOS target not found
Native extension for Android target not found
Android Extension - Scanning For ADB Devices 2301 ms
Native extension for WebGL target not found
Mono: successfully reloaded assembly
- Finished resetting the current domain, in  2.513 seconds
Domain Reload Profiling: 2833ms
	BeginReloadAssembly (94ms)
		ExecutionOrderSort (0ms)
		DisableScriptedObjects (0ms)
		BackupInstance (0ms)
		ReleaseScriptingObjects (0ms)
		CreateAndSetChildDomain (1ms)
	RebuildCommonClasses (25ms)
	RebuildNativeTypeToScriptingClass (7ms)
	initialDomainReloadingComplete (77ms)
	LoadAllAssembliesAndSetupDomain (115ms)
		LoadAssemblies (92ms)
		RebuildTransferFunctionScriptingTraits (0ms)
		AnalyzeDomain (112ms)
			TypeCache.Refresh (111ms)
				TypeCache.ScanAssembly (101ms)
			ScanForSourceGeneratedMonoScriptInfo (0ms)
			ResolveRequiredComponents (0ms)
	FinalizeReload (2514ms)
		ReleaseScriptCaches (0ms)
		RebuildScriptCaches (0ms)
		SetupLoadedEditorAssemblies (2479ms)
			LogAssemblyErrors (0ms)
			InitializePlatformSupportModulesInManaged (2371ms)
			SetLoadedEditorAssemblies (3ms)
			RefreshPlugins (0ms)
			BeforeProcessingInitializeOnLoad (1ms)
			ProcessInitializeOnLoadAttributes (74ms)
			ProcessInitializeOnLoadMethodAttributes (29ms)
			AfterProcessingInitializeOnLoad (0ms)
			EditorAssembliesLoaded (0ms)
		ExecutionOrderSort2 (0ms)
		AwakeInstancesAfterBackupRestoration (0ms)
[Licensing::Client] Successfully resolved entitlement details
Application.AssetDatabase Initial Refresh Start
[ScriptCompilation] Requested script compilation because: Assetdatabase observed changes in script compilation related files
Starting: F:\2022.3.50f1c1\Editor\Data\bee_backend.exe --dont-print-to-structured-log --ipc --defer-dag-verification --dagfile="Library/Bee/1900b0aE.dag" --continue-on-failure --profile="Library/Bee/backend1.traceevents" ScriptAssemblies
WorkingDir: F:/Porject/TalismanBagBrawl
DisplayProgressbar: Compiling Scripts
ExitCode: 0 Duration: 3s619ms
[126/129    1s] Csc Library/Bee/artifacts/1900b0aE.dag/Assembly-CSharp-Editor.dll (+2 others)
[127/129    0s] CopyFiles Library/ScriptAssemblies/Assembly-CSharp-Editor.pdb
[128/129    0s] CopyFiles Library/ScriptAssemblies/Assembly-CSharp-Editor.dll
*** Tundra build success (3.59 seconds), 3 items updated, 129 evaluated
AssetDatabase: script compilation time: 4.084557s
Begin MonoManager ReloadAssembly
- Loaded All Assemblies, in  2.518 seconds
Refreshing native plugins compatible for Editor in 0.00 ms, found 0 plugins.
Preloading 0 native plugins for Editor in 0.00 ms.
Start importing Assets/_Game/Scripts/TalismanBag/V02/Balance/Editor/V02BalanceDebugWindow.cs using Guid(f38125ed84924f02859f40d9613f3968) Importer(-1,00000000000000000000000000000000) [PhysX] Initialized MultithreadedTaskDispatcher with 20 workers.
 -> (artifact id: 'a1b2c0d2c9ee92bcffdf4689e82186aa') in 0.013301 seconds
Refreshing native plugins compatible for Editor in 0.00 ms, found 0 plugins.
Native extension for WindowsStandalone target not found
Native extension for iOS target not found
Native extension for Android target not found
Native extension for WebGL target not found
Mono: successfully reloaded assembly
- Finished resetting the current domain, in  0.251 seconds
Domain Reload Profiling: 483ms
	BeginReloadAssembly (133ms)
		ExecutionOrderSort (0ms)
		DisableScriptedObjects (4ms)
		BackupInstance (0ms)
		ReleaseScriptingObjects (0ms)
		CreateAndSetChildDomain (19ms)
	RebuildCommonClasses (24ms)
	RebuildNativeTypeToScriptingClass (8ms)
	initialDomainReloadingComplete (23ms)
	LoadAllAssembliesAndSetupDomain (44ms)
		LoadAssemblies (94ms)
		RebuildTransferFunctionScriptingTraits (0ms)
		AnalyzeDomain (28ms)
			TypeCache.Refresh (24ms)
				TypeCache.ScanAssembly (13ms)
			ScanForSourceGeneratedMonoScriptInfo (1ms)
			ResolveRequiredComponents (2ms)
	FinalizeReload (251ms)
		ReleaseScriptCaches (0ms)
		RebuildScriptCaches (0ms)
		SetupLoadedEditorAssemblies (172ms)
			LogAssemblyErrors (0ms)
			InitializePlatformSupportModulesInManaged (26ms)
			SetLoadedEditorAssemblies (2ms)
			RefreshPlugins (0ms)
			BeforeProcessingInitializeOnLoad (29ms)
			ProcessInitializeOnLoadAttributes (94ms)
			ProcessInitializeOnLoadMethodAttributes (12ms)
			AfterProcessingInitializeOnLoad (8ms)
			EditorAssembliesLoaded (0ms)
		ExecutionOrderSort2 (0ms)
		AwakeInstancesAfterBackupRestoration (6ms)
Refreshing native plugins compatible for Editor in 0.00 ms, found 0 plugins.
Preloading 0 native plugins for Editor in 0.00 ms.
Asset Pipeline Refresh (id=461187a48af63d14ea588671272a784c): Total: 7.166 seconds - Initiated by InitialRefreshV2(ForceSynchronousImport)
	Summary:
		Imports: total=1 (actual=1, local cache=0, cache server=0)
		Asset DB Process Time: managed=2 ms, native=241 ms
		Asset DB Callback time: managed=34 ms, native=2 ms
		Scripting: domain reloads=1, domain reload time=2791 ms, compile time=4085 ms, other=9 ms
		Project Asset Count: scripts=597, non-scripts=171
		Asset File Changes: new=0, changed=1, moved=0, deleted=0
		Scan Filter Count: 0
	InvokeBeforeRefreshCallbacks: 1.177ms
	ApplyChangesToAssetFolders: 0.029ms
	Scan: 45.671ms
	OnSourceAssetsModified: 2.179ms
	GetAllGuidsForCategorization: 0.075ms
	CategorizeAssets: 6.100ms
	ImportOutOfDateAssets: 271.784ms (-3833.600ms without children)
		ImportManagerImport: 17.488ms (3.934ms without children)
			ImportInProcess: 13.535ms
			UpdateCategorizedAssets: 0.018ms
		CompileScripts: 4084.679ms
		ReloadNativeAssets: 0.000ms
		UnloadImportedAssets: 2.420ms
		ReloadImportedAssets: 0.448ms
		EnsureUptoDateAssetsAreRegisteredWithGuidPM: 0.184ms
		PostProcessAllAssetNotificationsAddChangedAssets: 0.000ms
		OnDemandSchedulerStart: 0.165ms
	PostProcessAllAssets: 33.049ms
	Hotreload: 0.773ms
	GatherAllCurrentPrimaryArtifactRevisions: 0.001ms
	UnloadStreamsBegin: 0.349ms
	PersistCurrentRevisions: 0.092ms
	UnloadStreamsEnd: 0.003ms
	GenerateScriptTypeHashes: 0.418ms
	Untracked: 6805.105ms
Application.AssetDatabase Initial Refresh End
Launched and connected shader compiler UnityShaderCompiler.exe after 0.04 seconds
Scanning for USB devices : 0.676ms
Initializing Unity extensions:
[Licensing::Client] Successfully resolved entitlement details
[MODES] ModeService[none].Initialize
[MODES] ModeService[none].LoadModes
[MODES] Loading mode Default (0) for mode-current-id-TalismanBagPrototype
[PhysX] Initialized MultithreadedTaskDispatcher with 20 workers.
ProgressiveSceneManager::Cancel()
Unloading 3 Unused Serialized files (Serialized files now loaded: 0)
Unloading 14 unused Assets / (469.6 KB). Loaded Objects now: 904.
Memory consumption went from 84.8 MB to 84.3 MB.
Total: 2.379200 ms (FindLiveObjects: 0.050600 ms CreateObjectMapping: 0.012400 ms MarkObjects: 2.143500 ms  DeleteObjects: 0.172100 ms)

Batchmode quit successfully invoked - shutting down!
Curl error 42: Callback aborted
Curl error 42: Callback aborted
Killing ADB server in 0.0587869 seconds.
[PhysX] Initialized MultithreadedTaskDispatcher with 20 workers.
[Licensing::IpcConnector] License Notification channel disconnected successfully.
[Licensing::IpcConnector] License Client channel disconnected successfully.
Cleanup mono
[Performance] WinEditorMain                                                                                                  :        1 samples, Peak.  1.98 s (1.0x), Avg.  1.98 s, Total. 1.979 s (13.1%)
[Performance] WinEditorMain.ConfigureCrashHandler                                                                            :        1 samples, Peak.  23.1 us (1.0x), Avg.  23.1 us, Total. 23.10 us (0.0%)
[Performance] WinEditorMain.CurlRequestInitialize                                                                            :        1 samples, Peak.   702 us (1.0x), Avg.   702 us, Total. 701.6 us (0.0%)
[Performance] WinEditorMain.SetupLogFile                                                                                     :        1 samples, Peak.   440 us (1.0x), Avg.   440 us, Total. 440.4 us (0.0%)
[Performance] WinEditorMain.RunNativeTestsIfRequiredAndExit                                                                  :        1 samples, Peak. 100.0 ns (1.0x), Avg. 100.0 ns, Total. 100.00 ns (0.0%)
[Performance] WinEditorMain.Licensing                                                                                        :        1 samples, Peak.  1.96 s (1.0x), Avg.  1.96 s, Total. 1.960 s (12.9%)
[Performance] WinEditorMain.InitializeCrashHandler                                                                           :        1 samples, Peak.  14.3 ms (1.0x), Avg.  14.3 ms, Total. 14.34 ms (0.1%)
[Performance] WinEditorMain.CreateApplication                                                                                :        1 samples, Peak.   303 us (1.0x), Avg.   303 us, Total. 302.8 us (0.0%)
[Performance] Application.InitializeProject                                                                                  :        1 samples, Peak.  12.7 s (1.0x), Avg.  12.7 s, Total. 12.73 s (83.9%)
[Performance] Application.PackageManager.StartServer                                                                         :        1 samples, Peak.  8.57 ms (1.0x), Avg.  8.57 ms, Total. 8.574 ms (0.1%)
[Performance] Application.AcquireProjectLock                                                                                 :        1 samples, Peak.  9.89 ms (1.0x), Avg.  9.89 ms, Total. 9.894 ms (0.1%)
[Performance] Application.InitializeEngineNoGraphics                                                                         :        1 samples, Peak.  51.4 ms (1.0x), Avg.  51.4 ms, Total. 51.41 ms (0.3%)
[Performance] Application.PackageManager.Initialize                                                                          :        1 samples, Peak.   290 ms (1.0x), Avg.   290 ms, Total. 290.1 ms (1.9%)
[Performance] Connecting to Package Manager                                                                                  :       30 samples, Peak.  65.5 us (20.7x), Avg.  3.17 us, Total. 95.10 us (0.0%)
[Performance] Application.EngineGraphics.Initialize                                                                          :        1 samples, Peak.  1.42 s (1.0x), Avg.  1.42 s, Total. 1.423 s (9.4%)
[Performance] Application.GI.Initialize                                                                                      :        1 samples, Peak.  4.32 ms (1.0x), Avg.  4.32 ms, Total. 4.321 ms (0.0%)
[Performance] Application.LoadAllDefaultResourcesFromEditor                                                                  :        1 samples, Peak.  1.69 ms (1.0x), Avg.  1.69 ms, Total. 1.689 ms (0.0%)
[Performance] Application.LoadMonoAssemblies                                                                                 :        1 samples, Peak.  2.85 s (1.0x), Avg.  2.85 s, Total. 2.853 s (18.8%)
[Performance] RestoreManagedReferences                                                                                       :        2 samples, Peak.  36.3 ms (2.0x), Avg.  18.2 ms, Total. 36.30 ms (0.2%)
[Performance] InitializeOnLoad PlayModeDownload                                                                              :        2 samples, Peak.  3.54 ms (1.7x), Avg.  2.08 ms, Total. 4.158 ms (0.0%)
[Performance] InitializeOnLoad DrivenRectTransformUndo                                                                       :        2 samples, Peak.   168 us (1.0x), Avg.   165 us, Total. 329.8 us (0.0%)
[Performance] InitializeOnLoad NativeFormatImporterUtility                                                                   :        2 samples, Peak.  1.66 ms (1.2x), Avg.  1.44 ms, Total. 2.871 ms (0.0%)
[Performance] InitializeOnLoad ProjectSearch                                                                                 :        2 samples, Peak.  95.1 us (1.1x), Avg.  83.8 us, Total. 167.7 us (0.0%)
[Performance] InitializeOnLoad UnityConnect                                                                                  :        2 samples, Peak.  33.4 us (1.0x), Avg.  32.8 us, Total. 65.60 us (0.0%)
[Performance] InitializeOnLoad PrefabInstanceChangedListener                                                                 :        2 samples, Peak.   102 us (1.1x), Avg.  93.9 us, Total. 187.9 us (0.0%)
[Performance] InitializeOnLoad MenuItems                                                                                     :        2 samples, Peak.   193 us (1.0x), Avg.   184 us, Total. 367.2 us (0.0%)
[Performance] InitializeOnLoad SettingsService                                                                               :        2 samples, Peak.  7.80 us (1.3x), Avg.  5.95 us, Total. 11.90 us (0.0%)
[Performance] InitializeOnLoad CloudBuild                                                                                    :        2 samples, Peak.  2.60 us (1.2x), Avg.  2.15 us, Total. 4.300 us (0.0%)
[Performance] InitializeOnLoad WindowLayout                                                                                  :        2 samples, Peak.  25.3 us (1.1x), Avg.  24.1 us, Total. 48.10 us (0.0%)
[Performance] InitializeOnLoad AssetStoreContext                                                                             :        2 samples, Peak.  17.9 ms (1.7x), Avg.  10.4 ms, Total. 20.86 ms (0.1%)
[Performance] InitializeOnLoad MixerEffectDefinitionReloader                                                                 :        2 samples, Peak.  2.67 ms (1.4x), Avg.  1.92 ms, Total. 3.837 ms (0.0%)
[Performance] InitializeOnLoad ObjectSelectorSearch                                                                          :        2 samples, Peak.  47.6 us (1.0x), Avg.  46.9 us, Total. 93.80 us (0.0%)
[Performance] InitializeOnLoad ManagedDebugger                                                                               :        2 samples, Peak.   425 us (1.0x), Avg.   406 us, Total. 812.3 us (0.0%)
[Performance] InitializeOnLoad EditMode                                                                                      :        2 samples, Peak.   332 us (1.1x), Avg.   311 us, Total. 622.9 us (0.0%)
[Performance] InitializeOnLoad ShortcutIntegration                                                                           :        2 samples, Peak.  41.0 us (1.1x), Avg.  38.9 us, Total. 77.80 us (0.0%)
[Performance] InitializeOnLoad SceneSearch                                                                                   :        2 samples, Peak.  35.9 us (1.2x), Avg.  29.7 us, Total. 59.50 us (0.0%)
[Performance] InitializeOnLoad ManagedDebuggerWindow                                                                         :        2 samples, Peak.  81.5 us (1.0x), Avg.  80.2 us, Total. 160.3 us (0.0%)
[Performance] InitializeOnLoad CacheServerWindow                                                                             :        2 samples, Peak.  6.50 us (1.2x), Avg.  5.45 us, Total. 10.90 us (0.0%)
[Performance] InitializeOnLoad SearchService                                                                                 :        2 samples, Peak.  74.8 us (1.0x), Avg.  73.5 us, Total. 147.1 us (0.0%)
[Performance] InitializeOnLoad AddComponentWindow                                                                            :        2 samples, Peak.  67.2 us (1.0x), Avg.  64.4 us, Total. 128.9 us (0.0%)
[Performance] InitializeOnLoad UISystemProfilerRenderService                                                                 :        2 samples, Peak.  6.40 us (1.2x), Avg.  5.50 us, Total. 11.00 us (0.0%)
[Performance] InitializeOnLoad EditorMonitor                                                                                 :        2 samples, Peak.   474 us (1.2x), Avg.   390 us, Total. 780.2 us (0.0%)
[Performance] InitializeOnLoad RetainedMode                                                                                  :        2 samples, Peak.  1.62 ms (1.0x), Avg.  1.59 ms, Total. 3.184 ms (0.0%)
[Performance] InitializeOnLoad EditorShaderLoader                                                                            :        2 samples, Peak.   600 us (1.1x), Avg.   537 us, Total. 1.073 ms (0.0%)
[Performance] InitializeOnLoad EditorDelegateRegistration                                                                    :        2 samples, Peak.   372 us (1.1x), Avg.   341 us, Total. 681.2 us (0.0%)
[Performance] InitializeOnLoad UIDocumentHierarchyWatcher                                                                    :        2 samples, Peak.  53.4 us (1.0x), Avg.  52.0 us, Total. 104.0 us (0.0%)
[Performance] InitializeOnLoad LiveReloadTrackerCreator                                                                      :        2 samples, Peak.   178 us (1.3x), Avg.   132 us, Total. 264.8 us (0.0%)
[Performance] InitializeOnLoad UxmlObjectEditorFactories                                                                     :        2 samples, Peak.   394 us (1.1x), Avg.   354 us, Total. 708.9 us (0.0%)
[Performance] InitializeOnLoad UXMLEditorFactories                                                                           :        2 samples, Peak.  42.6 ms (1.1x), Avg.  38.7 ms, Total. 77.43 ms (0.5%)
[Performance] InitializeOnLoad PurchasingService                                                                             :        2 samples, Peak.  5.44 ms (1.1x), Avg.  5.17 ms, Total. 10.33 ms (0.1%)
[Performance] InitializeOnLoad CloudBuildPoller                                                                              :        2 samples, Peak.  83.7 us (1.1x), Avg.  76.9 us, Total. 153.8 us (0.0%)
[Performance] InitializeOnLoad EditorGameServicesAnalytics                                                                   :        2 samples, Peak.  1.12 ms (1.2x), Avg.   929 us, Total. 1.859 ms (0.0%)
[Performance] InitializeOnLoad AnalyticsService                                                                              :        2 samples, Peak.   128 us (1.0x), Avg.   128 us, Total. 255.2 us (0.0%)
[Performance] InitializeOnLoad BuildService                                                                                  :        2 samples, Peak.  91.5 us (1.0x), Avg.  91.0 us, Total. 181.9 us (0.0%)
[Performance] InitializeOnLoad AdsService                                                                                    :        2 samples, Peak.   275 us (1.1x), Avg.   261 us, Total. 521.5 us (0.0%)
[Performance] InitializeOnLoad UDPService                                                                                    :        2 samples, Peak.   106 us (1.1x), Avg.  97.6 us, Total. 195.1 us (0.0%)
[Performance] InitializeOnLoad CrashService                                                                                  :        2 samples, Peak.  93.6 us (1.0x), Avg.  89.2 us, Total. 178.4 us (0.0%)
[Performance] InitializeOnLoad ServicesRepository                                                                            :        2 samples, Peak.   300 ns (1.0x), Avg.   300 ns, Total. 600.0 ns (0.0%)
[Performance] InitializeOnLoad SearchWindow                                                                                  :        2 samples, Peak.  99.0 us (1.2x), Avg.  84.2 us, Total. 168.4 us (0.0%)
[Performance] InitializeOnLoad CustomIndexers                                                                                :        2 samples, Peak.  12.7 ms (1.0x), Avg.  12.5 ms, Total. 24.92 ms (0.2%)
[Performance] InitializeOnLoad SearchMonitor                                                                                 :        2 samples, Peak.   797 us (1.1x), Avg.   709 us, Total. 1.418 ms (0.0%)
[Performance] InitializeOnLoad ParameterControllerEditor                                                                     :        2 samples, Peak.  15.0 us (1.1x), Avg.  13.9 us, Total. 27.70 us (0.0%)
[Performance] InitializeOnLoad LayerSettingsWindow                                                                           :        2 samples, Peak.  17.5 us (1.7x), Avg.  10.2 us, Total. 20.50 us (0.0%)
[Performance] InitializeOnLoad PackageManagerHookGUIDConverter.RegisterPackagesEventHandler                                  :        2 samples, Peak.   566 us (1.6x), Avg.   344 us, Total. 688.6 us (0.0%)
[Performance] InitializeOnLoad EditorDragAndDrop.RegisterEditorClient                                                        :        2 samples, Peak.   162 us (1.1x), Avg.   150 us, Total. 299.4 us (0.0%)
[Performance] InitializeOnLoad EditorEventCallbacks.InitializeFontAssetResourceChangeCallBacks                               :        2 samples, Peak.   851 us (1.0x), Avg.   850 us, Total. 1.700 ms (0.0%)
[Performance] InitializeOnLoad SceneTemplateService.Init                                                                     :        2 samples, Peak.  1.19 ms (1.2x), Avg.   970 us, Total. 1.941 ms (0.0%)
[Performance] InitializeOnLoad DiagnosticSwitchesConsoleMessage.Init                                                         :        2 samples, Peak.  5.21 ms (1.7x), Avg.  3.05 ms, Total. 6.091 ms (0.0%)
[Performance] InitializeOnLoad RectSelection.RegisterShortcutContext                                                         :        2 samples, Peak.   169 us (1.1x), Avg.   153 us, Total. 305.3 us (0.0%)
[Performance] InitializeOnLoad SysrootManager.Initialize                                                                     :        2 samples, Peak.  9.70 us (1.1x), Avg.  8.55 us, Total. 17.10 us (0.0%)
[Performance] InitializeOnLoad SceneVisibilityManager.Initialize                                                             :        2 samples, Peak.  2.14 ms (1.4x), Avg.  1.50 ms, Total. 2.993 ms (0.0%)
[Performance] InitializeOnLoad AssetPostprocessingInternal.RefreshCustomDependencies                                         :        2 samples, Peak.  2.01 ms (1.3x), Avg.  1.50 ms, Total. 2.998 ms (0.0%)
[Performance] InitializeOnLoad MemoryProfilerCompilationGuard.InjectCompileGuard                                             :        2 samples, Peak.   117 us (1.0x), Avg.   112 us, Total. 223.1 us (0.0%)
[Performance] InitializeOnLoad SceneViewMotion.RegisterShortcutContexts                                                      :        2 samples, Peak.   111 us (1.1x), Avg.  98.3 us, Total. 196.5 us (0.0%)
[Performance] InitializeOnLoad EditorWindow.Initialize                                                                       :        2 samples, Peak.   155 us (1.1x), Avg.   142 us, Total. 285.0 us (0.0%)
[Performance] InitializeOnLoad ScopedRegistryAddedPopup.SubscribeToRegistriesAdded                                           :        2 samples, Peak.  16.1 ms (1.5x), Avg.  10.7 ms, Total. 21.38 ms (0.1%)
[Performance] InitializeOnLoad ToolShortcutContext.Init                                                                      :        2 samples, Peak.   109 us (1.0x), Avg.   105 us, Total. 210.2 us (0.0%)
[Performance] InitializeOnLoad PackageManagerWindow.EditorInitializedInSafeMode                                              :        2 samples, Peak.   131 us (1.3x), Avg.   102 us, Total. 203.2 us (0.0%)
[Performance] AssemblyReloadEvents.afterAssemblyReload: UnityEditor.SceneTemplate.SceneTemplateService.AfterAssemblyReload   :        2 samples, Peak.  4.01 ms (1.9x), Avg.  2.11 ms, Total. 4.227 ms (0.0%)
[Performance] ProcessService.EditorAfterLoadAllAssemblies                                                                    :        2 samples, Peak.   244 us (1.2x), Avg.   211 us, Total. 422.1 us (0.0%)
[Performance] Application.ReadLicenseInfo                                                                                    :        1 samples, Peak.  15.3 ms (1.0x), Avg.  15.3 ms, Total. 15.31 ms (0.1%)
[Performance] Application.InitialRefresh                                                                                     :        1 samples, Peak.  7.17 s (1.0x), Avg.  7.17 s, Total. 7.167 s (47.3%)
[Performance] ShaderImporter.SourceAssetModified                                                                             :        2 samples, Peak.   700 ns (1.4x), Avg.   500 ns, Total. 1000.0 ns (0.0%)
[Performance] ShaderIncludeImporter.SourceAssetModified                                                                      :        2 samples, Peak.   800 ns (1.1x), Avg.   700 ns, Total. 1.400 us (0.0%)
[Performance] Compiling Scripts                                                                                              :        1 samples, Peak.  4.08 s (1.0x), Avg.  4.08 s, Total. 4.085 s (26.9%)
[Performance] AssemblyReloadEvents.beforeAssemblyReload: UnityEditor.SceneTemplate.SceneTemplateService.BeforeAssemblyReload :        1 samples, Peak.   340 us (1.0x), Avg.   340 us, Total. 340.4 us (0.0%)
[Performance] PresetManagerPostProcessor.OnPreprocessAsset                                                                   :        1 samples, Peak.   905 us (1.0x), Avg.   905 us, Total. 904.7 us (0.0%)
[Performance] CancelSplashScreenOnAssetChange.OnPreprocessAsset                                                              :        1 samples, Peak.  87.8 us (1.0x), Avg.  87.8 us, Total. 87.80 us (0.0%)
[Performance] InitializeOnLoad PrefabLayoutRebuilder                                                                         :        1 samples, Peak.   201 us (1.0x), Avg.   201 us, Total. 201.3 us (0.0%)
[Performance] InitializeOnLoad MobilePortraitLayoutRuntimeFix.ApplyInEditorAfterScriptsReload                                :        1 samples, Peak.   186 us (1.0x), Avg.   186 us, Total. 186.2 us (0.0%)
[Performance] DidReloadScriptsAdvancedDropdownWindow.OnScriptReload                                                          :        1 samples, Peak.   156 us (1.0x), Avg.   156 us, Total. 156.0 us (0.0%)
[Performance] AssetDatabase.ImportAssets                                                                                     :        3 samples, Peak.   800 ns (1.8x), Avg.   433 ns, Total. 1.300 us (0.0%)
[Performance] VersionControl.Task.Wait                                                                                       :        1 samples, Peak.  7.20 us (1.0x), Avg.  7.20 us, Total. 7.200 us (0.0%)
[Performance] BuilderAssetPostprocessor.OnPostprocessAllAssets                                                               :        2 samples, Peak.  2.29 ms (1.0x), Avg.  2.23 ms, Total. 4.464 ms (0.0%)
[Performance] ArtifactBrowserPostProcessor.OnPostprocessAllAssets                                                            :        2 samples, Peak.   950 us (1.0x), Avg.   948 us, Total. 1.897 ms (0.0%)
[Performance] AssetEvents.OnPostprocessAllAssets                                                                             :        4 samples, Peak.   149 us (1.5x), Avg.   102 us, Total. 409.4 us (0.0%)
[Performance] AudioMixerPostprocessor.OnPostprocessAllAssets                                                                 :        2 samples, Peak.   218 us (1.0x), Avg.   217 us, Total. 433.9 us (0.0%)
[Performance] StyleCatalogPostProcessor.OnPostprocessAllAssets                                                               :        2 samples, Peak.  13.0 ms (1.0x), Avg.  13.0 ms, Total. 25.99 ms (0.2%)
[Performance] BuildCatalog                                                                                                   :        1 samples, Peak.  12.1 ms (1.0x), Avg.  12.1 ms, Total. 12.13 ms (0.1%)
[Performance] ModelImporterPostProcessor.OnPostprocessAllAssets                                                              :        2 samples, Peak.   865 us (1.0x), Avg.   863 us, Total. 1.726 ms (0.0%)
[Performance] RetainedModeAssetPostprocessor.OnPostprocessAllAssets                                                          :        2 samples, Peak.  1.95 ms (1.0x), Avg.  1.95 ms, Total. 3.896 ms (0.0%)
[Performance] AssetChangedListener.OnPostprocessAllAssets                                                                    :        2 samples, Peak.  1.45 ms (1.0x), Avg.  1.45 ms, Total. 2.902 ms (0.0%)
[Performance] SpeedTreePostProcessor.OnPostprocessAllAssets                                                                  :        2 samples, Peak.   176 us (1.0x), Avg.   175 us, Total. 350.2 us (0.0%)
[Performance] TextAssetPostProcessor.OnPostprocessAllAssets                                                                  :        2 samples, Peak.   377 us (1.0x), Avg.   375 us, Total. 750.6 us (0.0%)
[Performance] SyncVS.PostprocessSyncProject                                                                                  :        1 samples, Peak.  1.06 ms (1.0x), Avg.  1.06 ms, Total. 1.062 ms (0.0%)
[Performance] Application.ImportPackagesAndSetTemplateWhenCreatingProject                                                    :        1 samples, Peak.  13.6 ms (1.0x), Avg.  13.6 ms, Total. 13.57 ms (0.1%)
[Performance] Application.SyncCurrentColorSpace                                                                              :        1 samples, Peak.  75.0 ms (1.0x), Avg.  75.0 ms, Total. 75.03 ms (0.5%)
[Performance] Application.OnUsbDevicesChanged                                                                                :        1 samples, Peak.   732 us (1.0x), Avg.   732 us, Total. 732.3 us (0.0%)
[Performance] Application.AssetInstanceCacheUpdate                                                                           :        1 samples, Peak.   200 ns (1.0x), Avg.   200 ns, Total. 200.0 ns (0.0%)
[Performance] Application.UnityExtensions.Initialize                                                                         :        1 samples, Peak.   576 us (1.0x), Avg.   576 us, Total. 576.4 us (0.0%)
[Performance] CodeEditorProjectSync.SyncEditorProject                                                                        :        1 samples, Peak.  97.0 us (1.0x), Avg.  97.0 us, Total. 97.00 us (0.0%)
[Performance] Application.ExecuteStartups                                                                                    :        1 samples, Peak.  42.7 ms (1.0x), Avg.  42.7 ms, Total. 42.66 ms (0.3%)
[Performance] Menu.RegisterMenuInterface                                                                                     :       26 samples, Peak.   600 ns (4.9x), Avg.   123 ns, Total. 3.200 us (0.0%)
[Performance] Gizmo.RebuildRenderers                                                                                         :        1 samples, Peak.  42.5 ms (1.0x), Avg.  42.5 ms, Total. 42.46 ms (0.3%)
[Performance] Gizmo.AddGizmoRenderers                                                                                        :       30 samples, Peak.  1.31 ms (21.0x), Avg.  62.3 us, Total. 1.868 ms (0.0%)
[Performance] Application.editorInitializingProject                                                                          :        1 samples, Peak.   433 ms (1.0x), Avg.   433 ms, Total. 432.6 ms (2.9%)
[Performance] Application.InitializeMenu                                                                                     :        1 samples, Peak.  38.0 ms (1.0x), Avg.  38.0 ms, Total. 37.96 ms (0.3%)
[Performance] Menu.RebuildAll                                                                                                :        1 samples, Peak.  38.0 ms (1.0x), Avg.  38.0 ms, Total. 37.95 ms (0.3%)
[Performance] Menu.BuildRegisteredMenuInterfaces                                                                             :        1 samples, Peak.  36.4 ms (1.0x), Avg.  36.4 ms, Total. 36.37 ms (0.2%)
[Performance] Menu.FilterMenuItem                                                                                            :      601 samples, Peak.  15.2 ms (594.6x), Avg.  25.6 us, Total. 15.39 ms (0.1%)
[Performance] UpdateAllMenus                                                                                                 :        1 samples, Peak.   403 us (1.0x), Avg.   403 us, Total. 403.3 us (0.0%)
[Performance] Menu.RebuildOSMainMenu                                                                                         :        2 samples, Peak.  1.59 ms (1.2x), Avg.  1.32 ms, Total. 2.635 ms (0.0%)
[Performance] EditorSceneManager.sceneClosing: UnityEditor.SceneVisibilityManager.EditorSceneManagerOnSceneClosing           :        1 samples, Peak.   217 us (1.0x), Avg.   217 us, Total. 216.7 us (0.0%)
[Performance] GUIView.RepaintAll.PlayerLoopController                                                                        :        1 samples, Peak.  1.50 us (1.0x), Avg.  1.50 us, Total. 1.500 us (0.0%)
[Performance] EditorSceneManager.newSceneCreated: UnityEditor.SceneTemplate.SceneTemplateService.OnNewSceneCreated           :        1 samples, Peak.   216 us (1.0x), Avg.   216 us, Total. 215.5 us (0.0%)
[Performance] EditorSceneManager.newSceneCreated: UnityEditor.SceneVisibilityManager.EditorSceneManagerOnNewSceneCreated     :        1 samples, Peak.   147 us (1.0x), Avg.   147 us, Total. 147.1 us (0.0%)
[Performance] EditorSceneManager.newSceneCreated: UnityEditor.SceneManagement.StageNavigationManager.OnNewSceneCreated       :        1 samples, Peak.  50.3 us (1.0x), Avg.  50.3 us, Total. 50.30 us (0.0%)
[Performance] Application.InvokeFinishedLoadingProject                                                                       :        1 samples, Peak.  1.03 ms (1.0x), Avg.  1.03 ms, Total. 1.029 ms (0.0%)
[Performance] ProcessService.OnProjectLoaded                                                                                 :        1 samples, Peak.  34.1 us (1.0x), Avg.  34.1 us, Total. 34.10 us (0.0%)
[Performance] EditorApplication.quitting: callback in UnityEditor.TextCore.Text.EditorEventCallbacks                         :        1 samples, Peak.  4.73 ms (1.0x), Avg.  4.73 ms, Total. 4.726 ms (0.0%)
[Performance] Killing ADB server                                                                                             :        1 samples, Peak.  59.6 ms (1.0x), Avg.  59.6 ms, Total. 59.64 ms (0.4%)
[Performance] Application.Shutdown.PauseProfilerSession                                                                      :        1 samples, Peak.  23.6 us (1.0x), Avg.  23.6 us, Total. 23.60 us (0.0%)
[Performance] Application.Shutdown.PauseAssetImportWorkers                                                                   :        1 samples, Peak.  67.6 us (1.0x), Avg.  67.6 us, Total. 67.60 us (0.0%)
[Performance] Application.Shutdown.SaveAssets                                                                                :        1 samples, Peak.  13.7 ms (1.0x), Avg.  13.7 ms, Total. 13.71 ms (0.1%)
[Performance] BuilderAssetModificationProcessor.OnWillSaveAssets                                                             :        1 samples, Peak.   318 us (1.0x), Avg.   318 us, Total. 318.5 us (0.0%)
[Performance] TerrainModificationProcessor.OnWillSaveAssets                                                                  :        1 samples, Peak.   571 us (1.0x), Avg.   571 us, Total. 570.9 us (0.0%)
[Performance] Application.Shutdown.CleanupRenderPipeline                                                                     :        1 samples, Peak.  6.20 us (1.0x), Avg.  6.20 us, Total. 6.200 us (0.0%)
[Performance] Application.Shutdown.StopPreloadManager                                                                        :        1 samples, Peak.  9.92 ms (1.0x), Avg.  9.92 ms, Total. 9.917 ms (0.1%)
[Performance] Application.Shutdown.DestroyWorld                                                                              :        1 samples, Peak.   312 us (1.0x), Avg.   312 us, Total. 311.7 us (0.0%)
[Performance] Application.Shutdown.CleanupAfterLoad                                                                          :        1 samples, Peak.  1.48 ms (1.0x), Avg.  1.48 ms, Total. 1.484 ms (0.0%)
[Performance] Application.Shutdown.Progress                                                                                  :        1 samples, Peak.  6.70 us (1.0x), Avg.  6.70 us, Total. 6.700 us (0.0%)
[Performance] Application.Shutdown.GICleanupManagers                                                                         :        1 samples, Peak.   836 us (1.0x), Avg.   836 us, Total. 836.0 us (0.0%)
[Performance] Application.Shutdown.MenuCleanupClass                                                                          :        1 samples, Peak.   119 us (1.0x), Avg.   119 us, Total. 119.2 us (0.0%)
[Performance] Application.Shutdown.ADBSaveStateBeforeShutdown                                                                :        1 samples, Peak.  7.50 us (1.0x), Avg.  7.50 us, Total. 7.500 us (0.0%)
[Performance] Application.Shutdown.RemoteShutdown                                                                            :        1 samples, Peak.   800 ns (1.0x), Avg.   800 ns, Total. 800.0 ns (0.0%)
[Performance] Application.Shutdown.CleanupVCProvider                                                                         :        1 samples, Peak.  11.1 us (1.0x), Avg.  11.1 us, Total. 11.10 us (0.0%)
[Performance] Application.Shutdown.InputShutdown                                                                             :        1 samples, Peak.   500 ns (1.0x), Avg.   500 ns, Total. 500.0 ns (0.0%)
[Performance] Application.Shutdown.GizmoManagerDestroy                                                                       :        1 samples, Peak.   653 us (1.0x), Avg.   653 us, Total. 652.7 us (0.0%)
[Performance] Application.Shutdown.ProfilerSession                                                                           :        1 samples, Peak.   241 us (1.0x), Avg.   241 us, Total. 241.5 us (0.0%)
[Performance] Application.Shutdown.ReleaseGfxWindowOnAllGUIViews                                                             :        1 samples, Peak.   600 ns (1.0x), Avg.   600 ns, Total. 600.0 ns (0.0%)
[Performance] Application.Shutdown.CleanupEngine                                                                             :        1 samples, Peak.   172 ms (1.0x), Avg.   172 ms, Total. 172.0 ms (1.1%)
[Performance] Application.Shutdown.CleanupAssetDatabase                                                                      :        1 samples, Peak.  4.47 ms (1.0x), Avg.  4.47 ms, Total. 4.469 ms (0.0%)
[Performance] Application.Shutdown.ScriptCompilationCleanUp                                                                  :        1 samples, Peak.  30.3 ms (1.0x), Avg.  30.3 ms, Total. 30.28 ms (0.2%)
[Performance] Application.Shutdown.DestroyJobSystem                                                                          :        1 samples, Peak.   122 us (1.0x), Avg.   122 us, Total. 122.2 us (0.0%)
[Performance] Application.Shutdown.CleanupPersistentManager                                                                  :        1 samples, Peak.   237 us (1.0x), Avg.   237 us, Total. 236.6 us (0.0%)
[Performance] Application.Shutdown.CleanupAsyncReadManager                                                                   :        1 samples, Peak.   352 us (1.0x), Avg.   352 us, Total. 352.2 us (0.0%)
[Performance] Application.Shutdown.CleanupProgressBar                                                                        :        1 samples, Peak.   200 ns (1.0x), Avg.   200 ns, Total. 200.0 ns (0.0%)
[Performance] Application.Shutdown.CleanupMono                                                                               :        1 samples, Peak.  26.1 ms (1.0x), Avg.  26.1 ms, Total. 26.12 ms (0.2%)
[Performance] Application.Shutdown.CleanupStdConverters                                                                      :        1 samples, Peak.  6.30 us (1.0x), Avg.  6.30 us, Total. 6.300 us (0.0%)
[Performance] Application.Shutdown.UnloadAllPlatformSupportModuleNativeDlls                                                  :        1 samples, Peak.   800 ns (1.0x), Avg.   800 ns, Total. 800.0 ns (0.0%)
[Performance] Application.Shutdown.UnloadAllPlatformSupportNativeLibraries                                                   :        1 samples, Peak.   756 us (1.0x), Avg.   756 us, Total. 756.0 us (0.0%)
[Performance] Application.Shutdown.CleanupAutoDocumentation                                                                  :        1 samples, Peak.   277 us (1.0x), Avg.   277 us, Total. 277.3 us (0.0%)
[Performance] Application.Shutdown.ShaderNameManagerDestroy                                                                  :        1 samples, Peak.  45.3 us (1.0x), Avg.  45.3 us, Total. 45.30 us (0.0%)
[Performance] Application.Shutdown.CleanupCacheServer                                                                        :        1 samples, Peak.   200 ns (1.0x), Avg.   200 ns, Total. 200.0 ns (0.0%)
[Performance] Application.Shutdown.Virtualization_Shutdown                                                                   :        1 samples, Peak.   300 ns (1.0x), Avg.   300 ns, Total. 300.0 ns (0.0%)
[Performance] Application.Shutdown.DevConnections                                                                            :        1 samples, Peak.   136 us (1.0x), Avg.   136 us, Total. 135.9 us (0.0%)
Exiting batchmode successfully now!
Exiting without the bug reporter. Application will terminate with return code 0