[Licensing::Module] Trying to connect to existing licensing client channel...
[Licensing::IpcConnector] Successfully connected to the License Client on channel: "LicenseClient-Ella" at "2026-06-19T14:09:10.5719844Z"
[Licensing::Client] Error: Code 10 while verifying Licensing Client signature (process Id: 34584, path: "F:/Unity/UnityLicensingClient_V1/Unity.Licensing.Client.exe")
[Licensing::Module] Error: LicensingClient has failed validation; ignoring
[Licensing::Client] Handshaking with LicensingClient:
  Version:                 1.16.1+e780b2e
  Session Id:              e5cfb7310e914e19b3b35ef0c9428d6b
  Correlation Id:          40230870b30851cbd9edd537a3e389a4
  External correlation Id: 8810652832879823541
  Machine Id:              QMrWtx9hVXosAzhclIHeHFJpmiY=
[Licensing::Module] Successfully connected to LicensingClient on channel: "LicenseClient-Ella" (connect: 0.00s, validation: 0.02s, handshake: 0.04s)
[Licensing::IpcConnector] Successfully connected to the License Notification on channel: "LicenseClient-Ella-notifications" at "2026-06-19T14:09:10.6329221Z"
[Licensing::Module] Error: Access token is unavailable; failed to update
[Licensing::Client] Successfully updated license
Built from '2022.3/china_unity/release' branch; Version is '2022.3.50f1c1 (11690e56caf9) revision 1141006'; Using compiler version '192829333'; Build Type 'Release'
OS: 'Windows 11  (10.0.26200) 64bit CoreCountrySpecific' Language: 'zh' Physical Memory: 16108 MB
[Licensing::Client] Successfully resolved entitlement details
[Licensing::Module] Serial number assigned to: "F4-5GR3-KX6Y-SQ3Y-UUUD-XXXX"
BatchMode: 1, IsHumanControllingUs: 0, StartBugReporterOnCrash: 0, Is64bit: 1, IsPro: 0
[Licensing::Client] Successfully resolved entitlement details

COMMAND LINE ARGUMENTS:
F:\2022.3.50f1c1\Editor\Unity.exe
-batchmode
-quit
-projectPath
F:\Porject\TalismanBagBrawl
-executeMethod
TalismanBag.V02.Config.EditorTools.Task08UpgradeConfigMigration.VerifyBatch
-logFile
F:\Porject\TalismanBagBrawl\stageconfigpanel01_task9_10_regression_task8.log
Successfully changed project path to: F:\Porject\TalismanBagBrawl
F:/Porject/TalismanBagBrawl
[UnityMemory] Configuration Parameters - Can be set up in boot.config
    "memorysetup-bucket-allocator-granularity=16"
    "memorysetup-bucket-allocator-bucket-count=8"
    "memorysetup-bucket-allocator-block-size=33554432"
    "memorysetup-bucket-allocator-block-count=8"
    "memorysetup-main-allocator-block-size=16777216"
    "memorysetup-thread-allocator-block-size=16777216"
    "memorysetup-gfx-main-allocator-block-size=16777216"
    "memorysetup-gfx-thread-allocator-block-size=16777216"
    "memorysetup-cache-allocator-block-size=4194304"
    "memorysetup-typetree-allocator-block-size=2097152"
    "memorysetup-profiler-bucket-allocator-granularity=16"
    "memorysetup-profiler-bucket-allocator-bucket-count=8"
    "memorysetup-profiler-bucket-allocator-block-size=33554432"
    "memorysetup-profiler-bucket-allocator-block-count=8"
    "memorysetup-profiler-allocator-block-size=16777216"
    "memorysetup-profiler-editor-allocator-block-size=1048576"
    "memorysetup-temp-allocator-size-main=16777216"
    "memorysetup-job-temp-allocator-block-size=2097152"
    "memorysetup-job-temp-allocator-block-size-background=1048576"
    "memorysetup-job-temp-allocator-reduction-small-platforms=262144"
    "memorysetup-allocator-temp-initial-block-size-main=262144"
    "memorysetup-allocator-temp-initial-block-size-worker=262144"
    "memorysetup-temp-allocator-size-background-worker=32768"
    "memorysetup-temp-allocator-size-job-worker=262144"
    "memorysetup-temp-allocator-size-preload-manager=33554432"
    "memorysetup-temp-allocator-size-nav-mesh-worker=65536"
    "memorysetup-temp-allocator-size-audio-worker=65536"
    "memorysetup-temp-allocator-size-cloud-worker=32768"
    "memorysetup-temp-allocator-size-gi-baking-worker=262144"
    "memorysetup-temp-allocator-size-gfx=262144"
Player connection [48912]  Target information:

Player connection [48912]  * "[IP] 172.21.224.1 [Port] 55504 [Flags] 2 [Guid] 4015664523 [EditorId] 4015664523 [Version] 1048832 [Id] WindowsEditor(7,AZHONG) [Debug] 1 [PackageName] WindowsEditor [ProjectName] Editor" 

Player connection [48912]  * "[IP] 100.96.94.82 [Port] 55504 [Flags] 2 [Guid] 4015664523 [EditorId] 4015664523 [Version] 1048832 [Id] WindowsEditor(7,AZHONG) [Debug] 1 [PackageName] WindowsEditor [ProjectName] Editor" 

Player connection [48912]  * "[IP] 172.26.198.132 [Port] 55504 [Flags] 2 [Guid] 4015664523 [EditorId] 4015664523 [Version] 1048832 [Id] WindowsEditor(7,AZHONG) [Debug] 1 [PackageName] WindowsEditor [ProjectName] Editor" 

Unable to join player connection multicast group (err: 10013).
Player connection [48912] Host joined alternative multi-casting on [225.0.0.222:34997]...
[PhysX] Initialized MultithreadedTaskDispatcher with 20 workers.
[Package Manager] UpmClient::Connect -- Connected to IPC stream "Upm-29136" after 0.3 seconds.
[Package Manager] Restoring resolved packages state from cache
[Licensing::Client] Successfully resolved entitlement details
[Package Manager] Registered 33 packages:
  Built-in packages:
    com.unity.ugui@1.0.0 (location: F:\Porject\TalismanBagBrawl\Library\PackageCache\com.unity.ugui@1.0.0)
    com.unity.modules.ai@1.0.0 (location: F:\Porject\TalismanBagBrawl\Library\PackageCache\com.unity.modules.ai@1.0.0)
    com.unity.modules.androidjni@1.0.0 (location: F:\Porject\TalismanBagBrawl\Library\PackageCache\com.unity.modules.androidjni@1.0.0)
    com.unity.modules.animation@1.0.0 (location: F:\Porject\TalismanBagBrawl\Library\PackageCache\com.unity.modules.animation@1.0.0)
    com.unity.modules.assetbundle@1.0.0 (location: F:\Porject\TalismanBagBrawl\Library\PackageCache\com.unity.modules.assetbundle@1.0.0)
    com.unity.modules.audio@1.0.0 (location: F:\Porject\TalismanBagBrawl\Library\PackageCache\com.unity.modules.audio@1.0.0)
    com.unity.modules.cloth@1.0.0 (location: F:\Porject\TalismanBagBrawl\Library\PackageCache\com.unity.modules.cloth@1.0.0)
    com.unity.modules.director@1.0.0 (location: F:\Porject\TalismanBagBrawl\Library\PackageCache\com.unity.modules.director@1.0.0)
    com.unity.modules.imageconversion@1.0.0 (location: F:\Porject\TalismanBagBrawl\Library\PackageCache\com.unity.modules.imageconversion@1.0.0)
    com.unity.modules.imgui@1.0.0 (location: F:\Porject\TalismanBagBrawl\Library\PackageCache\com.unity.modules.imgui@1.0.0)
    com.unity.modules.jsonserialize@1.0.0 (location: F:\Porject\TalismanBagBrawl\Library\PackageCache\com.unity.modules.jsonserialize@1.0.0)
    com.unity.modules.particlesystem@1.0.0 (location: F:\Porject\TalismanBagBrawl\Library\PackageCache\com.unity.modules.particlesystem@1.0.0)
    com.unity.modules.physics@1.0.0 (location: F:\Porject\TalismanBagBrawl\Library\PackageCache\com.unity.modules.physics@1.0.0)
    com.unity.modules.physics2d@1.0.0 (location: F:\Porject\TalismanBagBrawl\Library\PackageCache\com.unity.modules.physics2d@1.0.0)
    com.unity.modules.screencapture@1.0.0 (location: F:\Porject\TalismanBagBrawl\Library\PackageCache\com.unity.modules.screencapture@1.0.0)
    com.unity.modules.terrain@1.0.0 (location: F:\Porject\TalismanBagBrawl\Library\PackageCache\com.unity.modules.terrain@1.0.0)
    com.unity.modules.terrainphysics@1.0.0 (location: F:\Porject\TalismanBagBrawl\Library\PackageCache\com.unity.modules.terrainphysics@1.0.0)
    com.unity.modules.tilemap@1.0.0 (location: F:\Porject\TalismanBagBrawl\Library\PackageCache\com.unity.modules.tilemap@1.0.0)
    com.unity.modules.ui@1.0.0 (location: F:\Porject\TalismanBagBrawl\Library\PackageCache\com.unity.modules.ui@1.0.0)
    com.unity.modules.uielements@1.0.0 (location: F:\Porject\TalismanBagBrawl\Library\PackageCache\com.unity.modules.uielements@1.0.0)
    com.unity.modules.umbra@1.0.0 (location: F:\Porject\TalismanBagBrawl\Library\PackageCache\com.unity.modules.umbra@1.0.0)
    com.unity.modules.unityanalytics@1.0.0 (location: F:\Porject\TalismanBagBrawl\Library\PackageCache\com.unity.modules.unityanalytics@1.0.0)
    com.unity.modules.unitywebrequest@1.0.0 (location: F:\Porject\TalismanBagBrawl\Library\PackageCache\com.unity.modules.unitywebrequest@1.0.0)
    com.unity.modules.unitywebrequestassetbundle@1.0.0 (location: F:\Porject\TalismanBagBrawl\Library\PackageCache\com.unity.modules.unitywebrequestassetbundle@1.0.0)
    com.unity.modules.unitywebrequestaudio@1.0.0 (location: F:\Porject\TalismanBagBrawl\Library\PackageCache\com.unity.modules.unitywebrequestaudio@1.0.0)
    com.unity.modules.unitywebrequesttexture@1.0.0 (location: F:\Porject\TalismanBagBrawl\Library\PackageCache\com.unity.modules.unitywebrequesttexture@1.0.0)
    com.unity.modules.unitywebrequestwww@1.0.0 (location: F:\Porject\TalismanBagBrawl\Library\PackageCache\com.unity.modules.unitywebrequestwww@1.0.0)
    com.unity.modules.vehicles@1.0.0 (location: F:\Porject\TalismanBagBrawl\Library\PackageCache\com.unity.modules.vehicles@1.0.0)
    com.unity.modules.video@1.0.0 (location: F:\Porject\TalismanBagBrawl\Library\PackageCache\com.unity.modules.video@1.0.0)
    com.unity.modules.vr@1.0.0 (location: F:\Porject\TalismanBagBrawl\Library\PackageCache\com.unity.modules.vr@1.0.0)
    com.unity.modules.wind@1.0.0 (location: F:\Porject\TalismanBagBrawl\Library\PackageCache\com.unity.modules.wind@1.0.0)
    com.unity.modules.xr@1.0.0 (location: F:\Porject\TalismanBagBrawl\Library\PackageCache\com.unity.modules.xr@1.0.0)
    com.unity.modules.subsystems@1.0.0 (location: F:\Porject\TalismanBagBrawl\Library\PackageCache\com.unity.modules.subsystems@1.0.0)
[Subsystems] No new subsystems found in resolved package list.
Package Manager log level set to [2]
[Package Manager] Done registering packages in 0.10 seconds
Refreshing native plugins compatible for Editor in 0.00 ms, found 0 plugins.
Preloading 0 native plugins for Editor in 0.00 ms.
Initialize engine version: 2022.3.50f1c1 (11690e56caf9)
[Subsystems] Discovering subsystems at path F:/2022.3.50f1c1/Editor/Data/Resources/UnitySubsystems
[Subsystems] Discovering subsystems at path F:/Porject/TalismanBagBrawl/Assets
GfxDevice: creating device client; threaded=0; jobified=0
Direct3D:
    Version:  Direct3D 11.0 [level 11.1]
    Renderer: NVIDIA GeForce RTX 3060 Laptop GPU (ID=0x2560)
    Vendor:   NVIDIA
    VRAM:     5994 MB
    Driver:   32.0.15.9174
[Licensing::Client] Successfully resolved entitlement details
Initialize mono
Mono path[0] = 'F:/2022.3.50f1c1/Editor/Data/Managed'
Mono path[1] = 'F:/2022.3.50f1c1/Editor/Data/MonoBleedingEdge/lib/mono/unityjit-win32'
Mono config path = 'F:/2022.3.50f1c1/Editor/Data/MonoBleedingEdge/etc'
Using monoOptions --debugger-agent=transport=dt_socket,embedding=1,server=y,suspend=n,address=127.0.0.1:56136
Using cacheserver namespaces - metadata:defaultmetadata, artifacts:defaultartifacts
Using cacheserver namespaces - metadata:defaultmetadata, artifacts:defaultartifacts
ImportWorker Server TCP listen port: 0
Begin MonoManager ReloadAssembly
Registering precompiled unity dll's ...
Register platform support module: F:/2022.3.50f1c1/Editor/Data/PlaybackEngines/WebGLSupport/UnityEditor.WebGL.Extensions.dll
[Licensing::Client] Successfully resolved entitlement details
Register platform support module: F:/2022.3.50f1c1/Editor/Data/PlaybackEngines/AndroidPlayer/UnityEditor.Android.Extensions.dll
[Licensing::Client] Successfully resolved entitlement details
Register platform support module: F:/2022.3.50f1c1/Editor/Data/PlaybackEngines/iOSSupport/UnityEditor.iOS.Extensions.dll
Register platform support module: F:/2022.3.50f1c1/Editor/Data/PlaybackEngines/WindowsStandaloneSupport/UnityEditor.WindowsStandalone.Extensions.dll
Registered in 0.040661 seconds.
- Loaded All Assemblies, in  0.337 seconds
Native extension for WindowsStandalone target not found
Native extension for iOS target not found
Native extension for Android target not found
Android Extension - Scanning For ADB Devices 2269 ms
Native extension for WebGL target not found
Mono: successfully reloaded assembly
- Finished resetting the current domain, in  2.501 seconds
Domain Reload Profiling: 2834ms
	BeginReloadAssembly (92ms)
		ExecutionOrderSort (0ms)
		DisableScriptedObjects (0ms)
		BackupInstance (0ms)
		ReleaseScriptingObjects (0ms)
		CreateAndSetChildDomain (1ms)
	RebuildCommonClasses (27ms)
	RebuildNativeTypeToScriptingClass (7ms)
	initialDomainReloadingComplete (89ms)
	LoadAllAssembliesAndSetupDomain (119ms)
		LoadAssemblies (89ms)
		RebuildTransferFunctionScriptingTraits (0ms)
		AnalyzeDomain (116ms)
			TypeCache.Refresh (114ms)
				TypeCache.ScanAssembly (104ms)
			ScanForSourceGeneratedMonoScriptInfo (0ms)
			ResolveRequiredComponents (0ms)
	FinalizeReload (2501ms)
		ReleaseScriptCaches (0ms)
		RebuildScriptCaches (0ms)
		SetupLoadedEditorAssemblies (2465ms)
			LogAssemblyErrors (0ms)
			InitializePlatformSupportModulesInManaged (2343ms)
			SetLoadedEditorAssemblies (4ms)
			RefreshPlugins (0ms)
			BeforeProcessingInitializeOnLoad (2ms)
			ProcessInitializeOnLoadAttributes (83ms)
			ProcessInitializeOnLoadMethodAttributes (34ms)
			AfterProcessingInitializeOnLoad (0ms)
			EditorAssembliesLoaded (0ms)
		ExecutionOrderSort2 (0ms)
		AwakeInstancesAfterBackupRestoration (0ms)
[Licensing::Client] Successfully resolved entitlement details
Application.AssetDatabase Initial Refresh Start
Starting: F:\2022.3.50f1c1\Editor\Data\bee_backend.exe --dont-print-to-structured-log --ipc --defer-dag-verification --dagfile="Library/Bee/1900b0aE.dag" --continue-on-failure --profile="Library/Bee/backend1.traceevents" ScriptAssemblies
WorkingDir: F:/Porject/TalismanBagBrawl
DisplayProgressbar: Compiling Scripts
ExitCode: 0 Duration: 0s63ms
*** Tundra build success (0.03 seconds), 0 items updated, 129 evaluated
AssetDatabase: script compilation time: 0.475757s
Begin MonoManager ReloadAssembly
- Loaded All Assemblies, in  0.208 seconds
Refreshing native plugins compatible for Editor in 0.00 ms, found 0 plugins.
Preloading 0 native plugins for Editor in 0.00 ms.
Refreshing native plugins compatible for Editor in 0.00 ms, found 0 plugins.
Native extension for WindowsStandalone target not found
Native extension for iOS target not found
Native extension for Android target not found
Native extension for WebGL target not found
Mono: successfully reloaded assembly
- Finished resetting the current domain, in  0.251 seconds
Domain Reload Profiling: 454ms
	BeginReloadAssembly (124ms)
		ExecutionOrderSort (0ms)
		DisableScriptedObjects (4ms)
		BackupInstance (0ms)
		ReleaseScriptingObjects (0ms)
		CreateAndSetChildDomain (19ms)
	RebuildCommonClasses (23ms)
	RebuildNativeTypeToScriptingClass (6ms)
	initialDomainReloadingComplete (21ms)
	LoadAllAssembliesAndSetupDomain (30ms)
		LoadAssemblies (80ms)
		RebuildTransferFunctionScriptingTraits (0ms)
		AnalyzeDomain (22ms)
			TypeCache.Refresh (19ms)
				TypeCache.ScanAssembly (11ms)
			ScanForSourceGeneratedMonoScriptInfo (1ms)
			ResolveRequiredComponents (2ms)
	FinalizeReload (251ms)
		ReleaseScriptCaches (0ms)
		RebuildScriptCaches (0ms)
		SetupLoadedEditorAssemblies (168ms)
			LogAssemblyErrors (0ms)
			InitializePlatformSupportModulesInManaged (27ms)
			SetLoadedEditorAssemblies (2ms)
			RefreshPlugins (0ms)
			BeforeProcessingInitializeOnLoad (29ms)
			ProcessInitializeOnLoadAttributes (89ms)
			ProcessInitializeOnLoadMethodAttributes (12ms)
			AfterProcessingInitializeOnLoad (8ms)
			EditorAssembliesLoaded (0ms)
		ExecutionOrderSort2 (0ms)
		AwakeInstancesAfterBackupRestoration (5ms)
Asset Pipeline Refresh (id=e7ac37573310ed447aa1cba664b09bee): Total: 1.177 seconds - Initiated by InitialRefreshV2(ForceSynchronousImport)
	Summary:
		Imports: total=0 (actual=0, local cache=0, cache server=0)
		Asset DB Process Time: managed=0 ms, native=199 ms
		Asset DB Callback time: managed=9 ms, native=1 ms
		Scripting: domain reloads=1, domain reload time=480 ms, compile time=476 ms, other=10 ms
		Project Asset Count: scripts=597, non-scripts=171
		Asset File Changes: new=0, changed=0, moved=0, deleted=0
		Scan Filter Count: 0
	InvokeBeforeRefreshCallbacks: 1.228ms
	ApplyChangesToAssetFolders: 0.030ms
	Scan: 30.081ms
	OnSourceAssetsModified: 0.001ms
	GetAllGuidsForCategorization: 0.068ms
	CategorizeAssets: 6.351ms
	ImportOutOfDateAssets: 253.986ms (-224.341ms without children)
		CompileScripts: 475.859ms
		ReloadNativeAssets: 0.000ms
		UnloadImportedAssets: 2.072ms
		EnsureUptoDateAssetsAreRegisteredWithGuidPM: 0.148ms
		InitializingProgressBar: 0.000ms
		PostProcessAllAssetNotificationsAddChangedAssets: 0.000ms
		OnDemandSchedulerStart: 0.246ms
	PostProcessAllAssets: 9.742ms
	GatherAllCurrentPrimaryArtifactRevisions: 0.001ms
	UnloadStreamsBegin: 0.251ms
	PersistCurrentRevisions: 0.025ms
	UnloadStreamsEnd: 0.003ms
	GenerateScriptTypeHashes: 0.474ms
	Untracked: 875.147ms
Application.AssetDatabase Initial Refresh End
Launched and connected shader compiler UnityShaderCompiler.exe after 0.04 seconds
Scanning for USB devices : 0.635ms
Initializing Unity extensions:
[Licensing::Client] Successfully resolved entitlement details
[MODES] ModeService[none].Initialize
[MODES] ModeService[none].LoadModes
[MODES] Loading mode Default (0) for mode-current-id-TalismanBagPrototype
[PhysX] Initialized MultithreadedTaskDispatcher with 20 workers.
ProgressiveSceneManager::Cancel()
Unloading 3 Unused Serialized files (Serialized files now loaded: 0)
Unloading 14 unused Assets / (469.7 KB). Loaded Objects now: 904.
Memory consumption went from 84.8 MB to 84.3 MB.
Total: 2.179800 ms (FindLiveObjects: 0.050700 ms CreateObjectMapping: 0.010400 ms MarkObjects: 1.959300 ms  DeleteObjects: 0.158900 ms)

[StageConfigPanel01][Task08] SMOKE_SUCCESS upgrades=5, validation=15
UnityEngine.StackTraceUtility:ExtractStackTrace ()
UnityEngine.DebugLogHandler:LogFormat (UnityEngine.LogType,UnityEngine.Object,string,object[])
UnityEngine.Logger:Log (UnityEngine.LogType,object)
UnityEngine.Debug:Log (object)
TalismanBag.V02.Config.EditorTools.Task08UpgradeConfigMigration:VerifyBatch () (at Assets/_Game/Scripts/TalismanBag/V02/Config/Editor/Task08UpgradeConfigMigration.cs:90)

(Filename: Assets/_Game/Scripts/TalismanBag/V02/Config/Editor/Task08UpgradeConfigMigration.cs Line: 90)

Batchmode quit successfully invoked - shutting down!
Curl error 42: Callback aborted
Killing ADB server in 0.0548127 seconds.
[PhysX] Initialized MultithreadedTaskDispatcher with 20 workers.
[Licensing::IpcConnector] License Notification channel disconnected successfully.
[Licensing::IpcConnector] License Client channel disconnected successfully.
Cleanup mono
[Performance] WinEditorMain                                                                                                  :        1 samples, Peak.  1.25 s (1.0x), Avg.  1.25 s, Total. 1.248 s (14.7%)
[Performance] WinEditorMain.ConfigureCrashHandler                                                                            :        1 samples, Peak.  22.5 us (1.0x), Avg.  22.5 us, Total. 22.50 us (0.0%)
[Performance] WinEditorMain.CurlRequestInitialize                                                                            :        1 samples, Peak.   790 us (1.0x), Avg.   790 us, Total. 790.5 us (0.0%)
[Performance] WinEditorMain.SetupLogFile                                                                                     :        1 samples, Peak.   504 us (1.0x), Avg.   504 us, Total. 504.1 us (0.0%)
[Performance] WinEditorMain.RunNativeTestsIfRequiredAndExit                                                                  :        1 samples, Peak. 100.0 ns (1.0x), Avg. 100.0 ns, Total. 100.00 ns (0.0%)
[Performance] WinEditorMain.Licensing                                                                                        :        1 samples, Peak.  1.23 s (1.0x), Avg.  1.23 s, Total. 1.230 s (14.5%)
[Performance] WinEditorMain.InitializeCrashHandler                                                                           :        1 samples, Peak.  13.9 ms (1.0x), Avg.  13.9 ms, Total. 13.85 ms (0.2%)
[Performance] WinEditorMain.CreateApplication                                                                                :        1 samples, Peak.   348 us (1.0x), Avg.   348 us, Total. 348.4 us (0.0%)
[Performance] Application.InitializeProject                                                                                  :        1 samples, Peak.  6.70 s (1.0x), Avg.  6.70 s, Total. 6.699 s (78.7%)
[Performance] Application.PackageManager.StartServer                                                                         :        1 samples, Peak.  16.8 ms (1.0x), Avg.  16.8 ms, Total. 16.79 ms (0.2%)
[Performance] Application.AcquireProjectLock                                                                                 :        1 samples, Peak.  14.4 ms (1.0x), Avg.  14.4 ms, Total. 14.43 ms (0.2%)
[Performance] Application.InitializeEngineNoGraphics                                                                         :        1 samples, Peak.  52.6 ms (1.0x), Avg.  52.6 ms, Total. 52.58 ms (0.6%)
[Performance] Application.PackageManager.Initialize                                                                          :        1 samples, Peak.   300 ms (1.0x), Avg.   300 ms, Total. 300.1 ms (3.5%)
[Performance] Connecting to Package Manager                                                                                  :       31 samples, Peak.  61.7 us (19.2x), Avg.  3.21 us, Total. 99.40 us (0.0%)
[Performance] Application.EngineGraphics.Initialize                                                                          :        1 samples, Peak.  1.43 s (1.0x), Avg.  1.43 s, Total. 1.430 s (16.8%)
[Performance] Application.GI.Initialize                                                                                      :        1 samples, Peak.  4.74 ms (1.0x), Avg.  4.74 ms, Total. 4.737 ms (0.1%)
[Performance] Application.LoadAllDefaultResourcesFromEditor                                                                  :        1 samples, Peak.  1.61 ms (1.0x), Avg.  1.61 ms, Total. 1.611 ms (0.0%)
[Performance] Application.LoadMonoAssemblies                                                                                 :        1 samples, Peak.  2.86 s (1.0x), Avg.  2.86 s, Total. 2.855 s (33.6%)
[Performance] RestoreManagedReferences                                                                                       :        2 samples, Peak.  36.4 ms (2.0x), Avg.  18.2 ms, Total. 36.35 ms (0.4%)
[Performance] InitializeOnLoad PlayModeDownload                                                                              :        2 samples, Peak.  3.45 ms (1.6x), Avg.  2.10 ms, Total. 4.194 ms (0.0%)
[Performance] InitializeOnLoad DrivenRectTransformUndo                                                                       :        2 samples, Peak.   184 us (1.1x), Avg.   171 us, Total. 341.7 us (0.0%)
[Performance] InitializeOnLoad NativeFormatImporterUtility                                                                   :        2 samples, Peak.  2.12 ms (1.3x), Avg.  1.67 ms, Total. 3.331 ms (0.0%)
[Performance] InitializeOnLoad ProjectSearch                                                                                 :        2 samples, Peak.  93.9 us (1.0x), Avg.  93.2 us, Total. 186.4 us (0.0%)
[Performance] InitializeOnLoad UnityConnect                                                                                  :        2 samples, Peak.  37.3 us (1.1x), Avg.  34.1 us, Total. 68.10 us (0.0%)
[Performance] InitializeOnLoad PrefabInstanceChangedListener                                                                 :        2 samples, Peak.   101 us (1.1x), Avg.  92.1 us, Total. 184.3 us (0.0%)
[Performance] InitializeOnLoad MenuItems                                                                                     :        2 samples, Peak.   223 us (1.1x), Avg.   196 us, Total. 392.8 us (0.0%)
[Performance] InitializeOnLoad SettingsService                                                                               :        2 samples, Peak.  7.10 us (1.1x), Avg.  6.50 us, Total. 13.00 us (0.0%)
[Performance] InitializeOnLoad CloudBuild                                                                                    :        2 samples, Peak.  2.50 us (1.1x), Avg.  2.20 us, Total. 4.400 us (0.0%)
[Performance] InitializeOnLoad WindowLayout                                                                                  :        2 samples, Peak.  31.3 us (1.2x), Avg.  26.7 us, Total. 53.30 us (0.0%)
[Performance] InitializeOnLoad AssetStoreContext                                                                             :        2 samples, Peak.  16.8 ms (1.7x), Avg.  9.90 ms, Total. 19.81 ms (0.2%)
[Performance] InitializeOnLoad MixerEffectDefinitionReloader                                                                 :        2 samples, Peak.  2.74 ms (1.4x), Avg.  1.92 ms, Total. 3.838 ms (0.0%)
[Performance] InitializeOnLoad ObjectSelectorSearch                                                                          :        2 samples, Peak.  45.1 us (1.1x), Avg.  41.7 us, Total. 83.40 us (0.0%)
[Performance] InitializeOnLoad ManagedDebugger                                                                               :        2 samples, Peak.   422 us (1.0x), Avg.   419 us, Total. 837.0 us (0.0%)
[Performance] InitializeOnLoad EditMode                                                                                      :        2 samples, Peak.   292 us (1.1x), Avg.   264 us, Total. 527.8 us (0.0%)
[Performance] InitializeOnLoad ShortcutIntegration                                                                           :        2 samples, Peak.  45.3 us (1.1x), Avg.  40.1 us, Total. 80.10 us (0.0%)
[Performance] InitializeOnLoad SceneSearch                                                                                   :        2 samples, Peak.  38.1 us (1.1x), Avg.  36.0 us, Total. 71.90 us (0.0%)
[Performance] InitializeOnLoad ManagedDebuggerWindow                                                                         :        2 samples, Peak.  84.3 us (1.1x), Avg.  77.8 us, Total. 155.7 us (0.0%)
[Performance] InitializeOnLoad CacheServerWindow                                                                             :        2 samples, Peak.  7.60 us (1.3x), Avg.  5.95 us, Total. 11.90 us (0.0%)
[Performance] InitializeOnLoad SearchService                                                                                 :        2 samples, Peak.  75.3 us (1.0x), Avg.  72.3 us, Total. 144.6 us (0.0%)
[Performance] InitializeOnLoad AddComponentWindow                                                                            :        2 samples, Peak.  66.6 us (1.0x), Avg.  64.8 us, Total. 129.6 us (0.0%)
[Performance] InitializeOnLoad UISystemProfilerRenderService                                                                 :        2 samples, Peak.  5.50 us (1.1x), Avg.  5.05 us, Total. 10.10 us (0.0%)
[Performance] InitializeOnLoad EditorMonitor                                                                                 :        2 samples, Peak.   451 us (1.0x), Avg.   450 us, Total. 899.5 us (0.0%)
[Performance] InitializeOnLoad RetainedMode                                                                                  :        2 samples, Peak.  1.75 ms (1.0x), Avg.  1.74 ms, Total. 3.484 ms (0.0%)
[Performance] InitializeOnLoad EditorShaderLoader                                                                            :        2 samples, Peak.   493 us (1.0x), Avg.   475 us, Total. 949.2 us (0.0%)
[Performance] InitializeOnLoad EditorDelegateRegistration                                                                    :        2 samples, Peak.   333 us (1.0x), Avg.   327 us, Total. 654.8 us (0.0%)
[Performance] InitializeOnLoad UIDocumentHierarchyWatcher                                                                    :        2 samples, Peak.  57.2 us (1.1x), Avg.  51.9 us, Total. 103.8 us (0.0%)
[Performance] InitializeOnLoad LiveReloadTrackerCreator                                                                      :        2 samples, Peak.   158 us (1.2x), Avg.   126 us, Total. 253.0 us (0.0%)
[Performance] InitializeOnLoad UxmlObjectEditorFactories                                                                     :        2 samples, Peak.   355 us (1.0x), Avg.   345 us, Total. 690.6 us (0.0%)
[Performance] InitializeOnLoad UXMLEditorFactories                                                                           :        2 samples, Peak.  42.2 ms (1.0x), Avg.  41.0 ms, Total. 81.97 ms (1.0%)
[Performance] InitializeOnLoad PurchasingService                                                                             :        2 samples, Peak.  5.37 ms (1.0x), Avg.  5.13 ms, Total. 10.26 ms (0.1%)
[Performance] InitializeOnLoad CloudBuildPoller                                                                              :        2 samples, Peak.  85.6 us (1.1x), Avg.  80.8 us, Total. 161.5 us (0.0%)
[Performance] InitializeOnLoad EditorGameServicesAnalytics                                                                   :        2 samples, Peak.  1.21 ms (1.3x), Avg.   937 us, Total. 1.873 ms (0.0%)
[Performance] InitializeOnLoad AnalyticsService                                                                              :        2 samples, Peak.   136 us (1.1x), Avg.   129 us, Total. 258.3 us (0.0%)
[Performance] InitializeOnLoad BuildService                                                                                  :        2 samples, Peak.  97.2 us (1.0x), Avg.  95.8 us, Total. 191.7 us (0.0%)
[Performance] InitializeOnLoad AdsService                                                                                    :        2 samples, Peak.   272 us (1.0x), Avg.   265 us, Total. 529.4 us (0.0%)
[Performance] InitializeOnLoad UDPService                                                                                    :        2 samples, Peak.   115 us (1.1x), Avg.   105 us, Total. 210.3 us (0.0%)
[Performance] InitializeOnLoad CrashService                                                                                  :        2 samples, Peak.   105 us (1.1x), Avg.  99.7 us, Total. 199.4 us (0.0%)
[Performance] InitializeOnLoad ServicesRepository                                                                            :        2 samples, Peak.   400 ns (1.3x), Avg.   300 ns, Total. 600.0 ns (0.0%)
[Performance] InitializeOnLoad SearchWindow                                                                                  :        2 samples, Peak.  88.5 us (1.0x), Avg.  87.4 us, Total. 174.8 us (0.0%)
[Performance] InitializeOnLoad CustomIndexers                                                                                :        2 samples, Peak.  13.9 ms (1.1x), Avg.  12.5 ms, Total. 25.10 ms (0.3%)
[Performance] InitializeOnLoad SearchMonitor                                                                                 :        2 samples, Peak.   692 us (1.1x), Avg.   649 us, Total. 1.297 ms (0.0%)
[Performance] InitializeOnLoad ParameterControllerEditor                                                                     :        2 samples, Peak.  15.7 us (1.2x), Avg.  13.6 us, Total. 27.30 us (0.0%)
[Performance] InitializeOnLoad LayerSettingsWindow                                                                           :        2 samples, Peak.  16.7 us (1.6x), Avg.  10.4 us, Total. 20.80 us (0.0%)
[Performance] InitializeOnLoad PackageManagerHookGUIDConverter.RegisterPackagesEventHandler                                  :        2 samples, Peak.   623 us (1.7x), Avg.   361 us, Total. 721.8 us (0.0%)
[Performance] InitializeOnLoad EditorDragAndDrop.RegisterEditorClient                                                        :        2 samples, Peak.   146 us (1.0x), Avg.   141 us, Total. 282.1 us (0.0%)
[Performance] InitializeOnLoad EditorEventCallbacks.InitializeFontAssetResourceChangeCallBacks                               :        2 samples, Peak.   850 us (1.1x), Avg.   805 us, Total. 1.609 ms (0.0%)
[Performance] InitializeOnLoad SceneTemplateService.Init                                                                     :        2 samples, Peak.  1.06 ms (1.1x), Avg.   963 us, Total. 1.925 ms (0.0%)
[Performance] InitializeOnLoad DiagnosticSwitchesConsoleMessage.Init                                                         :        2 samples, Peak.  5.77 ms (1.8x), Avg.  3.23 ms, Total. 6.456 ms (0.1%)
[Performance] InitializeOnLoad RectSelection.RegisterShortcutContext                                                         :        2 samples, Peak.   157 us (1.0x), Avg.   151 us, Total. 302.5 us (0.0%)
[Performance] InitializeOnLoad SysrootManager.Initialize                                                                     :        2 samples, Peak.  10.2 us (1.1x), Avg.  8.95 us, Total. 17.90 us (0.0%)
[Performance] InitializeOnLoad SceneVisibilityManager.Initialize                                                             :        2 samples, Peak.  2.39 ms (1.5x), Avg.  1.57 ms, Total. 3.136 ms (0.0%)
[Performance] InitializeOnLoad AssetPostprocessingInternal.RefreshCustomDependencies                                         :        2 samples, Peak.  2.32 ms (1.1x), Avg.  2.05 ms, Total. 4.102 ms (0.0%)
[Performance] InitializeOnLoad MemoryProfilerCompilationGuard.InjectCompileGuard                                             :        2 samples, Peak.   120 us (1.1x), Avg.   110 us, Total. 220.2 us (0.0%)
[Performance] InitializeOnLoad SceneViewMotion.RegisterShortcutContexts                                                      :        2 samples, Peak.  96.6 us (1.0x), Avg.  96.4 us, Total. 192.7 us (0.0%)
[Performance] InitializeOnLoad EditorWindow.Initialize                                                                       :        2 samples, Peak.   184 us (1.2x), Avg.   160 us, Total. 320.5 us (0.0%)
[Performance] InitializeOnLoad ScopedRegistryAddedPopup.SubscribeToRegistriesAdded                                           :        2 samples, Peak.  18.3 ms (1.6x), Avg.  11.7 ms, Total. 23.33 ms (0.3%)
[Performance] InitializeOnLoad ToolShortcutContext.Init                                                                      :        2 samples, Peak.   117 us (1.1x), Avg.   108 us, Total. 216.1 us (0.0%)
[Performance] InitializeOnLoad PackageManagerWindow.EditorInitializedInSafeMode                                              :        2 samples, Peak.   161 us (1.2x), Avg.   130 us, Total. 260.3 us (0.0%)
[Performance] AssemblyReloadEvents.afterAssemblyReload: UnityEditor.SceneTemplate.SceneTemplateService.AfterAssemblyReload   :        2 samples, Peak.  2.78 ms (1.8x), Avg.  1.51 ms, Total. 3.026 ms (0.0%)
[Performance] ProcessService.EditorAfterLoadAllAssemblies                                                                    :        2 samples, Peak.   229 us (1.0x), Avg.   219 us, Total. 438.7 us (0.0%)
[Performance] Application.ReadLicenseInfo                                                                                    :        1 samples, Peak.  14.0 ms (1.0x), Avg.  14.0 ms, Total. 13.97 ms (0.2%)
[Performance] Application.InitialRefresh                                                                                     :        1 samples, Peak.  1.18 s (1.0x), Avg.  1.18 s, Total. 1.178 s (13.8%)
[Performance] Compiling Scripts                                                                                              :        1 samples, Peak.   476 ms (1.0x), Avg.   476 ms, Total. 475.8 ms (5.6%)
[Performance] AssemblyReloadEvents.beforeAssemblyReload: UnityEditor.SceneTemplate.SceneTemplateService.BeforeAssemblyReload :        1 samples, Peak.   373 us (1.0x), Avg.   373 us, Total. 373.0 us (0.0%)
[Performance] InitializeOnLoad PrefabLayoutRebuilder                                                                         :        1 samples, Peak.   186 us (1.0x), Avg.   186 us, Total. 186.0 us (0.0%)
[Performance] InitializeOnLoad MobilePortraitLayoutRuntimeFix.ApplyInEditorAfterScriptsReload                                :        1 samples, Peak.   549 us (1.0x), Avg.   549 us, Total. 548.6 us (0.0%)
[Performance] DidReloadScriptsAdvancedDropdownWindow.OnScriptReload                                                          :        1 samples, Peak.   148 us (1.0x), Avg.   148 us, Total. 147.8 us (0.0%)
[Performance] SyncVS.PostprocessSyncProject                                                                                  :        1 samples, Peak.  1.01 ms (1.0x), Avg.  1.01 ms, Total. 1.015 ms (0.0%)
[Performance] Application.ImportPackagesAndSetTemplateWhenCreatingProject                                                    :        1 samples, Peak.  10.6 ms (1.0x), Avg.  10.6 ms, Total. 10.63 ms (0.1%)
[Performance] Application.SyncCurrentColorSpace                                                                              :        1 samples, Peak.  73.8 ms (1.0x), Avg.  73.8 ms, Total. 73.82 ms (0.9%)
[Performance] Application.OnUsbDevicesChanged                                                                                :        1 samples, Peak.   698 us (1.0x), Avg.   698 us, Total. 698.0 us (0.0%)
[Performance] Application.AssetInstanceCacheUpdate                                                                           :        1 samples, Peak.   200 ns (1.0x), Avg.   200 ns, Total. 200.0 ns (0.0%)
[Performance] Application.UnityExtensions.Initialize                                                                         :        1 samples, Peak.   591 us (1.0x), Avg.   591 us, Total. 590.7 us (0.0%)
[Performance] CodeEditorProjectSync.SyncEditorProject                                                                        :        1 samples, Peak.  97.6 us (1.0x), Avg.  97.6 us, Total. 97.60 us (0.0%)
[Performance] Application.ExecuteStartups                                                                                    :        1 samples, Peak.  43.7 ms (1.0x), Avg.  43.7 ms, Total. 43.66 ms (0.5%)
[Performance] Menu.RegisterMenuInterface                                                                                     :       26 samples, Peak.   600 ns (4.2x), Avg.   142 ns, Total. 3.700 us (0.0%)
[Performance] Gizmo.RebuildRenderers                                                                                         :        1 samples, Peak.  43.4 ms (1.0x), Avg.  43.4 ms, Total. 43.44 ms (0.5%)
[Performance] Gizmo.AddGizmoRenderers                                                                                        :       30 samples, Peak.  1.37 ms (21.3x), Avg.  64.5 us, Total. 1.936 ms (0.0%)
[Performance] Application.editorInitializingProject                                                                          :        1 samples, Peak.   395 ms (1.0x), Avg.   395 ms, Total. 394.8 ms (4.6%)
[Performance] Application.InitializeMenu                                                                                     :        1 samples, Peak.  35.5 ms (1.0x), Avg.  35.5 ms, Total. 35.54 ms (0.4%)
[Performance] Menu.RebuildAll                                                                                                :        1 samples, Peak.  35.5 ms (1.0x), Avg.  35.5 ms, Total. 35.53 ms (0.4%)
[Performance] Menu.BuildRegisteredMenuInterfaces                                                                             :        1 samples, Peak.  33.7 ms (1.0x), Avg.  33.7 ms, Total. 33.75 ms (0.4%)
[Performance] Menu.FilterMenuItem                                                                                            :      601 samples, Peak.  13.3 ms (594.1x), Avg.  22.4 us, Total. 13.47 ms (0.2%)
[Performance] UpdateAllMenus                                                                                                 :        1 samples, Peak.   362 us (1.0x), Avg.   362 us, Total. 361.7 us (0.0%)
[Performance] Menu.RebuildOSMainMenu                                                                                         :        1 samples, Peak.  1.27 ms (1.0x), Avg.  1.27 ms, Total. 1.269 ms (0.0%)
[Performance] EditorSceneManager.sceneClosing: UnityEditor.SceneVisibilityManager.EditorSceneManagerOnSceneClosing           :        1 samples, Peak.   191 us (1.0x), Avg.   191 us, Total. 190.5 us (0.0%)
[Performance] GUIView.RepaintAll.PlayerLoopController                                                                        :        1 samples, Peak.  1000 ns (1.0x), Avg.  1000 ns, Total. 1000.0 ns (0.0%)
[Performance] EditorSceneManager.newSceneCreated: UnityEditor.SceneTemplate.SceneTemplateService.OnNewSceneCreated           :        1 samples, Peak.   232 us (1.0x), Avg.   232 us, Total. 232.0 us (0.0%)
[Performance] EditorSceneManager.newSceneCreated: UnityEditor.SceneVisibilityManager.EditorSceneManagerOnNewSceneCreated     :        1 samples, Peak.   145 us (1.0x), Avg.   145 us, Total. 144.8 us (0.0%)
[Performance] EditorSceneManager.newSceneCreated: UnityEditor.SceneManagement.StageNavigationManager.OnNewSceneCreated       :        1 samples, Peak.  44.9 us (1.0x), Avg.  44.9 us, Total. 44.90 us (0.0%)
[Performance] Application.InvokeFinishedLoadingProject                                                                       :        1 samples, Peak.  1.07 ms (1.0x), Avg.  1.07 ms, Total. 1.073 ms (0.0%)
[Performance] ProcessService.OnProjectLoaded                                                                                 :        1 samples, Peak.  31.3 us (1.0x), Avg.  31.3 us, Total. 31.30 us (0.0%)
[Performance] VersionControl.Task.Wait                                                                                       :        1 samples, Peak.  7.40 us (1.0x), Avg.  7.40 us, Total. 7.400 us (0.0%)
[Performance] EditorApplication.quitting: callback in UnityEditor.TextCore.Text.EditorEventCallbacks                         :        1 samples, Peak.  1.47 ms (1.0x), Avg.  1.47 ms, Total. 1.468 ms (0.0%)
[Performance] Killing ADB server                                                                                             :        1 samples, Peak.  57.6 ms (1.0x), Avg.  57.6 ms, Total. 57.63 ms (0.7%)
[Performance] Application.Shutdown.PauseProfilerSession                                                                      :        1 samples, Peak.  24.0 us (1.0x), Avg.  24.0 us, Total. 24.00 us (0.0%)
[Performance] Application.Shutdown.PauseAssetImportWorkers                                                                   :        1 samples, Peak.   107 us (1.0x), Avg.   107 us, Total. 107.0 us (0.0%)
[Performance] Application.Shutdown.SaveAssets                                                                                :        1 samples, Peak.  7.72 ms (1.0x), Avg.  7.72 ms, Total. 7.724 ms (0.1%)
[Performance] BuilderAssetModificationProcessor.OnWillSaveAssets                                                             :        1 samples, Peak.   637 us (1.0x), Avg.   637 us, Total. 637.4 us (0.0%)
[Performance] TerrainModificationProcessor.OnWillSaveAssets                                                                  :        1 samples, Peak.   488 us (1.0x), Avg.   488 us, Total. 487.9 us (0.0%)
[Performance] AssetDatabase.ImportAssets                                                                                     :        2 samples, Peak.   800 ns (1.8x), Avg.   450 ns, Total. 900.0 ns (0.0%)
[Performance] Application.Shutdown.CleanupRenderPipeline                                                                     :        1 samples, Peak.  7.00 us (1.0x), Avg.  7.00 us, Total. 7.000 us (0.0%)
[Performance] Application.Shutdown.StopPreloadManager                                                                        :        1 samples, Peak.  9.98 ms (1.0x), Avg.  9.98 ms, Total. 9.981 ms (0.1%)
[Performance] Application.Shutdown.DestroyWorld                                                                              :        1 samples, Peak.   327 us (1.0x), Avg.   327 us, Total. 326.9 us (0.0%)
[Performance] Application.Shutdown.CleanupAfterLoad                                                                          :        1 samples, Peak.  1.74 ms (1.0x), Avg.  1.74 ms, Total. 1.738 ms (0.0%)
[Performance] Application.Shutdown.Progress                                                                                  :        1 samples, Peak.  5.40 us (1.0x), Avg.  5.40 us, Total. 5.400 us (0.0%)
[Performance] Application.Shutdown.GICleanupManagers                                                                         :        1 samples, Peak.   965 us (1.0x), Avg.   965 us, Total. 964.6 us (0.0%)
[Performance] Application.Shutdown.MenuCleanupClass                                                                          :        1 samples, Peak.   128 us (1.0x), Avg.   128 us, Total. 128.4 us (0.0%)
[Performance] Application.Shutdown.ADBSaveStateBeforeShutdown                                                                :        1 samples, Peak.  7.90 us (1.0x), Avg.  7.90 us, Total. 7.900 us (0.0%)
[Performance] Application.Shutdown.RemoteShutdown                                                                            :        1 samples, Peak.  1.80 us (1.0x), Avg.  1.80 us, Total. 1.800 us (0.0%)
[Performance] Application.Shutdown.CleanupVCProvider                                                                         :        1 samples, Peak.  9.00 us (1.0x), Avg.  9.00 us, Total. 9.000 us (0.0%)
[Performance] Application.Shutdown.InputShutdown                                                                             :        1 samples, Peak.   600 ns (1.0x), Avg.   600 ns, Total. 600.0 ns (0.0%)
[Performance] Application.Shutdown.GizmoManagerDestroy                                                                       :        1 samples, Peak.   829 us (1.0x), Avg.   829 us, Total. 828.7 us (0.0%)
[Performance] Application.Shutdown.ProfilerSession                                                                           :        1 samples, Peak.   177 us (1.0x), Avg.   177 us, Total. 177.5 us (0.0%)
[Performance] Application.Shutdown.ReleaseGfxWindowOnAllGUIViews                                                             :        1 samples, Peak.   200 ns (1.0x), Avg.   200 ns, Total. 200.0 ns (0.0%)
[Performance] Application.Shutdown.CleanupEngine                                                                             :        1 samples, Peak.   195 ms (1.0x), Avg.   195 ms, Total. 194.6 ms (2.3%)
[Performance] Application.Shutdown.CleanupAssetDatabase                                                                      :        1 samples, Peak.  4.90 ms (1.0x), Avg.  4.90 ms, Total. 4.903 ms (0.1%)
[Performance] Application.Shutdown.ScriptCompilationCleanUp                                                                  :        1 samples, Peak.  29.7 ms (1.0x), Avg.  29.7 ms, Total. 29.66 ms (0.3%)
[Performance] Application.Shutdown.DestroyJobSystem                                                                          :        1 samples, Peak.   113 us (1.0x), Avg.   113 us, Total. 113.4 us (0.0%)
[Performance] Application.Shutdown.CleanupPersistentManager                                                                  :        1 samples, Peak.   301 us (1.0x), Avg.   301 us, Total. 301.3 us (0.0%)
[Performance] Application.Shutdown.CleanupAsyncReadManager                                                                   :        1 samples, Peak.   291 us (1.0x), Avg.   291 us, Total. 290.8 us (0.0%)
[Performance] Application.Shutdown.CleanupProgressBar                                                                        :        1 samples, Peak.   300 ns (1.0x), Avg.   300 ns, Total. 300.0 ns (0.0%)
[Performance] Application.Shutdown.CleanupMono                                                                               :        1 samples, Peak.  26.1 ms (1.0x), Avg.  26.1 ms, Total. 26.15 ms (0.3%)
[Performance] Application.Shutdown.CleanupStdConverters                                                                      :        1 samples, Peak.  6.90 us (1.0x), Avg.  6.90 us, Total. 6.900 us (0.0%)
[Performance] Application.Shutdown.UnloadAllPlatformSupportModuleNativeDlls                                                  :        1 samples, Peak.   600 ns (1.0x), Avg.   600 ns, Total. 600.0 ns (0.0%)
[Performance] Application.Shutdown.UnloadAllPlatformSupportNativeLibraries                                                   :        1 samples, Peak.   737 us (1.0x), Avg.   737 us, Total. 736.8 us (0.0%)
[Performance] Application.Shutdown.CleanupAutoDocumentation                                                                  :        1 samples, Peak.   280 us (1.0x), Avg.   280 us, Total. 279.6 us (0.0%)
[Performance] Application.Shutdown.ShaderNameManagerDestroy                                                                  :        1 samples, Peak.  42.6 us (1.0x), Avg.  42.6 us, Total. 42.60 us (0.0%)
[Performance] Application.Shutdown.CleanupCacheServer                                                                        :        1 samples, Peak.   300 ns (1.0x), Avg.   300 ns, Total. 300.0 ns (0.0%)
[Performance] Application.Shutdown.Virtualization_Shutdown                                                                   :        1 samples, Peak.   200 ns (1.0x), Avg.   200 ns, Total. 200.0 ns (0.0%)
[Performance] Application.Shutdown.DevConnections                                                                            :        1 samples, Peak.   225 us (1.0x), Avg.   225 us, Total. 224.8 us (0.0%)
Exiting batchmode successfully now!
Exiting without the bug reporter. Application will terminate with return code 0