[Licensing::Module] Trying to connect to existing licensing client channel...
[Licensing::IpcConnector] Successfully connected to the License Client on channel: "LicenseClient-Ella" at "2026-06-19T14:08:42.4248456Z"
[Licensing::Client] Error: Code 10 while verifying Licensing Client signature (process Id: 34584, path: "F:/Unity/UnityLicensingClient_V1/Unity.Licensing.Client.exe")
[Licensing::Module] Error: LicensingClient has failed validation; ignoring
[Licensing::Client] Handshaking with LicensingClient:
  Version:                 1.16.1+e780b2e
  Session Id:              18dd3d44103e44b2b8aa7e78b553ddf4
  Correlation Id:          40230870b30851cbd9edd537a3e389a4
  External correlation Id: 7994691143343003103
  Machine Id:              QMrWtx9hVXosAzhclIHeHFJpmiY=
[Licensing::Module] Successfully connected to LicensingClient on channel: "LicenseClient-Ella" (connect: 0.00s, validation: 0.02s, handshake: 0.04s)
[Licensing::IpcConnector] Successfully connected to the License Notification on channel: "LicenseClient-Ella-notifications" at "2026-06-19T14:08:42.4916368Z"
[Licensing::Module] Error: Access token is unavailable; failed to update
[Licensing::Client] Successfully updated license
Built from '2022.3/china_unity/release' branch; Version is '2022.3.50f1c1 (11690e56caf9) revision 1141006'; Using compiler version '192829333'; Build Type 'Release'
OS: 'Windows 11  (10.0.26200) 64bit CoreCountrySpecific' Language: 'zh' Physical Memory: 16108 MB
[Licensing::Client] Successfully resolved entitlement details
[Licensing::Module] Serial number assigned to: "F4-5GR3-KX6Y-SQ3Y-UUUD-XXXX"
BatchMode: 1, IsHumanControllingUs: 0, StartBugReporterOnCrash: 0, Is64bit: 1, IsPro: 0
[Licensing::Client] Successfully resolved entitlement details

COMMAND LINE ARGUMENTS:
F:\2022.3.50f1c1\Editor\Unity.exe
-batchmode
-quit
-projectPath
F:\Porject\TalismanBagBrawl
-executeMethod
TalismanBag.V02.Config.EditorTools.Task06DropConfigMigration.VerifyBatch
-logFile
F:\Porject\TalismanBagBrawl\stageconfigpanel01_task9_10_regression_task6.log
Successfully changed project path to: F:\Porject\TalismanBagBrawl
F:/Porject/TalismanBagBrawl
[UnityMemory] Configuration Parameters - Can be set up in boot.config
    "memorysetup-bucket-allocator-granularity=16"
    "memorysetup-bucket-allocator-bucket-count=8"
    "memorysetup-bucket-allocator-block-size=33554432"
    "memorysetup-bucket-allocator-block-count=8"
    "memorysetup-main-allocator-block-size=16777216"
    "memorysetup-thread-allocator-block-size=16777216"
    "memorysetup-gfx-main-allocator-block-size=16777216"
    "memorysetup-gfx-thread-allocator-block-size=16777216"
    "memorysetup-cache-allocator-block-size=4194304"
    "memorysetup-typetree-allocator-block-size=2097152"
    "memorysetup-profiler-bucket-allocator-granularity=16"
    "memorysetup-profiler-bucket-allocator-bucket-count=8"
    "memorysetup-profiler-bucket-allocator-block-size=33554432"
    "memorysetup-profiler-bucket-allocator-block-count=8"
    "memorysetup-profiler-allocator-block-size=16777216"
    "memorysetup-profiler-editor-allocator-block-size=1048576"
    "memorysetup-temp-allocator-size-main=16777216"
    "memorysetup-job-temp-allocator-block-size=2097152"
    "memorysetup-job-temp-allocator-block-size-background=1048576"
    "memorysetup-job-temp-allocator-reduction-small-platforms=262144"
    "memorysetup-allocator-temp-initial-block-size-main=262144"
    "memorysetup-allocator-temp-initial-block-size-worker=262144"
    "memorysetup-temp-allocator-size-background-worker=32768"
    "memorysetup-temp-allocator-size-job-worker=262144"
    "memorysetup-temp-allocator-size-preload-manager=33554432"
    "memorysetup-temp-allocator-size-nav-mesh-worker=65536"
    "memorysetup-temp-allocator-size-audio-worker=65536"
    "memorysetup-temp-allocator-size-cloud-worker=32768"
    "memorysetup-temp-allocator-size-gi-baking-worker=262144"
    "memorysetup-temp-allocator-size-gfx=262144"
Player connection [23388]  Target information:

Player connection [23388]  * "[IP] 172.21.224.1 [Port] 55504 [Flags] 2 [Guid] 2031910151 [EditorId] 2031910151 [Version] 1048832 [Id] WindowsEditor(7,AZHONG) [Debug] 1 [PackageName] WindowsEditor [ProjectName] Editor" 

Player connection [23388]  * "[IP] 100.96.94.82 [Port] 55504 [Flags] 2 [Guid] 2031910151 [EditorId] 2031910151 [Version] 1048832 [Id] WindowsEditor(7,AZHONG) [Debug] 1 [PackageName] WindowsEditor [ProjectName] Editor" 

Player connection [23388]  * "[IP] 172.26.198.132 [Port] 55504 [Flags] 2 [Guid] 2031910151 [EditorId] 2031910151 [Version] 1048832 [Id] WindowsEditor(7,AZHONG) [Debug] 1 [PackageName] WindowsEditor [ProjectName] Editor" 

Unable to join player connection multicast group (err: 10013).
Player connection [23388] Host joined alternative multi-casting on [225.0.0.222:34997]...
[PhysX] Initialized MultithreadedTaskDispatcher with 20 workers.
[Package Manager] UpmClient::Connect -- Connected to IPC stream "Upm-71064" after 0.3 seconds.
[Package Manager] Restoring resolved packages state from cache
[Licensing::Client] Successfully resolved entitlement details
[Package Manager] Registered 33 packages:
  Built-in packages:
    com.unity.ugui@1.0.0 (location: F:\Porject\TalismanBagBrawl\Library\PackageCache\com.unity.ugui@1.0.0)
    com.unity.modules.ai@1.0.0 (location: F:\Porject\TalismanBagBrawl\Library\PackageCache\com.unity.modules.ai@1.0.0)
    com.unity.modules.androidjni@1.0.0 (location: F:\Porject\TalismanBagBrawl\Library\PackageCache\com.unity.modules.androidjni@1.0.0)
    com.unity.modules.animation@1.0.0 (location: F:\Porject\TalismanBagBrawl\Library\PackageCache\com.unity.modules.animation@1.0.0)
    com.unity.modules.assetbundle@1.0.0 (location: F:\Porject\TalismanBagBrawl\Library\PackageCache\com.unity.modules.assetbundle@1.0.0)
    com.unity.modules.audio@1.0.0 (location: F:\Porject\TalismanBagBrawl\Library\PackageCache\com.unity.modules.audio@1.0.0)
    com.unity.modules.cloth@1.0.0 (location: F:\Porject\TalismanBagBrawl\Library\PackageCache\com.unity.modules.cloth@1.0.0)
    com.unity.modules.director@1.0.0 (location: F:\Porject\TalismanBagBrawl\Library\PackageCache\com.unity.modules.director@1.0.0)
    com.unity.modules.imageconversion@1.0.0 (location: F:\Porject\TalismanBagBrawl\Library\PackageCache\com.unity.modules.imageconversion@1.0.0)
    com.unity.modules.imgui@1.0.0 (location: F:\Porject\TalismanBagBrawl\Library\PackageCache\com.unity.modules.imgui@1.0.0)
    com.unity.modules.jsonserialize@1.0.0 (location: F:\Porject\TalismanBagBrawl\Library\PackageCache\com.unity.modules.jsonserialize@1.0.0)
    com.unity.modules.particlesystem@1.0.0 (location: F:\Porject\TalismanBagBrawl\Library\PackageCache\com.unity.modules.particlesystem@1.0.0)
    com.unity.modules.physics@1.0.0 (location: F:\Porject\TalismanBagBrawl\Library\PackageCache\com.unity.modules.physics@1.0.0)
    com.unity.modules.physics2d@1.0.0 (location: F:\Porject\TalismanBagBrawl\Library\PackageCache\com.unity.modules.physics2d@1.0.0)
    com.unity.modules.screencapture@1.0.0 (location: F:\Porject\TalismanBagBrawl\Library\PackageCache\com.unity.modules.screencapture@1.0.0)
    com.unity.modules.terrain@1.0.0 (location: F:\Porject\TalismanBagBrawl\Library\PackageCache\com.unity.modules.terrain@1.0.0)
    com.unity.modules.terrainphysics@1.0.0 (location: F:\Porject\TalismanBagBrawl\Library\PackageCache\com.unity.modules.terrainphysics@1.0.0)
    com.unity.modules.tilemap@1.0.0 (location: F:\Porject\TalismanBagBrawl\Library\PackageCache\com.unity.modules.tilemap@1.0.0)
    com.unity.modules.ui@1.0.0 (location: F:\Porject\TalismanBagBrawl\Library\PackageCache\com.unity.modules.ui@1.0.0)
    com.unity.modules.uielements@1.0.0 (location: F:\Porject\TalismanBagBrawl\Library\PackageCache\com.unity.modules.uielements@1.0.0)
    com.unity.modules.umbra@1.0.0 (location: F:\Porject\TalismanBagBrawl\Library\PackageCache\com.unity.modules.umbra@1.0.0)
    com.unity.modules.unityanalytics@1.0.0 (location: F:\Porject\TalismanBagBrawl\Library\PackageCache\com.unity.modules.unityanalytics@1.0.0)
    com.unity.modules.unitywebrequest@1.0.0 (location: F:\Porject\TalismanBagBrawl\Library\PackageCache\com.unity.modules.unitywebrequest@1.0.0)
    com.unity.modules.unitywebrequestassetbundle@1.0.0 (location: F:\Porject\TalismanBagBrawl\Library\PackageCache\com.unity.modules.unitywebrequestassetbundle@1.0.0)
    com.unity.modules.unitywebrequestaudio@1.0.0 (location: F:\Porject\TalismanBagBrawl\Library\PackageCache\com.unity.modules.unitywebrequestaudio@1.0.0)
    com.unity.modules.unitywebrequesttexture@1.0.0 (location: F:\Porject\TalismanBagBrawl\Library\PackageCache\com.unity.modules.unitywebrequesttexture@1.0.0)
    com.unity.modules.unitywebrequestwww@1.0.0 (location: F:\Porject\TalismanBagBrawl\Library\PackageCache\com.unity.modules.unitywebrequestwww@1.0.0)
    com.unity.modules.vehicles@1.0.0 (location: F:\Porject\TalismanBagBrawl\Library\PackageCache\com.unity.modules.vehicles@1.0.0)
    com.unity.modules.video@1.0.0 (location: F:\Porject\TalismanBagBrawl\Library\PackageCache\com.unity.modules.video@1.0.0)
    com.unity.modules.vr@1.0.0 (location: F:\Porject\TalismanBagBrawl\Library\PackageCache\com.unity.modules.vr@1.0.0)
    com.unity.modules.wind@1.0.0 (location: F:\Porject\TalismanBagBrawl\Library\PackageCache\com.unity.modules.wind@1.0.0)
    com.unity.modules.xr@1.0.0 (location: F:\Porject\TalismanBagBrawl\Library\PackageCache\com.unity.modules.xr@1.0.0)
    com.unity.modules.subsystems@1.0.0 (location: F:\Porject\TalismanBagBrawl\Library\PackageCache\com.unity.modules.subsystems@1.0.0)
[Subsystems] No new subsystems found in resolved package list.
Package Manager log level set to [2]
[Package Manager] Done registering packages in 0.11 seconds
Refreshing native plugins compatible for Editor in 0.00 ms, found 0 plugins.
Preloading 0 native plugins for Editor in 0.00 ms.
Initialize engine version: 2022.3.50f1c1 (11690e56caf9)
[Subsystems] Discovering subsystems at path F:/2022.3.50f1c1/Editor/Data/Resources/UnitySubsystems
[Subsystems] Discovering subsystems at path F:/Porject/TalismanBagBrawl/Assets
GfxDevice: creating device client; threaded=0; jobified=0
Direct3D:
    Version:  Direct3D 11.0 [level 11.1]
    Renderer: NVIDIA GeForce RTX 3060 Laptop GPU (ID=0x2560)
    Vendor:   NVIDIA
    VRAM:     5994 MB
    Driver:   32.0.15.9174
[Licensing::Client] Successfully resolved entitlement details
Initialize mono
Mono path[0] = 'F:/2022.3.50f1c1/Editor/Data/Managed'
Mono path[1] = 'F:/2022.3.50f1c1/Editor/Data/MonoBleedingEdge/lib/mono/unityjit-win32'
Mono config path = 'F:/2022.3.50f1c1/Editor/Data/MonoBleedingEdge/etc'
Using monoOptions --debugger-agent=transport=dt_socket,embedding=1,server=y,suspend=n,address=127.0.0.1:56064
Using cacheserver namespaces - metadata:defaultmetadata, artifacts:defaultartifacts
Using cacheserver namespaces - metadata:defaultmetadata, artifacts:defaultartifacts
ImportWorker Server TCP listen port: 0
Begin MonoManager ReloadAssembly
Registering precompiled unity dll's ...
Register platform support module: F:/2022.3.50f1c1/Editor/Data/PlaybackEngines/WebGLSupport/UnityEditor.WebGL.Extensions.dll
[Licensing::Client] Successfully resolved entitlement details
Register platform support module: F:/2022.3.50f1c1/Editor/Data/PlaybackEngines/AndroidPlayer/UnityEditor.Android.Extensions.dll
[Licensing::Client] Successfully resolved entitlement details
Register platform support module: F:/2022.3.50f1c1/Editor/Data/PlaybackEngines/iOSSupport/UnityEditor.iOS.Extensions.dll
Register platform support module: F:/2022.3.50f1c1/Editor/Data/PlaybackEngines/WindowsStandaloneSupport/UnityEditor.WindowsStandalone.Extensions.dll
Registered in 0.039515 seconds.
- Loaded All Assemblies, in  0.325 seconds
Native extension for WindowsStandalone target not found
Native extension for iOS target not found
Native extension for Android target not found
Android Extension - Scanning For ADB Devices 2303 ms
Native extension for WebGL target not found
Mono: successfully reloaded assembly
- Finished resetting the current domain, in  2.518 seconds
Domain Reload Profiling: 2840ms
	BeginReloadAssembly (97ms)
		ExecutionOrderSort (0ms)
		DisableScriptedObjects (0ms)
		BackupInstance (0ms)
		ReleaseScriptingObjects (0ms)
		CreateAndSetChildDomain (1ms)
	RebuildCommonClasses (26ms)
	RebuildNativeTypeToScriptingClass (7ms)
	initialDomainReloadingComplete (82ms)
	LoadAllAssembliesAndSetupDomain (110ms)
		LoadAssemblies (94ms)
		RebuildTransferFunctionScriptingTraits (0ms)
		AnalyzeDomain (107ms)
			TypeCache.Refresh (106ms)
				TypeCache.ScanAssembly (96ms)
			ScanForSourceGeneratedMonoScriptInfo (0ms)
			ResolveRequiredComponents (0ms)
	FinalizeReload (2518ms)
		ReleaseScriptCaches (0ms)
		RebuildScriptCaches (0ms)
		SetupLoadedEditorAssemblies (2486ms)
			LogAssemblyErrors (0ms)
			InitializePlatformSupportModulesInManaged (2373ms)
			SetLoadedEditorAssemblies (3ms)
			RefreshPlugins (0ms)
			BeforeProcessingInitializeOnLoad (1ms)
			ProcessInitializeOnLoadAttributes (77ms)
			ProcessInitializeOnLoadMethodAttributes (32ms)
			AfterProcessingInitializeOnLoad (0ms)
			EditorAssembliesLoaded (0ms)
		ExecutionOrderSort2 (0ms)
		AwakeInstancesAfterBackupRestoration (0ms)
[Licensing::Client] Successfully resolved entitlement details
Application.AssetDatabase Initial Refresh Start
Starting: F:\2022.3.50f1c1\Editor\Data\bee_backend.exe --dont-print-to-structured-log --ipc --defer-dag-verification --dagfile="Library/Bee/1900b0aE.dag" --continue-on-failure --profile="Library/Bee/backend1.traceevents" ScriptAssemblies
WorkingDir: F:/Porject/TalismanBagBrawl
DisplayProgressbar: Compiling Scripts
ExitCode: 0 Duration: 0s67ms
*** Tundra build success (0.04 seconds), 0 items updated, 129 evaluated
AssetDatabase: script compilation time: 0.480558s
Begin MonoManager ReloadAssembly
- Loaded All Assemblies, in  0.220 seconds
Refreshing native plugins compatible for Editor in 0.00 ms, found 0 plugins.
Preloading 0 native plugins for Editor in 0.00 ms.
Refreshing native plugins compatible for Editor in 0.00 ms, found 0 plugins.
Native extension for WindowsStandalone target not found
Native extension for iOS target not found
Native extension for Android target not found
Native extension for WebGL target not found
Mono: successfully reloaded assembly
- Finished resetting the current domain, in  0.253 seconds
Domain Reload Profiling: 468ms
	BeginReloadAssembly (131ms)
		ExecutionOrderSort (0ms)
		DisableScriptedObjects (4ms)
		BackupInstance (0ms)
		ReleaseScriptingObjects (0ms)
		CreateAndSetChildDomain (20ms)
	RebuildCommonClasses (23ms)
	RebuildNativeTypeToScriptingClass (7ms)
	initialDomainReloadingComplete (24ms)
	LoadAllAssembliesAndSetupDomain (30ms)
		LoadAssemblies (83ms)
		RebuildTransferFunctionScriptingTraits (0ms)
		AnalyzeDomain (22ms)
			TypeCache.Refresh (18ms)
				TypeCache.ScanAssembly (11ms)
			ScanForSourceGeneratedMonoScriptInfo (1ms)
			ResolveRequiredComponents (2ms)
	FinalizeReload (254ms)
		ReleaseScriptCaches (0ms)
		RebuildScriptCaches (0ms)
		SetupLoadedEditorAssemblies (175ms)
			LogAssemblyErrors (0ms)
			InitializePlatformSupportModulesInManaged (24ms)
			SetLoadedEditorAssemblies (2ms)
			RefreshPlugins (0ms)
			BeforeProcessingInitializeOnLoad (32ms)
			ProcessInitializeOnLoadAttributes (94ms)
			ProcessInitializeOnLoadMethodAttributes (14ms)
			AfterProcessingInitializeOnLoad (8ms)
			EditorAssembliesLoaded (0ms)
		ExecutionOrderSort2 (0ms)
		AwakeInstancesAfterBackupRestoration (6ms)
Asset Pipeline Refresh (id=e16ba58129606854386a7589a823cfc7): Total: 1.200 seconds - Initiated by InitialRefreshV2(ForceSynchronousImport)
	Summary:
		Imports: total=0 (actual=0, local cache=0, cache server=0)
		Asset DB Process Time: managed=0 ms, native=201 ms
		Asset DB Callback time: managed=11 ms, native=1 ms
		Scripting: domain reloads=1, domain reload time=494 ms, compile time=481 ms, other=9 ms
		Project Asset Count: scripts=597, non-scripts=171
		Asset File Changes: new=0, changed=0, moved=0, deleted=0
		Scan Filter Count: 0
	InvokeBeforeRefreshCallbacks: 1.312ms
	ApplyChangesToAssetFolders: 0.045ms
	Scan: 30.450ms
	OnSourceAssetsModified: 0.001ms
	GetAllGuidsForCategorization: 0.075ms
	CategorizeAssets: 6.505ms
	ImportOutOfDateAssets: 256.640ms (-226.276ms without children)
		CompileScripts: 480.680ms
		ReloadNativeAssets: 0.001ms
		UnloadImportedAssets: 1.946ms
		EnsureUptoDateAssetsAreRegisteredWithGuidPM: 0.124ms
		InitializingProgressBar: 0.000ms
		PostProcessAllAssetNotificationsAddChangedAssets: 0.000ms
		OnDemandSchedulerStart: 0.166ms
	PostProcessAllAssets: 11.668ms
	GatherAllCurrentPrimaryArtifactRevisions: 0.000ms
	UnloadStreamsBegin: 0.256ms
	PersistCurrentRevisions: 0.026ms
	UnloadStreamsEnd: 0.004ms
	GenerateScriptTypeHashes: 0.460ms
	Untracked: 893.051ms
Application.AssetDatabase Initial Refresh End
Launched and connected shader compiler UnityShaderCompiler.exe after 0.04 seconds
Scanning for USB devices : 0.671ms
Initializing Unity extensions:
[Licensing::Client] Successfully resolved entitlement details
[MODES] ModeService[none].Initialize
[MODES] ModeService[none].LoadModes
[MODES] Loading mode Default (0) for mode-current-id-TalismanBagPrototype
[PhysX] Initialized MultithreadedTaskDispatcher with 20 workers.
ProgressiveSceneManager::Cancel()
Unloading 3 Unused Serialized files (Serialized files now loaded: 0)
Unloading 14 unused Assets / (469.7 KB). Loaded Objects now: 904.
Memory consumption went from 84.7 MB to 84.3 MB.
Total: 2.382200 ms (FindLiveObjects: 0.052400 ms CreateObjectMapping: 0.010800 ms MarkObjects: 2.157100 ms  DeleteObjects: 0.161100 ms)

[StageConfigPanel01][Task06] SMOKE_SUCCESS stages=9, drops=6, validation=15
UnityEngine.StackTraceUtility:ExtractStackTrace ()
UnityEngine.DebugLogHandler:LogFormat (UnityEngine.LogType,UnityEngine.Object,string,object[])
UnityEngine.Logger:Log (UnityEngine.LogType,object)
UnityEngine.Debug:Log (object)
TalismanBag.V02.Config.EditorTools.Task06DropConfigMigration:VerifyBatch () (at Assets/_Game/Scripts/TalismanBag/V02/Config/Editor/Task06DropConfigMigration.cs:87)

(Filename: Assets/_Game/Scripts/TalismanBag/V02/Config/Editor/Task06DropConfigMigration.cs Line: 87)

Batchmode quit successfully invoked - shutting down!
Curl error 42: Callback aborted
Killing ADB server in 0.0554767 seconds.
[PhysX] Initialized MultithreadedTaskDispatcher with 20 workers.
[Licensing::IpcConnector] License Notification channel disconnected successfully.
[Licensing::IpcConnector] License Client channel disconnected successfully.
Cleanup mono
[Performance] WinEditorMain                                                                                                  :        1 samples, Peak.  1.26 s (1.0x), Avg.  1.26 s, Total. 1.258 s (14.6%)
[Performance] WinEditorMain.ConfigureCrashHandler                                                                            :        1 samples, Peak.  32.7 us (1.0x), Avg.  32.7 us, Total. 32.70 us (0.0%)
[Performance] WinEditorMain.CurlRequestInitialize                                                                            :        1 samples, Peak.  1.07 ms (1.0x), Avg.  1.07 ms, Total. 1.072 ms (0.0%)
[Performance] WinEditorMain.SetupLogFile                                                                                     :        1 samples, Peak.   629 us (1.0x), Avg.   629 us, Total. 629.4 us (0.0%)
[Performance] WinEditorMain.RunNativeTestsIfRequiredAndExit                                                                  :        1 samples, Peak.   200 ns (1.0x), Avg.   200 ns, Total. 200.0 ns (0.0%)
[Performance] WinEditorMain.Licensing                                                                                        :        1 samples, Peak.  1.24 s (1.0x), Avg.  1.24 s, Total. 1.238 s (14.3%)
[Performance] WinEditorMain.InitializeCrashHandler                                                                           :        1 samples, Peak.  14.9 ms (1.0x), Avg.  14.9 ms, Total. 14.93 ms (0.2%)
[Performance] WinEditorMain.CreateApplication                                                                                :        1 samples, Peak.   315 us (1.0x), Avg.   315 us, Total. 315.4 us (0.0%)
[Performance] Application.InitializeProject                                                                                  :        1 samples, Peak.  6.73 s (1.0x), Avg.  6.73 s, Total. 6.725 s (77.9%)
[Performance] Application.PackageManager.StartServer                                                                         :        1 samples, Peak.  6.06 ms (1.0x), Avg.  6.06 ms, Total. 6.064 ms (0.1%)
[Performance] Application.AcquireProjectLock                                                                                 :        1 samples, Peak.  7.46 ms (1.0x), Avg.  7.46 ms, Total. 7.458 ms (0.1%)
[Performance] Application.InitializeEngineNoGraphics                                                                         :        1 samples, Peak.  52.7 ms (1.0x), Avg.  52.7 ms, Total. 52.75 ms (0.6%)
[Performance] Application.PackageManager.Initialize                                                                          :        1 samples, Peak.   280 ms (1.0x), Avg.   280 ms, Total. 280.1 ms (3.2%)
[Performance] Connecting to Package Manager                                                                                  :       29 samples, Peak.  64.1 us (20.7x), Avg.  3.10 us, Total. 89.90 us (0.0%)
[Performance] Application.EngineGraphics.Initialize                                                                          :        1 samples, Peak.  1.43 s (1.0x), Avg.  1.43 s, Total. 1.433 s (16.6%)
[Performance] Application.GI.Initialize                                                                                      :        1 samples, Peak.  3.64 ms (1.0x), Avg.  3.64 ms, Total. 3.644 ms (0.0%)
[Performance] Application.LoadAllDefaultResourcesFromEditor                                                                  :        1 samples, Peak.  1.66 ms (1.0x), Avg.  1.66 ms, Total. 1.661 ms (0.0%)
[Performance] Application.LoadMonoAssemblies                                                                                 :        1 samples, Peak.  2.86 s (1.0x), Avg.  2.86 s, Total. 2.859 s (33.1%)
[Performance] RestoreManagedReferences                                                                                       :        2 samples, Peak.  33.5 ms (2.0x), Avg.  16.7 ms, Total. 33.49 ms (0.4%)
[Performance] InitializeOnLoad PlayModeDownload                                                                              :        2 samples, Peak.  3.35 ms (1.6x), Avg.  2.05 ms, Total. 4.094 ms (0.0%)
[Performance] InitializeOnLoad DrivenRectTransformUndo                                                                       :        2 samples, Peak.   172 us (1.0x), Avg.   165 us, Total. 329.5 us (0.0%)
[Performance] InitializeOnLoad NativeFormatImporterUtility                                                                   :        2 samples, Peak.  1.96 ms (1.2x), Avg.  1.60 ms, Total. 3.202 ms (0.0%)
[Performance] InitializeOnLoad ProjectSearch                                                                                 :        2 samples, Peak.  91.5 us (1.1x), Avg.  85.8 us, Total. 171.6 us (0.0%)
[Performance] InitializeOnLoad UnityConnect                                                                                  :        2 samples, Peak.  36.1 us (1.1x), Avg.  33.0 us, Total. 66.00 us (0.0%)
[Performance] InitializeOnLoad PrefabInstanceChangedListener                                                                 :        2 samples, Peak.  91.8 us (1.0x), Avg.  87.6 us, Total. 175.2 us (0.0%)
[Performance] InitializeOnLoad MenuItems                                                                                     :        2 samples, Peak.   200 us (1.1x), Avg.   187 us, Total. 374.8 us (0.0%)
[Performance] InitializeOnLoad SettingsService                                                                               :        2 samples, Peak.  7.40 us (1.3x), Avg.  5.90 us, Total. 11.80 us (0.0%)
[Performance] InitializeOnLoad CloudBuild                                                                                    :        2 samples, Peak.  2.50 us (1.2x), Avg.  2.05 us, Total. 4.100 us (0.0%)
[Performance] InitializeOnLoad WindowLayout                                                                                  :        2 samples, Peak.  25.7 us (1.1x), Avg.  24.2 us, Total. 48.40 us (0.0%)
[Performance] InitializeOnLoad AssetStoreContext                                                                             :        2 samples, Peak.  17.9 ms (1.7x), Avg.  10.5 ms, Total. 21.03 ms (0.2%)
[Performance] InitializeOnLoad MixerEffectDefinitionReloader                                                                 :        2 samples, Peak.  2.59 ms (1.4x), Avg.  1.90 ms, Total. 3.799 ms (0.0%)
[Performance] InitializeOnLoad ObjectSelectorSearch                                                                          :        2 samples, Peak.  47.9 us (1.2x), Avg.  40.9 us, Total. 81.90 us (0.0%)
[Performance] InitializeOnLoad ManagedDebugger                                                                               :        2 samples, Peak.   455 us (1.0x), Avg.   443 us, Total. 886.7 us (0.0%)
[Performance] InitializeOnLoad EditMode                                                                                      :        2 samples, Peak.   275 us (1.1x), Avg.   261 us, Total. 521.7 us (0.0%)
[Performance] InitializeOnLoad ShortcutIntegration                                                                           :        2 samples, Peak.  37.0 us (1.0x), Avg.  36.7 us, Total. 73.40 us (0.0%)
[Performance] InitializeOnLoad SceneSearch                                                                                   :        2 samples, Peak.  34.6 us (1.2x), Avg.  28.4 us, Total. 56.90 us (0.0%)
[Performance] InitializeOnLoad ManagedDebuggerWindow                                                                         :        2 samples, Peak.  76.7 us (1.0x), Avg.  75.5 us, Total. 150.9 us (0.0%)
[Performance] InitializeOnLoad CacheServerWindow                                                                             :        2 samples, Peak.  7.20 us (1.3x), Avg.  5.65 us, Total. 11.30 us (0.0%)
[Performance] InitializeOnLoad SearchService                                                                                 :        2 samples, Peak.   128 us (1.3x), Avg.  95.1 us, Total. 190.3 us (0.0%)
[Performance] InitializeOnLoad AddComponentWindow                                                                            :        2 samples, Peak.   120 us (1.2x), Avg.  97.0 us, Total. 194.1 us (0.0%)
[Performance] InitializeOnLoad UISystemProfilerRenderService                                                                 :        2 samples, Peak.  6.40 us (1.2x), Avg.  5.25 us, Total. 10.50 us (0.0%)
[Performance] InitializeOnLoad EditorMonitor                                                                                 :        2 samples, Peak.   522 us (1.3x), Avg.   411 us, Total. 822.2 us (0.0%)
[Performance] InitializeOnLoad RetainedMode                                                                                  :        2 samples, Peak.  1.67 ms (1.1x), Avg.  1.57 ms, Total. 3.131 ms (0.0%)
[Performance] InitializeOnLoad EditorShaderLoader                                                                            :        2 samples, Peak.   687 us (1.2x), Avg.   569 us, Total. 1.137 ms (0.0%)
[Performance] InitializeOnLoad EditorDelegateRegistration                                                                    :        2 samples, Peak.   438 us (1.1x), Avg.   383 us, Total. 766.0 us (0.0%)
[Performance] InitializeOnLoad UIDocumentHierarchyWatcher                                                                    :        2 samples, Peak.  53.3 us (1.1x), Avg.  49.9 us, Total. 99.80 us (0.0%)
[Performance] InitializeOnLoad LiveReloadTrackerCreator                                                                      :        2 samples, Peak.   172 us (1.3x), Avg.   129 us, Total. 258.6 us (0.0%)
[Performance] InitializeOnLoad UxmlObjectEditorFactories                                                                     :        2 samples, Peak.   409 us (1.1x), Avg.   367 us, Total. 734.0 us (0.0%)
[Performance] InitializeOnLoad UXMLEditorFactories                                                                           :        2 samples, Peak.  41.8 ms (1.1x), Avg.  39.3 ms, Total. 78.60 ms (0.9%)
[Performance] InitializeOnLoad PurchasingService                                                                             :        2 samples, Peak.  5.71 ms (1.1x), Avg.  5.34 ms, Total. 10.68 ms (0.1%)
[Performance] InitializeOnLoad CloudBuildPoller                                                                              :        2 samples, Peak.  91.3 us (1.0x), Avg.  87.8 us, Total. 175.6 us (0.0%)
[Performance] InitializeOnLoad EditorGameServicesAnalytics                                                                   :        2 samples, Peak.  1.15 ms (1.2x), Avg.   932 us, Total. 1.865 ms (0.0%)
[Performance] InitializeOnLoad AnalyticsService                                                                              :        2 samples, Peak.   135 us (1.0x), Avg.   132 us, Total. 264.4 us (0.0%)
[Performance] InitializeOnLoad BuildService                                                                                  :        2 samples, Peak.   136 us (1.1x), Avg.   127 us, Total. 253.1 us (0.0%)
[Performance] InitializeOnLoad AdsService                                                                                    :        2 samples, Peak.   331 us (1.1x), Avg.   297 us, Total. 594.2 us (0.0%)
[Performance] InitializeOnLoad UDPService                                                                                    :        2 samples, Peak.   105 us (1.1x), Avg.  99.9 us, Total. 199.8 us (0.0%)
[Performance] InitializeOnLoad CrashService                                                                                  :        2 samples, Peak.   106 us (1.1x), Avg.  96.8 us, Total. 193.6 us (0.0%)
[Performance] InitializeOnLoad ServicesRepository                                                                            :        2 samples, Peak.   400 ns (1.1x), Avg.   350 ns, Total. 700.0 ns (0.0%)
[Performance] InitializeOnLoad SearchWindow                                                                                  :        2 samples, Peak.  96.3 us (1.1x), Avg.  85.5 us, Total. 170.9 us (0.0%)
[Performance] InitializeOnLoad CustomIndexers                                                                                :        2 samples, Peak.  13.2 ms (1.0x), Avg.  13.0 ms, Total. 25.91 ms (0.3%)
[Performance] InitializeOnLoad SearchMonitor                                                                                 :        2 samples, Peak.   834 us (1.2x), Avg.   691 us, Total. 1.382 ms (0.0%)
[Performance] InitializeOnLoad ParameterControllerEditor                                                                     :        2 samples, Peak.  14.6 us (1.1x), Avg.  13.7 us, Total. 27.40 us (0.0%)
[Performance] InitializeOnLoad LayerSettingsWindow                                                                           :        2 samples, Peak.  18.9 us (1.5x), Avg.  12.2 us, Total. 24.40 us (0.0%)
[Performance] InitializeOnLoad PackageManagerHookGUIDConverter.RegisterPackagesEventHandler                                  :        2 samples, Peak.   624 us (1.7x), Avg.   368 us, Total. 735.6 us (0.0%)
[Performance] InitializeOnLoad EditorDragAndDrop.RegisterEditorClient                                                        :        2 samples, Peak.   168 us (1.1x), Avg.   153 us, Total. 305.7 us (0.0%)
[Performance] InitializeOnLoad EditorEventCallbacks.InitializeFontAssetResourceChangeCallBacks                               :        2 samples, Peak.   886 us (1.0x), Avg.   886 us, Total. 1.771 ms (0.0%)
[Performance] InitializeOnLoad SceneTemplateService.Init                                                                     :        2 samples, Peak.   993 us (1.1x), Avg.   902 us, Total. 1.803 ms (0.0%)
[Performance] InitializeOnLoad DiagnosticSwitchesConsoleMessage.Init                                                         :        2 samples, Peak.  5.48 ms (1.7x), Avg.  3.14 ms, Total. 6.285 ms (0.1%)
[Performance] InitializeOnLoad RectSelection.RegisterShortcutContext                                                         :        2 samples, Peak.   174 us (1.1x), Avg.   160 us, Total. 320.4 us (0.0%)
[Performance] InitializeOnLoad SysrootManager.Initialize                                                                     :        2 samples, Peak.  10.2 us (1.1x), Avg.  9.55 us, Total. 19.10 us (0.0%)
[Performance] InitializeOnLoad SceneVisibilityManager.Initialize                                                             :        2 samples, Peak.  2.21 ms (1.5x), Avg.  1.45 ms, Total. 2.895 ms (0.0%)
[Performance] InitializeOnLoad AssetPostprocessingInternal.RefreshCustomDependencies                                         :        2 samples, Peak.  2.14 ms (1.0x), Avg.  2.12 ms, Total. 4.232 ms (0.0%)
[Performance] InitializeOnLoad MemoryProfilerCompilationGuard.InjectCompileGuard                                             :        2 samples, Peak.   129 us (1.1x), Avg.   119 us, Total. 237.0 us (0.0%)
[Performance] InitializeOnLoad SceneViewMotion.RegisterShortcutContexts                                                      :        2 samples, Peak.   125 us (1.2x), Avg.   106 us, Total. 212.2 us (0.0%)
[Performance] InitializeOnLoad EditorWindow.Initialize                                                                       :        2 samples, Peak.   162 us (1.1x), Avg.   150 us, Total. 300.1 us (0.0%)
[Performance] InitializeOnLoad ScopedRegistryAddedPopup.SubscribeToRegistriesAdded                                           :        2 samples, Peak.  17.1 ms (1.5x), Avg.  11.6 ms, Total. 23.11 ms (0.3%)
[Performance] InitializeOnLoad ToolShortcutContext.Init                                                                      :        2 samples, Peak.   122 us (1.1x), Avg.   110 us, Total. 220.3 us (0.0%)
[Performance] InitializeOnLoad PackageManagerWindow.EditorInitializedInSafeMode                                              :        2 samples, Peak.   141 us (1.0x), Avg.   138 us, Total. 275.2 us (0.0%)
[Performance] AssemblyReloadEvents.afterAssemblyReload: UnityEditor.SceneTemplate.SceneTemplateService.AfterAssemblyReload   :        2 samples, Peak.  3.08 ms (1.9x), Avg.  1.64 ms, Total. 3.288 ms (0.0%)
[Performance] ProcessService.EditorAfterLoadAllAssemblies                                                                    :        2 samples, Peak.   272 us (1.2x), Avg.   227 us, Total. 454.8 us (0.0%)
[Performance] Application.ReadLicenseInfo                                                                                    :        1 samples, Peak.  13.8 ms (1.0x), Avg.  13.8 ms, Total. 13.77 ms (0.2%)
[Performance] Application.InitialRefresh                                                                                     :        1 samples, Peak.  1.20 s (1.0x), Avg.  1.20 s, Total. 1.201 s (13.9%)
[Performance] Compiling Scripts                                                                                              :        1 samples, Peak.   481 ms (1.0x), Avg.   481 ms, Total. 480.6 ms (5.6%)
[Performance] AssemblyReloadEvents.beforeAssemblyReload: UnityEditor.SceneTemplate.SceneTemplateService.BeforeAssemblyReload :        1 samples, Peak.   371 us (1.0x), Avg.   371 us, Total. 371.3 us (0.0%)
[Performance] InitializeOnLoad PrefabLayoutRebuilder                                                                         :        1 samples, Peak.   211 us (1.0x), Avg.   211 us, Total. 210.9 us (0.0%)
[Performance] InitializeOnLoad MobilePortraitLayoutRuntimeFix.ApplyInEditorAfterScriptsReload                                :        1 samples, Peak.   609 us (1.0x), Avg.   609 us, Total. 608.9 us (0.0%)
[Performance] DidReloadScriptsAdvancedDropdownWindow.OnScriptReload                                                          :        1 samples, Peak.   161 us (1.0x), Avg.   161 us, Total. 160.9 us (0.0%)
[Performance] SyncVS.PostprocessSyncProject                                                                                  :        1 samples, Peak.  1.23 ms (1.0x), Avg.  1.23 ms, Total. 1.231 ms (0.0%)
[Performance] Application.ImportPackagesAndSetTemplateWhenCreatingProject                                                    :        1 samples, Peak.  13.3 ms (1.0x), Avg.  13.3 ms, Total. 13.26 ms (0.2%)
[Performance] Application.SyncCurrentColorSpace                                                                              :        1 samples, Peak.  78.6 ms (1.0x), Avg.  78.6 ms, Total. 78.58 ms (0.9%)
[Performance] Application.OnUsbDevicesChanged                                                                                :        1 samples, Peak.   729 us (1.0x), Avg.   729 us, Total. 728.6 us (0.0%)
[Performance] Application.AssetInstanceCacheUpdate                                                                           :        1 samples, Peak.   200 ns (1.0x), Avg.   200 ns, Total. 200.0 ns (0.0%)
[Performance] Application.UnityExtensions.Initialize                                                                         :        1 samples, Peak.   582 us (1.0x), Avg.   582 us, Total. 582.3 us (0.0%)
[Performance] CodeEditorProjectSync.SyncEditorProject                                                                        :        1 samples, Peak.  98.6 us (1.0x), Avg.  98.6 us, Total. 98.60 us (0.0%)
[Performance] Application.ExecuteStartups                                                                                    :        1 samples, Peak.  45.5 ms (1.0x), Avg.  45.5 ms, Total. 45.53 ms (0.5%)
[Performance] Menu.RegisterMenuInterface                                                                                     :       26 samples, Peak.   600 ns (4.2x), Avg.   142 ns, Total. 3.700 us (0.0%)
[Performance] Gizmo.RebuildRenderers                                                                                         :        1 samples, Peak.  45.3 ms (1.0x), Avg.  45.3 ms, Total. 45.33 ms (0.5%)
[Performance] Gizmo.AddGizmoRenderers                                                                                        :       30 samples, Peak.  1.39 ms (19.8x), Avg.  70.3 us, Total. 2.110 ms (0.0%)
[Performance] Application.editorInitializingProject                                                                          :        1 samples, Peak.   398 ms (1.0x), Avg.   398 ms, Total. 397.6 ms (4.6%)
[Performance] Application.InitializeMenu                                                                                     :        1 samples, Peak.  37.5 ms (1.0x), Avg.  37.5 ms, Total. 37.55 ms (0.4%)
[Performance] Menu.RebuildAll                                                                                                :        1 samples, Peak.  37.4 ms (1.0x), Avg.  37.4 ms, Total. 37.37 ms (0.4%)
[Performance] Menu.BuildRegisteredMenuInterfaces                                                                             :        1 samples, Peak.  35.8 ms (1.0x), Avg.  35.8 ms, Total. 35.80 ms (0.4%)
[Performance] Menu.FilterMenuItem                                                                                            :      601 samples, Peak.  13.8 ms (593.8x), Avg.  23.3 us, Total. 13.99 ms (0.2%)
[Performance] UpdateAllMenus                                                                                                 :        1 samples, Peak.   392 us (1.0x), Avg.   392 us, Total. 392.4 us (0.0%)
[Performance] Menu.RebuildOSMainMenu                                                                                         :        1 samples, Peak.  1.00 ms (1.0x), Avg.  1.00 ms, Total. 1.004 ms (0.0%)
[Performance] EditorSceneManager.sceneClosing: UnityEditor.SceneVisibilityManager.EditorSceneManagerOnSceneClosing           :        1 samples, Peak.   190 us (1.0x), Avg.   190 us, Total. 189.7 us (0.0%)
[Performance] GUIView.RepaintAll.PlayerLoopController                                                                        :        1 samples, Peak.  1.40 us (1.0x), Avg.  1.40 us, Total. 1.400 us (0.0%)
[Performance] EditorSceneManager.newSceneCreated: UnityEditor.SceneTemplate.SceneTemplateService.OnNewSceneCreated           :        1 samples, Peak.   232 us (1.0x), Avg.   232 us, Total. 232.4 us (0.0%)
[Performance] EditorSceneManager.newSceneCreated: UnityEditor.SceneVisibilityManager.EditorSceneManagerOnNewSceneCreated     :        1 samples, Peak.   146 us (1.0x), Avg.   146 us, Total. 145.8 us (0.0%)
[Performance] EditorSceneManager.newSceneCreated: UnityEditor.SceneManagement.StageNavigationManager.OnNewSceneCreated       :        1 samples, Peak.  45.4 us (1.0x), Avg.  45.4 us, Total. 45.40 us (0.0%)
[Performance] Application.InvokeFinishedLoadingProject                                                                       :        1 samples, Peak.  1.24 ms (1.0x), Avg.  1.24 ms, Total. 1.238 ms (0.0%)
[Performance] ProcessService.OnProjectLoaded                                                                                 :        1 samples, Peak.  32.4 us (1.0x), Avg.  32.4 us, Total. 32.40 us (0.0%)
[Performance] VersionControl.Task.Wait                                                                                       :        1 samples, Peak.  9.30 us (1.0x), Avg.  9.30 us, Total. 9.300 us (0.0%)
[Performance] EditorApplication.quitting: callback in UnityEditor.TextCore.Text.EditorEventCallbacks                         :        1 samples, Peak.  1.48 ms (1.0x), Avg.  1.48 ms, Total. 1.485 ms (0.0%)
[Performance] Killing ADB server                                                                                             :        1 samples, Peak.  57.3 ms (1.0x), Avg.  57.3 ms, Total. 57.28 ms (0.7%)
[Performance] Application.Shutdown.PauseProfilerSession                                                                      :        1 samples, Peak.  23.6 us (1.0x), Avg.  23.6 us, Total. 23.60 us (0.0%)
[Performance] Application.Shutdown.PauseAssetImportWorkers                                                                   :        1 samples, Peak.  84.3 us (1.0x), Avg.  84.3 us, Total. 84.30 us (0.0%)
[Performance] Application.Shutdown.SaveAssets                                                                                :        1 samples, Peak.  9.17 ms (1.0x), Avg.  9.17 ms, Total. 9.166 ms (0.1%)
[Performance] BuilderAssetModificationProcessor.OnWillSaveAssets                                                             :        1 samples, Peak.   913 us (1.0x), Avg.   913 us, Total. 912.9 us (0.0%)
[Performance] TerrainModificationProcessor.OnWillSaveAssets                                                                  :        1 samples, Peak.   745 us (1.0x), Avg.   745 us, Total. 745.1 us (0.0%)
[Performance] AssetDatabase.ImportAssets                                                                                     :        2 samples, Peak.  1000 ns (1.8x), Avg.   550 ns, Total. 1.100 us (0.0%)
[Performance] Application.Shutdown.CleanupRenderPipeline                                                                     :        1 samples, Peak.  7.30 us (1.0x), Avg.  7.30 us, Total. 7.300 us (0.0%)
[Performance] Application.Shutdown.StopPreloadManager                                                                        :        1 samples, Peak.  9.91 ms (1.0x), Avg.  9.91 ms, Total. 9.907 ms (0.1%)
[Performance] Application.Shutdown.DestroyWorld                                                                              :        1 samples, Peak.  9.63 ms (1.0x), Avg.  9.63 ms, Total. 9.626 ms (0.1%)
[Performance] Application.Shutdown.CleanupAfterLoad                                                                          :        1 samples, Peak.  1.91 ms (1.0x), Avg.  1.91 ms, Total. 1.910 ms (0.0%)
[Performance] Application.Shutdown.Progress                                                                                  :        1 samples, Peak.  5.90 us (1.0x), Avg.  5.90 us, Total. 5.900 us (0.0%)
[Performance] Application.Shutdown.GICleanupManagers                                                                         :        1 samples, Peak.   616 us (1.0x), Avg.   616 us, Total. 616.2 us (0.0%)
[Performance] Application.Shutdown.MenuCleanupClass                                                                          :        1 samples, Peak.   122 us (1.0x), Avg.   122 us, Total. 121.9 us (0.0%)
[Performance] Application.Shutdown.ADBSaveStateBeforeShutdown                                                                :        1 samples, Peak.  7.10 us (1.0x), Avg.  7.10 us, Total. 7.100 us (0.0%)
[Performance] Application.Shutdown.RemoteShutdown                                                                            :        1 samples, Peak.  1000 ns (1.0x), Avg.  1000 ns, Total. 1000.0 ns (0.0%)
[Performance] Application.Shutdown.CleanupVCProvider                                                                         :        1 samples, Peak.  9.70 us (1.0x), Avg.  9.70 us, Total. 9.700 us (0.0%)
[Performance] Application.Shutdown.InputShutdown                                                                             :        1 samples, Peak.   400 ns (1.0x), Avg.   400 ns, Total. 400.0 ns (0.0%)
[Performance] Application.Shutdown.GizmoManagerDestroy                                                                       :        1 samples, Peak.   870 us (1.0x), Avg.   870 us, Total. 869.5 us (0.0%)
[Performance] Application.Shutdown.ProfilerSession                                                                           :        1 samples, Peak.   179 us (1.0x), Avg.   179 us, Total. 178.6 us (0.0%)
[Performance] Application.Shutdown.ReleaseGfxWindowOnAllGUIViews                                                             :        1 samples, Peak.   500 ns (1.0x), Avg.   500 ns, Total. 500.0 ns (0.0%)
[Performance] Application.Shutdown.CleanupEngine                                                                             :        1 samples, Peak.   268 ms (1.0x), Avg.   268 ms, Total. 268.1 ms (3.1%)
[Performance] Application.Shutdown.CleanupAssetDatabase                                                                      :        1 samples, Peak.  5.08 ms (1.0x), Avg.  5.08 ms, Total. 5.078 ms (0.1%)
[Performance] Application.Shutdown.ScriptCompilationCleanUp                                                                  :        1 samples, Peak.  28.9 ms (1.0x), Avg.  28.9 ms, Total. 28.95 ms (0.3%)
[Performance] Application.Shutdown.DestroyJobSystem                                                                          :        1 samples, Peak.   110 us (1.0x), Avg.   110 us, Total. 110.2 us (0.0%)
[Performance] Application.Shutdown.CleanupPersistentManager                                                                  :        1 samples, Peak.   251 us (1.0x), Avg.   251 us, Total. 250.9 us (0.0%)
[Performance] Application.Shutdown.CleanupAsyncReadManager                                                                   :        1 samples, Peak.   312 us (1.0x), Avg.   312 us, Total. 312.4 us (0.0%)
[Performance] Application.Shutdown.CleanupProgressBar                                                                        :        1 samples, Peak.   400 ns (1.0x), Avg.   400 ns, Total. 400.0 ns (0.0%)
[Performance] Application.Shutdown.CleanupMono                                                                               :        1 samples, Peak.  28.8 ms (1.0x), Avg.  28.8 ms, Total. 28.78 ms (0.3%)
[Performance] Application.Shutdown.CleanupStdConverters                                                                      :        1 samples, Peak.  6.80 us (1.0x), Avg.  6.80 us, Total. 6.800 us (0.0%)
[Performance] Application.Shutdown.UnloadAllPlatformSupportModuleNativeDlls                                                  :        1 samples, Peak.   700 ns (1.0x), Avg.   700 ns, Total. 700.0 ns (0.0%)
[Performance] Application.Shutdown.UnloadAllPlatformSupportNativeLibraries                                                   :        1 samples, Peak.   787 us (1.0x), Avg.   787 us, Total. 787.0 us (0.0%)
[Performance] Application.Shutdown.CleanupAutoDocumentation                                                                  :        1 samples, Peak.   287 us (1.0x), Avg.   287 us, Total. 287.0 us (0.0%)
[Performance] Application.Shutdown.ShaderNameManagerDestroy                                                                  :        1 samples, Peak.  47.0 us (1.0x), Avg.  47.0 us, Total. 47.00 us (0.0%)
[Performance] Application.Shutdown.CleanupCacheServer                                                                        :        1 samples, Peak.   200 ns (1.0x), Avg.   200 ns, Total. 200.0 ns (0.0%)
[Performance] Application.Shutdown.Virtualization_Shutdown                                                                   :        1 samples, Peak.   300 ns (1.0x), Avg.   300 ns, Total. 300.0 ns (0.0%)
[Performance] Application.Shutdown.DevConnections                                                                            :        1 samples, Peak.   146 us (1.0x), Avg.   146 us, Total. 146.5 us (0.0%)
Exiting batchmode successfully now!
Exiting without the bug reporter. Application will terminate with return code 0