[Licensing::Module] Trying to connect to existing licensing client channel...
[Licensing::IpcConnector] Successfully connected to the License Client on channel: "LicenseClient-Ella" at "2026-06-19T14:08:55.4943546Z"
[Licensing::Client] Error: Code 10 while verifying Licensing Client signature (process Id: 34584, path: "F:/Unity/UnityLicensingClient_V1/Unity.Licensing.Client.exe")
[Licensing::Module] Error: LicensingClient has failed validation; ignoring
[Licensing::Client] Handshaking with LicensingClient:
  Version:                 1.16.1+e780b2e
  Session Id:              2c764b415b9d46e8a5acb02e87cf447c
  Correlation Id:          40230870b30851cbd9edd537a3e389a4
  External correlation Id: 8806700306659830334
  Machine Id:              QMrWtx9hVXosAzhclIHeHFJpmiY=
[Licensing::Module] Successfully connected to LicensingClient on channel: "LicenseClient-Ella" (connect: 0.00s, validation: 0.02s, handshake: 0.04s)
[Licensing::IpcConnector] Successfully connected to the License Notification on channel: "LicenseClient-Ella-notifications" at "2026-06-19T14:08:55.5553521Z"
[Licensing::Module] Error: Access token is unavailable; failed to update
[Licensing::Client] Successfully updated license
Built from '2022.3/china_unity/release' branch; Version is '2022.3.50f1c1 (11690e56caf9) revision 1141006'; Using compiler version '192829333'; Build Type 'Release'
OS: 'Windows 11  (10.0.26200) 64bit CoreCountrySpecific' Language: 'zh' Physical Memory: 16108 MB
[Licensing::Client] Successfully resolved entitlement details
[Licensing::Module] Serial number assigned to: "F4-5GR3-KX6Y-SQ3Y-UUUD-XXXX"
BatchMode: 1, IsHumanControllingUs: 0, StartBugReporterOnCrash: 0, Is64bit: 1, IsPro: 0
[Licensing::Client] Successfully resolved entitlement details

COMMAND LINE ARGUMENTS:
F:\2022.3.50f1c1\Editor\Unity.exe
-batchmode
-quit
-projectPath
F:\Porject\TalismanBagBrawl
-executeMethod
TalismanBag.V02.Config.EditorTools.Task07BossConfigMigration.VerifyBatch
-logFile
F:\Porject\TalismanBagBrawl\stageconfigpanel01_task9_10_regression_task7.log
Successfully changed project path to: F:\Porject\TalismanBagBrawl
F:/Porject/TalismanBagBrawl
[UnityMemory] Configuration Parameters - Can be set up in boot.config
    "memorysetup-bucket-allocator-granularity=16"
    "memorysetup-bucket-allocator-bucket-count=8"
    "memorysetup-bucket-allocator-block-size=33554432"
    "memorysetup-bucket-allocator-block-count=8"
    "memorysetup-main-allocator-block-size=16777216"
    "memorysetup-thread-allocator-block-size=16777216"
    "memorysetup-gfx-main-allocator-block-size=16777216"
    "memorysetup-gfx-thread-allocator-block-size=16777216"
    "memorysetup-cache-allocator-block-size=4194304"
    "memorysetup-typetree-allocator-block-size=2097152"
    "memorysetup-profiler-bucket-allocator-granularity=16"
    "memorysetup-profiler-bucket-allocator-bucket-count=8"
    "memorysetup-profiler-bucket-allocator-block-size=33554432"
    "memorysetup-profiler-bucket-allocator-block-count=8"
    "memorysetup-profiler-allocator-block-size=16777216"
    "memorysetup-profiler-editor-allocator-block-size=1048576"
    "memorysetup-temp-allocator-size-main=16777216"
    "memorysetup-job-temp-allocator-block-size=2097152"
    "memorysetup-job-temp-allocator-block-size-background=1048576"
    "memorysetup-job-temp-allocator-reduction-small-platforms=262144"
    "memorysetup-allocator-temp-initial-block-size-main=262144"
    "memorysetup-allocator-temp-initial-block-size-worker=262144"
    "memorysetup-temp-allocator-size-background-worker=32768"
    "memorysetup-temp-allocator-size-job-worker=262144"
    "memorysetup-temp-allocator-size-preload-manager=33554432"
    "memorysetup-temp-allocator-size-nav-mesh-worker=65536"
    "memorysetup-temp-allocator-size-audio-worker=65536"
    "memorysetup-temp-allocator-size-cloud-worker=32768"
    "memorysetup-temp-allocator-size-gi-baking-worker=262144"
    "memorysetup-temp-allocator-size-gfx=262144"
Player connection [41436]  Target information:

Player connection [41436]  * "[IP] 172.21.224.1 [Port] 55504 [Flags] 2 [Guid] 4049940579 [EditorId] 4049940579 [Version] 1048832 [Id] WindowsEditor(7,AZHONG) [Debug] 1 [PackageName] WindowsEditor [ProjectName] Editor" 

Player connection [41436]  * "[IP] 100.96.94.82 [Port] 55504 [Flags] 2 [Guid] 4049940579 [EditorId] 4049940579 [Version] 1048832 [Id] WindowsEditor(7,AZHONG) [Debug] 1 [PackageName] WindowsEditor [ProjectName] Editor" 

Player connection [41436]  * "[IP] 172.26.198.132 [Port] 55504 [Flags] 2 [Guid] 4049940579 [EditorId] 4049940579 [Version] 1048832 [Id] WindowsEditor(7,AZHONG) [Debug] 1 [PackageName] WindowsEditor [ProjectName] Editor" 

Unable to join player connection multicast group (err: 10013).
Player connection [41436] Host joined alternative multi-casting on [225.0.0.222:34997]...
[PhysX] Initialized MultithreadedTaskDispatcher with 20 workers.
[Package Manager] UpmClient::Connect -- Connected to IPC stream "Upm-8084" after 0.3 seconds.
[Package Manager] Restoring resolved packages state from cache
[Licensing::Client] Successfully resolved entitlement details
[Package Manager] Registered 33 packages:
  Built-in packages:
    com.unity.ugui@1.0.0 (location: F:\Porject\TalismanBagBrawl\Library\PackageCache\com.unity.ugui@1.0.0)
    com.unity.modules.ai@1.0.0 (location: F:\Porject\TalismanBagBrawl\Library\PackageCache\com.unity.modules.ai@1.0.0)
    com.unity.modules.androidjni@1.0.0 (location: F:\Porject\TalismanBagBrawl\Library\PackageCache\com.unity.modules.androidjni@1.0.0)
    com.unity.modules.animation@1.0.0 (location: F:\Porject\TalismanBagBrawl\Library\PackageCache\com.unity.modules.animation@1.0.0)
    com.unity.modules.assetbundle@1.0.0 (location: F:\Porject\TalismanBagBrawl\Library\PackageCache\com.unity.modules.assetbundle@1.0.0)
    com.unity.modules.audio@1.0.0 (location: F:\Porject\TalismanBagBrawl\Library\PackageCache\com.unity.modules.audio@1.0.0)
    com.unity.modules.cloth@1.0.0 (location: F:\Porject\TalismanBagBrawl\Library\PackageCache\com.unity.modules.cloth@1.0.0)
    com.unity.modules.director@1.0.0 (location: F:\Porject\TalismanBagBrawl\Library\PackageCache\com.unity.modules.director@1.0.0)
    com.unity.modules.imageconversion@1.0.0 (location: F:\Porject\TalismanBagBrawl\Library\PackageCache\com.unity.modules.imageconversion@1.0.0)
    com.unity.modules.imgui@1.0.0 (location: F:\Porject\TalismanBagBrawl\Library\PackageCache\com.unity.modules.imgui@1.0.0)
    com.unity.modules.jsonserialize@1.0.0 (location: F:\Porject\TalismanBagBrawl\Library\PackageCache\com.unity.modules.jsonserialize@1.0.0)
    com.unity.modules.particlesystem@1.0.0 (location: F:\Porject\TalismanBagBrawl\Library\PackageCache\com.unity.modules.particlesystem@1.0.0)
    com.unity.modules.physics@1.0.0 (location: F:\Porject\TalismanBagBrawl\Library\PackageCache\com.unity.modules.physics@1.0.0)
    com.unity.modules.physics2d@1.0.0 (location: F:\Porject\TalismanBagBrawl\Library\PackageCache\com.unity.modules.physics2d@1.0.0)
    com.unity.modules.screencapture@1.0.0 (location: F:\Porject\TalismanBagBrawl\Library\PackageCache\com.unity.modules.screencapture@1.0.0)
    com.unity.modules.terrain@1.0.0 (location: F:\Porject\TalismanBagBrawl\Library\PackageCache\com.unity.modules.terrain@1.0.0)
    com.unity.modules.terrainphysics@1.0.0 (location: F:\Porject\TalismanBagBrawl\Library\PackageCache\com.unity.modules.terrainphysics@1.0.0)
    com.unity.modules.tilemap@1.0.0 (location: F:\Porject\TalismanBagBrawl\Library\PackageCache\com.unity.modules.tilemap@1.0.0)
    com.unity.modules.ui@1.0.0 (location: F:\Porject\TalismanBagBrawl\Library\PackageCache\com.unity.modules.ui@1.0.0)
    com.unity.modules.uielements@1.0.0 (location: F:\Porject\TalismanBagBrawl\Library\PackageCache\com.unity.modules.uielements@1.0.0)
    com.unity.modules.umbra@1.0.0 (location: F:\Porject\TalismanBagBrawl\Library\PackageCache\com.unity.modules.umbra@1.0.0)
    com.unity.modules.unityanalytics@1.0.0 (location: F:\Porject\TalismanBagBrawl\Library\PackageCache\com.unity.modules.unityanalytics@1.0.0)
    com.unity.modules.unitywebrequest@1.0.0 (location: F:\Porject\TalismanBagBrawl\Library\PackageCache\com.unity.modules.unitywebrequest@1.0.0)
    com.unity.modules.unitywebrequestassetbundle@1.0.0 (location: F:\Porject\TalismanBagBrawl\Library\PackageCache\com.unity.modules.unitywebrequestassetbundle@1.0.0)
    com.unity.modules.unitywebrequestaudio@1.0.0 (location: F:\Porject\TalismanBagBrawl\Library\PackageCache\com.unity.modules.unitywebrequestaudio@1.0.0)
    com.unity.modules.unitywebrequesttexture@1.0.0 (location: F:\Porject\TalismanBagBrawl\Library\PackageCache\com.unity.modules.unitywebrequesttexture@1.0.0)
    com.unity.modules.unitywebrequestwww@1.0.0 (location: F:\Porject\TalismanBagBrawl\Library\PackageCache\com.unity.modules.unitywebrequestwww@1.0.0)
    com.unity.modules.vehicles@1.0.0 (location: F:\Porject\TalismanBagBrawl\Library\PackageCache\com.unity.modules.vehicles@1.0.0)
    com.unity.modules.video@1.0.0 (location: F:\Porject\TalismanBagBrawl\Library\PackageCache\com.unity.modules.video@1.0.0)
    com.unity.modules.vr@1.0.0 (location: F:\Porject\TalismanBagBrawl\Library\PackageCache\com.unity.modules.vr@1.0.0)
    com.unity.modules.wind@1.0.0 (location: F:\Porject\TalismanBagBrawl\Library\PackageCache\com.unity.modules.wind@1.0.0)
    com.unity.modules.xr@1.0.0 (location: F:\Porject\TalismanBagBrawl\Library\PackageCache\com.unity.modules.xr@1.0.0)
    com.unity.modules.subsystems@1.0.0 (location: F:\Porject\TalismanBagBrawl\Library\PackageCache\com.unity.modules.subsystems@1.0.0)
[Subsystems] No new subsystems found in resolved package list.
Package Manager log level set to [2]
[Package Manager] Done registering packages in 0.10 seconds
Refreshing native plugins compatible for Editor in 0.00 ms, found 0 plugins.
Preloading 0 native plugins for Editor in 0.00 ms.
Initialize engine version: 2022.3.50f1c1 (11690e56caf9)
[Subsystems] Discovering subsystems at path F:/2022.3.50f1c1/Editor/Data/Resources/UnitySubsystems
[Subsystems] Discovering subsystems at path F:/Porject/TalismanBagBrawl/Assets
GfxDevice: creating device client; threaded=0; jobified=0
Direct3D:
    Version:  Direct3D 11.0 [level 11.1]
    Renderer: NVIDIA GeForce RTX 3060 Laptop GPU (ID=0x2560)
    Vendor:   NVIDIA
    VRAM:     5994 MB
    Driver:   32.0.15.9174
[Licensing::Client] Successfully resolved entitlement details
Initialize mono
Mono path[0] = 'F:/2022.3.50f1c1/Editor/Data/Managed'
Mono path[1] = 'F:/2022.3.50f1c1/Editor/Data/MonoBleedingEdge/lib/mono/unityjit-win32'
Mono config path = 'F:/2022.3.50f1c1/Editor/Data/MonoBleedingEdge/etc'
Using monoOptions --debugger-agent=transport=dt_socket,embedding=1,server=y,suspend=n,address=127.0.0.1:56084
Using cacheserver namespaces - metadata:defaultmetadata, artifacts:defaultartifacts
Using cacheserver namespaces - metadata:defaultmetadata, artifacts:defaultartifacts
ImportWorker Server TCP listen port: 0
Begin MonoManager ReloadAssembly
Registering precompiled unity dll's ...
Register platform support module: F:/2022.3.50f1c1/Editor/Data/PlaybackEngines/WebGLSupport/UnityEditor.WebGL.Extensions.dll
[Licensing::Client] Successfully resolved entitlement details
Register platform support module: F:/2022.3.50f1c1/Editor/Data/PlaybackEngines/AndroidPlayer/UnityEditor.Android.Extensions.dll
[Licensing::Client] Successfully resolved entitlement details
Register platform support module: F:/2022.3.50f1c1/Editor/Data/PlaybackEngines/iOSSupport/UnityEditor.iOS.Extensions.dll
Register platform support module: F:/2022.3.50f1c1/Editor/Data/PlaybackEngines/WindowsStandaloneSupport/UnityEditor.WindowsStandalone.Extensions.dll
Registered in 0.039197 seconds.
- Loaded All Assemblies, in  0.324 seconds
Native extension for WindowsStandalone target not found
Native extension for iOS target not found
Native extension for Android target not found
Android Extension - Scanning For ADB Devices 2306 ms
Native extension for WebGL target not found
Mono: successfully reloaded assembly
- Finished resetting the current domain, in  2.531 seconds
Domain Reload Profiling: 2851ms
	BeginReloadAssembly (89ms)
		ExecutionOrderSort (0ms)
		DisableScriptedObjects (0ms)
		BackupInstance (0ms)
		ReleaseScriptingObjects (0ms)
		CreateAndSetChildDomain (1ms)
	RebuildCommonClasses (26ms)
	RebuildNativeTypeToScriptingClass (7ms)
	initialDomainReloadingComplete (85ms)
	LoadAllAssembliesAndSetupDomain (112ms)
		LoadAssemblies (87ms)
		RebuildTransferFunctionScriptingTraits (0ms)
		AnalyzeDomain (110ms)
			TypeCache.Refresh (108ms)
				TypeCache.ScanAssembly (98ms)
			ScanForSourceGeneratedMonoScriptInfo (0ms)
			ResolveRequiredComponents (0ms)
	FinalizeReload (2531ms)
		ReleaseScriptCaches (0ms)
		RebuildScriptCaches (0ms)
		SetupLoadedEditorAssemblies (2498ms)
			LogAssemblyErrors (0ms)
			InitializePlatformSupportModulesInManaged (2381ms)
			SetLoadedEditorAssemblies (4ms)
			RefreshPlugins (0ms)
			BeforeProcessingInitializeOnLoad (2ms)
			ProcessInitializeOnLoadAttributes (78ms)
			ProcessInitializeOnLoadMethodAttributes (34ms)
			AfterProcessingInitializeOnLoad (0ms)
			EditorAssembliesLoaded (0ms)
		ExecutionOrderSort2 (0ms)
		AwakeInstancesAfterBackupRestoration (0ms)
[Licensing::Client] Successfully resolved entitlement details
Application.AssetDatabase Initial Refresh Start
Starting: F:\2022.3.50f1c1\Editor\Data\bee_backend.exe --dont-print-to-structured-log --ipc --defer-dag-verification --dagfile="Library/Bee/1900b0aE.dag" --continue-on-failure --profile="Library/Bee/backend1.traceevents" ScriptAssemblies
WorkingDir: F:/Porject/TalismanBagBrawl
DisplayProgressbar: Compiling Scripts
ExitCode: 0 Duration: 0s63ms
*** Tundra build success (0.03 seconds), 0 items updated, 129 evaluated
AssetDatabase: script compilation time: 0.568533s
Begin MonoManager ReloadAssembly
- Loaded All Assemblies, in  0.218 seconds
Refreshing native plugins compatible for Editor in 0.00 ms, found 0 plugins.
Preloading 0 native plugins for Editor in 0.00 ms.
Refreshing native plugins compatible for Editor in 0.00 ms, found 0 plugins.
Native extension for WindowsStandalone target not found
Native extension for iOS target not found
Native extension for Android target not found
Native extension for WebGL target not found
Mono: successfully reloaded assembly
- Finished resetting the current domain, in  0.256 seconds
Domain Reload Profiling: 470ms
	BeginReloadAssembly (126ms)
		ExecutionOrderSort (0ms)
		DisableScriptedObjects (4ms)
		BackupInstance (0ms)
		ReleaseScriptingObjects (0ms)
		CreateAndSetChildDomain (18ms)
	RebuildCommonClasses (25ms)
	RebuildNativeTypeToScriptingClass (7ms)
	initialDomainReloadingComplete (25ms)
	LoadAllAssembliesAndSetupDomain (31ms)
		LoadAssemblies (85ms)
		RebuildTransferFunctionScriptingTraits (0ms)
		AnalyzeDomain (23ms)
			TypeCache.Refresh (19ms)
				TypeCache.ScanAssembly (12ms)
			ScanForSourceGeneratedMonoScriptInfo (1ms)
			ResolveRequiredComponents (2ms)
	FinalizeReload (257ms)
		ReleaseScriptCaches (0ms)
		RebuildScriptCaches (0ms)
		SetupLoadedEditorAssemblies (175ms)
			LogAssemblyErrors (0ms)
			InitializePlatformSupportModulesInManaged (28ms)
			SetLoadedEditorAssemblies (2ms)
			RefreshPlugins (0ms)
			BeforeProcessingInitializeOnLoad (29ms)
			ProcessInitializeOnLoadAttributes (95ms)
			ProcessInitializeOnLoadMethodAttributes (12ms)
			AfterProcessingInitializeOnLoad (8ms)
			EditorAssembliesLoaded (0ms)
		ExecutionOrderSort2 (0ms)
		AwakeInstancesAfterBackupRestoration (6ms)
Asset Pipeline Refresh (id=13a0ba7a512000c418610fd2f3bb8808): Total: 1.292 seconds - Initiated by InitialRefreshV2(ForceSynchronousImport)
	Summary:
		Imports: total=0 (actual=0, local cache=0, cache server=0)
		Asset DB Process Time: managed=0 ms, native=205 ms
		Asset DB Callback time: managed=10 ms, native=1 ms
		Scripting: domain reloads=1, domain reload time=495 ms, compile time=569 ms, other=11 ms
		Project Asset Count: scripts=597, non-scripts=171
		Asset File Changes: new=0, changed=0, moved=0, deleted=0
		Scan Filter Count: 0
	InvokeBeforeRefreshCallbacks: 1.226ms
	ApplyChangesToAssetFolders: 0.031ms
	Scan: 31.965ms
	OnSourceAssetsModified: 0.001ms
	GetAllGuidsForCategorization: 0.074ms
	CategorizeAssets: 6.127ms
	ImportOutOfDateAssets: 259.555ms (-311.408ms without children)
		CompileScripts: 568.632ms
		ReloadNativeAssets: 0.001ms
		UnloadImportedAssets: 2.046ms
		EnsureUptoDateAssetsAreRegisteredWithGuidPM: 0.118ms
		InitializingProgressBar: 0.000ms
		PostProcessAllAssetNotificationsAddChangedAssets: 0.001ms
		OnDemandSchedulerStart: 0.165ms
	PostProcessAllAssets: 10.999ms
	GatherAllCurrentPrimaryArtifactRevisions: 0.001ms
	UnloadStreamsBegin: 0.262ms
	PersistCurrentRevisions: 0.023ms
	UnloadStreamsEnd: 0.004ms
	GenerateScriptTypeHashes: 0.495ms
	Untracked: 982.222ms
Application.AssetDatabase Initial Refresh End
Launched and connected shader compiler UnityShaderCompiler.exe after 0.04 seconds
Scanning for USB devices : 0.775ms
Initializing Unity extensions:
[Licensing::Client] Successfully resolved entitlement details
[MODES] ModeService[none].Initialize
[MODES] ModeService[none].LoadModes
[MODES] Loading mode Default (0) for mode-current-id-TalismanBagPrototype
[PhysX] Initialized MultithreadedTaskDispatcher with 20 workers.
ProgressiveSceneManager::Cancel()
Unloading 3 Unused Serialized files (Serialized files now loaded: 0)
Unloading 14 unused Assets / (469.7 KB). Loaded Objects now: 904.
Memory consumption went from 84.7 MB to 84.3 MB.
Total: 2.306200 ms (FindLiveObjects: 0.064600 ms CreateObjectMapping: 0.009700 ms MarkObjects: 2.063200 ms  DeleteObjects: 0.167300 ms)

[StageConfigPanel01][Task07] SMOKE_SUCCESS bosses=2, validation=15
UnityEngine.StackTraceUtility:ExtractStackTrace ()
UnityEngine.DebugLogHandler:LogFormat (UnityEngine.LogType,UnityEngine.Object,string,object[])
UnityEngine.Logger:Log (UnityEngine.LogType,object)
UnityEngine.Debug:Log (object)
TalismanBag.V02.Config.EditorTools.Task07BossConfigMigration:VerifyBatch () (at Assets/_Game/Scripts/TalismanBag/V02/Config/Editor/Task07BossConfigMigration.cs:65)

(Filename: Assets/_Game/Scripts/TalismanBag/V02/Config/Editor/Task07BossConfigMigration.cs Line: 65)

Batchmode quit successfully invoked - shutting down!
Curl error 42: Callback aborted
Killing ADB server in 0.05505 seconds.
[PhysX] Initialized MultithreadedTaskDispatcher with 20 workers.
[Licensing::IpcConnector] License Notification channel disconnected successfully.
[Licensing::IpcConnector] License Client channel disconnected successfully.
Cleanup mono
[Performance] WinEditorMain                                                                                                  :        1 samples, Peak.  1.23 s (1.0x), Avg.  1.23 s, Total. 1.232 s (14.3%)
[Performance] WinEditorMain.ConfigureCrashHandler                                                                            :        1 samples, Peak.  27.0 us (1.0x), Avg.  27.0 us, Total. 27.00 us (0.0%)
[Performance] WinEditorMain.CurlRequestInitialize                                                                            :        1 samples, Peak.   733 us (1.0x), Avg.   733 us, Total. 732.6 us (0.0%)
[Performance] WinEditorMain.SetupLogFile                                                                                     :        1 samples, Peak.   442 us (1.0x), Avg.   442 us, Total. 441.6 us (0.0%)
[Performance] WinEditorMain.RunNativeTestsIfRequiredAndExit                                                                  :        1 samples, Peak.   100 ns (1.0x), Avg.   100 ns, Total. 100.0 ns (0.0%)
[Performance] WinEditorMain.Licensing                                                                                        :        1 samples, Peak.  1.21 s (1.0x), Avg.  1.21 s, Total. 1.214 s (14.1%)
[Performance] WinEditorMain.InitializeCrashHandler                                                                           :        1 samples, Peak.  13.3 ms (1.0x), Avg.  13.3 ms, Total. 13.26 ms (0.2%)
[Performance] WinEditorMain.CreateApplication                                                                                :        1 samples, Peak.   348 us (1.0x), Avg.   348 us, Total. 347.5 us (0.0%)
[Performance] Application.InitializeProject                                                                                  :        1 samples, Peak.  6.85 s (1.0x), Avg.  6.85 s, Total. 6.851 s (79.5%)
[Performance] Application.PackageManager.StartServer                                                                         :        1 samples, Peak.  6.10 ms (1.0x), Avg.  6.10 ms, Total. 6.105 ms (0.1%)
[Performance] Application.AcquireProjectLock                                                                                 :        1 samples, Peak.  13.6 ms (1.0x), Avg.  13.6 ms, Total. 13.55 ms (0.2%)
[Performance] Application.InitializeEngineNoGraphics                                                                         :        1 samples, Peak.  58.5 ms (1.0x), Avg.  58.5 ms, Total. 58.55 ms (0.7%)
[Performance] Application.PackageManager.Initialize                                                                          :        1 samples, Peak.   310 ms (1.0x), Avg.   310 ms, Total. 310.1 ms (3.6%)
[Performance] Connecting to Package Manager                                                                                  :       32 samples, Peak.  64.6 us (18.3x), Avg.  3.53 us, Total. 113.1 us (0.0%)
[Performance] Application.EngineGraphics.Initialize                                                                          :        1 samples, Peak.  1.41 s (1.0x), Avg.  1.41 s, Total. 1.409 s (16.3%)
[Performance] Application.GI.Initialize                                                                                      :        1 samples, Peak.  4.63 ms (1.0x), Avg.  4.63 ms, Total. 4.635 ms (0.1%)
[Performance] Application.LoadAllDefaultResourcesFromEditor                                                                  :        1 samples, Peak.  2.11 ms (1.0x), Avg.  2.11 ms, Total. 2.114 ms (0.0%)
[Performance] Application.LoadMonoAssemblies                                                                                 :        1 samples, Peak.  2.87 s (1.0x), Avg.  2.87 s, Total. 2.872 s (33.3%)
[Performance] RestoreManagedReferences                                                                                       :        2 samples, Peak.  36.8 ms (2.0x), Avg.  18.4 ms, Total. 36.79 ms (0.4%)
[Performance] InitializeOnLoad PlayModeDownload                                                                              :        2 samples, Peak.  3.49 ms (1.6x), Avg.  2.14 ms, Total. 4.282 ms (0.0%)
[Performance] InitializeOnLoad DrivenRectTransformUndo                                                                       :        2 samples, Peak.   343 us (1.3x), Avg.   259 us, Total. 518.2 us (0.0%)
[Performance] InitializeOnLoad NativeFormatImporterUtility                                                                   :        2 samples, Peak.  1.75 ms (1.1x), Avg.  1.55 ms, Total. 3.099 ms (0.0%)
[Performance] InitializeOnLoad ProjectSearch                                                                                 :        2 samples, Peak.  99.6 us (1.2x), Avg.  85.8 us, Total. 171.6 us (0.0%)
[Performance] InitializeOnLoad UnityConnect                                                                                  :        2 samples, Peak.  32.9 us (1.0x), Avg.  32.9 us, Total. 65.80 us (0.0%)
[Performance] InitializeOnLoad PrefabInstanceChangedListener                                                                 :        2 samples, Peak.  92.0 us (1.0x), Avg.  88.9 us, Total. 177.8 us (0.0%)
[Performance] InitializeOnLoad MenuItems                                                                                     :        2 samples, Peak.   204 us (1.1x), Avg.   191 us, Total. 381.4 us (0.0%)
[Performance] InitializeOnLoad SettingsService                                                                               :        2 samples, Peak.  9.70 us (1.4x), Avg.  6.95 us, Total. 13.90 us (0.0%)
[Performance] InitializeOnLoad CloudBuild                                                                                    :        2 samples, Peak.  2.90 us (1.2x), Avg.  2.35 us, Total. 4.700 us (0.0%)
[Performance] InitializeOnLoad WindowLayout                                                                                  :        2 samples, Peak.  23.6 us (1.0x), Avg.  23.4 us, Total. 46.80 us (0.0%)
[Performance] InitializeOnLoad AssetStoreContext                                                                             :        2 samples, Peak.  18.5 ms (1.7x), Avg.  10.8 ms, Total. 21.67 ms (0.3%)
[Performance] InitializeOnLoad MixerEffectDefinitionReloader                                                                 :        2 samples, Peak.  2.64 ms (1.4x), Avg.  1.91 ms, Total. 3.816 ms (0.0%)
[Performance] InitializeOnLoad ObjectSelectorSearch                                                                          :        2 samples, Peak.  43.5 us (1.1x), Avg.  40.5 us, Total. 81.00 us (0.0%)
[Performance] InitializeOnLoad ManagedDebugger                                                                               :        2 samples, Peak.   698 us (1.3x), Avg.   542 us, Total. 1.085 ms (0.0%)
[Performance] InitializeOnLoad EditMode                                                                                      :        2 samples, Peak.   301 us (1.1x), Avg.   286 us, Total. 571.3 us (0.0%)
[Performance] InitializeOnLoad ShortcutIntegration                                                                           :        2 samples, Peak.  39.9 us (1.0x), Avg.  39.0 us, Total. 78.10 us (0.0%)
[Performance] InitializeOnLoad SceneSearch                                                                                   :        2 samples, Peak.  37.9 us (1.3x), Avg.  29.2 us, Total. 58.40 us (0.0%)
[Performance] InitializeOnLoad ManagedDebuggerWindow                                                                         :        2 samples, Peak.   110 us (1.1x), Avg.  96.6 us, Total. 193.1 us (0.0%)
[Performance] InitializeOnLoad CacheServerWindow                                                                             :        2 samples, Peak.  7.70 us (1.2x), Avg.  6.45 us, Total. 12.90 us (0.0%)
[Performance] InitializeOnLoad SearchService                                                                                 :        2 samples, Peak.  78.1 us (1.1x), Avg.  71.7 us, Total. 143.4 us (0.0%)
[Performance] InitializeOnLoad AddComponentWindow                                                                            :        2 samples, Peak.  70.6 us (1.1x), Avg.  65.0 us, Total. 129.9 us (0.0%)
[Performance] InitializeOnLoad UISystemProfilerRenderService                                                                 :        2 samples, Peak.  5.60 us (1.1x), Avg.  4.90 us, Total. 9.800 us (0.0%)
[Performance] InitializeOnLoad EditorMonitor                                                                                 :        2 samples, Peak.   492 us (1.2x), Avg.   398 us, Total. 796.5 us (0.0%)
[Performance] InitializeOnLoad RetainedMode                                                                                  :        2 samples, Peak.  1.77 ms (1.1x), Avg.  1.65 ms, Total. 3.309 ms (0.0%)
[Performance] InitializeOnLoad EditorShaderLoader                                                                            :        2 samples, Peak.   474 us (1.0x), Avg.   465 us, Total. 929.4 us (0.0%)
[Performance] InitializeOnLoad EditorDelegateRegistration                                                                    :        2 samples, Peak.   332 us (1.1x), Avg.   314 us, Total. 628.9 us (0.0%)
[Performance] InitializeOnLoad UIDocumentHierarchyWatcher                                                                    :        2 samples, Peak.  46.5 us (1.0x), Avg.  45.8 us, Total. 91.60 us (0.0%)
[Performance] InitializeOnLoad LiveReloadTrackerCreator                                                                      :        2 samples, Peak.   156 us (1.3x), Avg.   120 us, Total. 239.0 us (0.0%)
[Performance] InitializeOnLoad UxmlObjectEditorFactories                                                                     :        2 samples, Peak.   386 us (1.1x), Avg.   345 us, Total. 689.5 us (0.0%)
[Performance] InitializeOnLoad UXMLEditorFactories                                                                           :        2 samples, Peak.  43.9 ms (1.1x), Avg.  39.8 ms, Total. 79.59 ms (0.9%)
[Performance] InitializeOnLoad PurchasingService                                                                             :        2 samples, Peak.  5.22 ms (1.0x), Avg.  5.12 ms, Total. 10.23 ms (0.1%)
[Performance] InitializeOnLoad CloudBuildPoller                                                                              :        2 samples, Peak.  78.4 us (1.0x), Avg.  78.1 us, Total. 156.3 us (0.0%)
[Performance] InitializeOnLoad EditorGameServicesAnalytics                                                                   :        2 samples, Peak.  1.21 ms (1.2x), Avg.  1.04 ms, Total. 2.077 ms (0.0%)
[Performance] InitializeOnLoad AnalyticsService                                                                              :        2 samples, Peak.   138 us (1.0x), Avg.   137 us, Total. 274.7 us (0.0%)
[Performance] InitializeOnLoad BuildService                                                                                  :        2 samples, Peak.   102 us (1.0x), Avg.   100 us, Total. 200.0 us (0.0%)
[Performance] InitializeOnLoad AdsService                                                                                    :        2 samples, Peak.   268 us (1.0x), Avg.   266 us, Total. 531.0 us (0.0%)
[Performance] InitializeOnLoad UDPService                                                                                    :        2 samples, Peak.  97.5 us (1.0x), Avg.  96.1 us, Total. 192.1 us (0.0%)
[Performance] InitializeOnLoad CrashService                                                                                  :        2 samples, Peak.  90.9 us (1.0x), Avg.  88.8 us, Total. 177.5 us (0.0%)
[Performance] InitializeOnLoad ServicesRepository                                                                            :        2 samples, Peak.   300 ns (1.0x), Avg.   300 ns, Total. 600.0 ns (0.0%)
[Performance] InitializeOnLoad SearchWindow                                                                                  :        2 samples, Peak.  95.8 us (1.1x), Avg.  85.2 us, Total. 170.4 us (0.0%)
[Performance] InitializeOnLoad CustomIndexers                                                                                :        2 samples, Peak.  13.6 ms (1.1x), Avg.  13.0 ms, Total. 25.93 ms (0.3%)
[Performance] InitializeOnLoad SearchMonitor                                                                                 :        2 samples, Peak.   698 us (1.0x), Avg.   671 us, Total. 1.342 ms (0.0%)
[Performance] InitializeOnLoad ParameterControllerEditor                                                                     :        2 samples, Peak.  14.0 us (1.1x), Avg.  13.2 us, Total. 26.30 us (0.0%)
[Performance] InitializeOnLoad LayerSettingsWindow                                                                           :        2 samples, Peak.  16.7 us (1.6x), Avg.  10.3 us, Total. 20.70 us (0.0%)
[Performance] InitializeOnLoad PackageManagerHookGUIDConverter.RegisterPackagesEventHandler                                  :        2 samples, Peak.   611 us (1.7x), Avg.   356 us, Total. 712.1 us (0.0%)
[Performance] InitializeOnLoad EditorDragAndDrop.RegisterEditorClient                                                        :        2 samples, Peak.   153 us (1.0x), Avg.   148 us, Total. 296.9 us (0.0%)
[Performance] InitializeOnLoad EditorEventCallbacks.InitializeFontAssetResourceChangeCallBacks                               :        2 samples, Peak.   871 us (1.1x), Avg.   818 us, Total. 1.636 ms (0.0%)
[Performance] InitializeOnLoad SceneTemplateService.Init                                                                     :        2 samples, Peak.  1.01 ms (1.1x), Avg.   904 us, Total. 1.808 ms (0.0%)
[Performance] InitializeOnLoad DiagnosticSwitchesConsoleMessage.Init                                                         :        2 samples, Peak.  5.62 ms (1.8x), Avg.  3.18 ms, Total. 6.357 ms (0.1%)
[Performance] InitializeOnLoad RectSelection.RegisterShortcutContext                                                         :        2 samples, Peak.   156 us (1.0x), Avg.   151 us, Total. 301.4 us (0.0%)
[Performance] InitializeOnLoad SysrootManager.Initialize                                                                     :        2 samples, Peak.  10.6 us (1.2x), Avg.  9.20 us, Total. 18.40 us (0.0%)
[Performance] InitializeOnLoad SceneVisibilityManager.Initialize                                                             :        2 samples, Peak.  2.45 ms (1.6x), Avg.  1.53 ms, Total. 3.062 ms (0.0%)
[Performance] InitializeOnLoad AssetPostprocessingInternal.RefreshCustomDependencies                                         :        2 samples, Peak.  2.27 ms (1.2x), Avg.  1.98 ms, Total. 3.952 ms (0.0%)
[Performance] InitializeOnLoad MemoryProfilerCompilationGuard.InjectCompileGuard                                             :        2 samples, Peak.   178 us (1.1x), Avg.   156 us, Total. 311.2 us (0.0%)
[Performance] InitializeOnLoad SceneViewMotion.RegisterShortcutContexts                                                      :        2 samples, Peak.   145 us (1.2x), Avg.   124 us, Total. 247.2 us (0.0%)
[Performance] InitializeOnLoad EditorWindow.Initialize                                                                       :        2 samples, Peak.   169 us (1.1x), Avg.   159 us, Total. 317.7 us (0.0%)
[Performance] InitializeOnLoad ScopedRegistryAddedPopup.SubscribeToRegistriesAdded                                           :        2 samples, Peak.  19.2 ms (1.6x), Avg.  12.1 ms, Total. 24.15 ms (0.3%)
[Performance] InitializeOnLoad ToolShortcutContext.Init                                                                      :        2 samples, Peak.   110 us (1.1x), Avg.   102 us, Total. 204.9 us (0.0%)
[Performance] InitializeOnLoad PackageManagerWindow.EditorInitializedInSafeMode                                              :        2 samples, Peak.   143 us (1.1x), Avg.   128 us, Total. 256.4 us (0.0%)
[Performance] AssemblyReloadEvents.afterAssemblyReload: UnityEditor.SceneTemplate.SceneTemplateService.AfterAssemblyReload   :        2 samples, Peak.  2.73 ms (1.8x), Avg.  1.48 ms, Total. 2.965 ms (0.0%)
[Performance] ProcessService.EditorAfterLoadAllAssemblies                                                                    :        2 samples, Peak.   355 us (1.3x), Avg.   280 us, Total. 559.6 us (0.0%)
[Performance] Application.ReadLicenseInfo                                                                                    :        1 samples, Peak.  15.8 ms (1.0x), Avg.  15.8 ms, Total. 15.85 ms (0.2%)
[Performance] Application.InitialRefresh                                                                                     :        1 samples, Peak.  1.29 s (1.0x), Avg.  1.29 s, Total. 1.294 s (15.0%)
[Performance] Compiling Scripts                                                                                              :        1 samples, Peak.   569 ms (1.0x), Avg.   569 ms, Total. 568.6 ms (6.6%)
[Performance] AssemblyReloadEvents.beforeAssemblyReload: UnityEditor.SceneTemplate.SceneTemplateService.BeforeAssemblyReload :        1 samples, Peak.   336 us (1.0x), Avg.   336 us, Total. 335.9 us (0.0%)
[Performance] InitializeOnLoad PrefabLayoutRebuilder                                                                         :        1 samples, Peak.   178 us (1.0x), Avg.   178 us, Total. 178.2 us (0.0%)
[Performance] InitializeOnLoad MobilePortraitLayoutRuntimeFix.ApplyInEditorAfterScriptsReload                                :        1 samples, Peak.   564 us (1.0x), Avg.   564 us, Total. 564.4 us (0.0%)
[Performance] DidReloadScriptsAdvancedDropdownWindow.OnScriptReload                                                          :        1 samples, Peak.   149 us (1.0x), Avg.   149 us, Total. 148.7 us (0.0%)
[Performance] SyncVS.PostprocessSyncProject                                                                                  :        1 samples, Peak.  1.84 ms (1.0x), Avg.  1.84 ms, Total. 1.841 ms (0.0%)
[Performance] Application.ImportPackagesAndSetTemplateWhenCreatingProject                                                    :        1 samples, Peak.  10.8 ms (1.0x), Avg.  10.8 ms, Total. 10.80 ms (0.1%)
[Performance] Application.SyncCurrentColorSpace                                                                              :        1 samples, Peak.  76.0 ms (1.0x), Avg.  76.0 ms, Total. 75.97 ms (0.9%)
[Performance] Application.OnUsbDevicesChanged                                                                                :        1 samples, Peak.   829 us (1.0x), Avg.   829 us, Total. 829.2 us (0.0%)
[Performance] Application.AssetInstanceCacheUpdate                                                                           :        1 samples, Peak.   200 ns (1.0x), Avg.   200 ns, Total. 200.0 ns (0.0%)
[Performance] Application.UnityExtensions.Initialize                                                                         :        1 samples, Peak.   574 us (1.0x), Avg.   574 us, Total. 573.7 us (0.0%)
[Performance] CodeEditorProjectSync.SyncEditorProject                                                                        :        1 samples, Peak.  97.4 us (1.0x), Avg.  97.4 us, Total. 97.40 us (0.0%)
[Performance] Application.ExecuteStartups                                                                                    :        1 samples, Peak.  46.7 ms (1.0x), Avg.  46.7 ms, Total. 46.74 ms (0.5%)
[Performance] Menu.RegisterMenuInterface                                                                                     :       26 samples, Peak.   500 ns (4.5x), Avg.   112 ns, Total. 2.900 us (0.0%)
[Performance] Gizmo.RebuildRenderers                                                                                         :        1 samples, Peak.  46.5 ms (1.0x), Avg.  46.5 ms, Total. 46.54 ms (0.5%)
[Performance] Gizmo.AddGizmoRenderers                                                                                        :       30 samples, Peak.  1.36 ms (20.8x), Avg.  65.5 us, Total. 1.964 ms (0.0%)
[Performance] Application.editorInitializingProject                                                                          :        1 samples, Peak.   418 ms (1.0x), Avg.   418 ms, Total. 418.0 ms (4.9%)
[Performance] Application.InitializeMenu                                                                                     :        1 samples, Peak.  37.5 ms (1.0x), Avg.  37.5 ms, Total. 37.53 ms (0.4%)
[Performance] Menu.RebuildAll                                                                                                :        1 samples, Peak.  37.5 ms (1.0x), Avg.  37.5 ms, Total. 37.52 ms (0.4%)
[Performance] Menu.BuildRegisteredMenuInterfaces                                                                             :        1 samples, Peak.  35.8 ms (1.0x), Avg.  35.8 ms, Total. 35.81 ms (0.4%)
[Performance] Menu.FilterMenuItem                                                                                            :      601 samples, Peak.  13.9 ms (593.9x), Avg.  23.3 us, Total. 14.02 ms (0.2%)
[Performance] UpdateAllMenus                                                                                                 :        1 samples, Peak.   448 us (1.0x), Avg.   448 us, Total. 448.1 us (0.0%)
[Performance] Menu.RebuildOSMainMenu                                                                                         :        1 samples, Peak.  1.09 ms (1.0x), Avg.  1.09 ms, Total. 1.085 ms (0.0%)
[Performance] EditorSceneManager.sceneClosing: UnityEditor.SceneVisibilityManager.EditorSceneManagerOnSceneClosing           :        1 samples, Peak.   231 us (1.0x), Avg.   231 us, Total. 230.7 us (0.0%)
[Performance] GUIView.RepaintAll.PlayerLoopController                                                                        :        1 samples, Peak.  1.30 us (1.0x), Avg.  1.30 us, Total. 1.300 us (0.0%)
[Performance] EditorSceneManager.newSceneCreated: UnityEditor.SceneTemplate.SceneTemplateService.OnNewSceneCreated           :        1 samples, Peak.   229 us (1.0x), Avg.   229 us, Total. 229.0 us (0.0%)
[Performance] EditorSceneManager.newSceneCreated: UnityEditor.SceneVisibilityManager.EditorSceneManagerOnNewSceneCreated     :        1 samples, Peak.   143 us (1.0x), Avg.   143 us, Total. 143.2 us (0.0%)
[Performance] EditorSceneManager.newSceneCreated: UnityEditor.SceneManagement.StageNavigationManager.OnNewSceneCreated       :        1 samples, Peak.  45.0 us (1.0x), Avg.  45.0 us, Total. 45.00 us (0.0%)
[Performance] Application.InvokeFinishedLoadingProject                                                                       :        1 samples, Peak.  1.14 ms (1.0x), Avg.  1.14 ms, Total. 1.141 ms (0.0%)
[Performance] ProcessService.OnProjectLoaded                                                                                 :        1 samples, Peak.  33.6 us (1.0x), Avg.  33.6 us, Total. 33.60 us (0.0%)
[Performance] VersionControl.Task.Wait                                                                                       :        1 samples, Peak.  8.90 us (1.0x), Avg.  8.90 us, Total. 8.900 us (0.0%)
[Performance] EditorApplication.quitting: callback in UnityEditor.TextCore.Text.EditorEventCallbacks                         :        1 samples, Peak.  1.42 ms (1.0x), Avg.  1.42 ms, Total. 1.424 ms (0.0%)
[Performance] Killing ADB server                                                                                             :        1 samples, Peak.  57.1 ms (1.0x), Avg.  57.1 ms, Total. 57.14 ms (0.7%)
[Performance] Application.Shutdown.PauseProfilerSession                                                                      :        1 samples, Peak.  23.3 us (1.0x), Avg.  23.3 us, Total. 23.30 us (0.0%)
[Performance] Application.Shutdown.PauseAssetImportWorkers                                                                   :        1 samples, Peak.   260 us (1.0x), Avg.   260 us, Total. 260.2 us (0.0%)
[Performance] Application.Shutdown.SaveAssets                                                                                :        1 samples, Peak.  9.39 ms (1.0x), Avg.  9.39 ms, Total. 9.386 ms (0.1%)
[Performance] BuilderAssetModificationProcessor.OnWillSaveAssets                                                             :        1 samples, Peak.   676 us (1.0x), Avg.   676 us, Total. 675.9 us (0.0%)
[Performance] TerrainModificationProcessor.OnWillSaveAssets                                                                  :        1 samples, Peak.   464 us (1.0x), Avg.   464 us, Total. 463.5 us (0.0%)
[Performance] AssetDatabase.ImportAssets                                                                                     :        2 samples, Peak.  1.00 us (1.8x), Avg.   550 ns, Total. 1.100 us (0.0%)
[Performance] Application.Shutdown.CleanupRenderPipeline                                                                     :        1 samples, Peak.  5.30 us (1.0x), Avg.  5.30 us, Total. 5.300 us (0.0%)
[Performance] Application.Shutdown.StopPreloadManager                                                                        :        1 samples, Peak.  9.85 ms (1.0x), Avg.  9.85 ms, Total. 9.848 ms (0.1%)
[Performance] Application.Shutdown.DestroyWorld                                                                              :        1 samples, Peak.   322 us (1.0x), Avg.   322 us, Total. 322.3 us (0.0%)
[Performance] Application.Shutdown.CleanupAfterLoad                                                                          :        1 samples, Peak.  1.67 ms (1.0x), Avg.  1.67 ms, Total. 1.667 ms (0.0%)
[Performance] Application.Shutdown.Progress                                                                                  :        1 samples, Peak.  5.60 us (1.0x), Avg.  5.60 us, Total. 5.600 us (0.0%)
[Performance] Application.Shutdown.GICleanupManagers                                                                         :        1 samples, Peak.   895 us (1.0x), Avg.   895 us, Total. 894.8 us (0.0%)
[Performance] Application.Shutdown.MenuCleanupClass                                                                          :        1 samples, Peak.   126 us (1.0x), Avg.   126 us, Total. 126.4 us (0.0%)
[Performance] Application.Shutdown.ADBSaveStateBeforeShutdown                                                                :        1 samples, Peak.  7.40 us (1.0x), Avg.  7.40 us, Total. 7.400 us (0.0%)
[Performance] Application.Shutdown.RemoteShutdown                                                                            :        1 samples, Peak.   800 ns (1.0x), Avg.   800 ns, Total. 800.0 ns (0.0%)
[Performance] Application.Shutdown.CleanupVCProvider                                                                         :        1 samples, Peak.  9.50 us (1.0x), Avg.  9.50 us, Total. 9.500 us (0.0%)
[Performance] Application.Shutdown.InputShutdown                                                                             :        1 samples, Peak.   600 ns (1.0x), Avg.   600 ns, Total. 600.0 ns (0.0%)
[Performance] Application.Shutdown.GizmoManagerDestroy                                                                       :        1 samples, Peak.   914 us (1.0x), Avg.   914 us, Total. 914.0 us (0.0%)
[Performance] Application.Shutdown.ProfilerSession                                                                           :        1 samples, Peak.   259 us (1.0x), Avg.   259 us, Total. 258.9 us (0.0%)
[Performance] Application.Shutdown.ReleaseGfxWindowOnAllGUIViews                                                             :        1 samples, Peak.   300 ns (1.0x), Avg.   300 ns, Total. 300.0 ns (0.0%)
[Performance] Application.Shutdown.CleanupEngine                                                                             :        1 samples, Peak.   171 ms (1.0x), Avg.   171 ms, Total. 170.9 ms (2.0%)
[Performance] Application.Shutdown.CleanupAssetDatabase                                                                      :        1 samples, Peak.  4.80 ms (1.0x), Avg.  4.80 ms, Total. 4.803 ms (0.1%)
[Performance] Application.Shutdown.ScriptCompilationCleanUp                                                                  :        1 samples, Peak.  30.1 ms (1.0x), Avg.  30.1 ms, Total. 30.11 ms (0.3%)
[Performance] Application.Shutdown.DestroyJobSystem                                                                          :        1 samples, Peak.   115 us (1.0x), Avg.   115 us, Total. 114.5 us (0.0%)
[Performance] Application.Shutdown.CleanupPersistentManager                                                                  :        1 samples, Peak.   302 us (1.0x), Avg.   302 us, Total. 301.5 us (0.0%)
[Performance] Application.Shutdown.CleanupAsyncReadManager                                                                   :        1 samples, Peak.   346 us (1.0x), Avg.   346 us, Total. 345.6 us (0.0%)
[Performance] Application.Shutdown.CleanupProgressBar                                                                        :        1 samples, Peak.   300 ns (1.0x), Avg.   300 ns, Total. 300.0 ns (0.0%)
[Performance] Application.Shutdown.CleanupMono                                                                               :        1 samples, Peak.  27.1 ms (1.0x), Avg.  27.1 ms, Total. 27.09 ms (0.3%)
[Performance] Application.Shutdown.CleanupStdConverters                                                                      :        1 samples, Peak.  7.00 us (1.0x), Avg.  7.00 us, Total. 7.000 us (0.0%)
[Performance] Application.Shutdown.UnloadAllPlatformSupportModuleNativeDlls                                                  :        1 samples, Peak.   400 ns (1.0x), Avg.   400 ns, Total. 400.0 ns (0.0%)
[Performance] Application.Shutdown.UnloadAllPlatformSupportNativeLibraries                                                   :        1 samples, Peak.   890 us (1.0x), Avg.   890 us, Total. 890.5 us (0.0%)
[Performance] Application.Shutdown.CleanupAutoDocumentation                                                                  :        1 samples, Peak.   286 us (1.0x), Avg.   286 us, Total. 286.0 us (0.0%)
[Performance] Application.Shutdown.ShaderNameManagerDestroy                                                                  :        1 samples, Peak.  48.4 us (1.0x), Avg.  48.4 us, Total. 48.40 us (0.0%)
[Performance] Application.Shutdown.CleanupCacheServer                                                                        :        1 samples, Peak.   300 ns (1.0x), Avg.   300 ns, Total. 300.0 ns (0.0%)
[Performance] Application.Shutdown.Virtualization_Shutdown                                                                   :        1 samples, Peak.   300 ns (1.0x), Avg.   300 ns, Total. 300.0 ns (0.0%)
[Performance] Application.Shutdown.DevConnections                                                                            :        1 samples, Peak.   179 us (1.0x), Avg.   179 us, Total. 179.1 us (0.0%)
Exiting batchmode successfully now!
Exiting without the bug reporter. Application will terminate with return code 0